{"/Users/sunshine/Desktop/vc-trade/vue-user-profile-search/src/App.vue": {"path":"/Users/sunshine/Desktop/vc-trade/vue-user-profile-search/src/App.vue","statementMap":{"0":{"start":{"line":2,"column":0},"end":{"line":2,"column":62}},"1":{"start":{"line":3,"column":0},"end":{"line":3,"column":24}},"2":{"start":{"line":4,"column":12},"end":{"line":4,"column":26}},"3":{"start":{"line":6,"column":33},"end":{"line":6,"column":75}},"4":{"start":{"line":7,"column":4},"end":{"line":7,"column":84}},"5":{"start":{"line":9,"column":0},"end":{"line":9,"column":24}},"6":{"start":{"line":10,"column":1},"end":{"line":10,"column":48}}},"fnMap":{"0":{"name":"render","decl":{"start":{"line":5,"column":9},"end":{"line":5,"column":15}},"loc":{"start":{"line":5,"column":30},"end":{"line":8,"column":1}},"line":5}},"branchMap":{},"s":{"0":0,"1":0,"2":0,"3":0,"4":0,"5":0,"6":0},"f":{"0":0},"b":{},"inputSourceMap":{"0":"{","1":"\"","2":"v","3":"e","4":"r","5":"s","6":"i","7":"o","8":"n","9":"\"","10":":","11":"3","12":",","13":"\"","14":"s","15":"o","16":"u","17":"r","18":"c","19":"e","20":"s","21":"\"","22":":","23":"[","24":"]","25":",","26":"\"","27":"n","28":"a","29":"m","30":"e","31":"s","32":"\"","33":":","34":"[","35":"]","36":",","37":"\"","38":"m","39":"a","40":"p","41":"p","42":"i","43":"n","44":"g","45":"s","46":"\"","47":":","48":"\"","49":"\"","50":",","51":"\"","52":"f","53":"i","54":"l","55":"e","56":"\"","57":":","58":"\"","59":"/","60":"U","61":"s","62":"e","63":"r","64":"s","65":"/","66":"s","67":"u","68":"n","69":"s","70":"h","71":"i","72":"n","73":"e","74":"/","75":"D","76":"e","77":"s","78":"k","79":"t","80":"o","81":"p","82":"/","83":"v","84":"c","85":"-","86":"t","87":"r","88":"a","89":"d","90":"e","91":"/","92":"v","93":"u","94":"e","95":"-","96":"u","97":"s","98":"e","99":"r","100":"-","101":"p","102":"r","103":"o","104":"f","105":"i","106":"l","107":"e","108":"-","109":"s","110":"e","111":"a","112":"r","113":"c","114":"h","115":"/","116":"s","117":"r","118":"c","119":"/","120":"A","121":"p","122":"p","123":".","124":"v","125":"u","126":"e","127":"\"","128":"}"}}
,"/Users/sunshine/Desktop/vc-trade/vue-user-profile-search/src/components/SearchBar.vue": {"path":"/Users/sunshine/Desktop/vc-trade/vue-user-profile-search/src/components/SearchBar.vue","statementMap":{"0":{"start":{"line":3,"column":0},"end":{"line":5,"column":3}},"1":{"start":{"line":6,"column":12},"end":{"line":6,"column":26}},"2":{"start":{"line":7,"column":13},"end":{"line":7,"column":28}},"3":{"start":{"line":8,"column":0},"end":{"line":90,"column":3}},"4":{"start":{"line":11,"column":15},"end":{"line":11,"column":22}},"5":{"start":{"line":12,"column":16},"end":{"line":12,"column":38}},"6":{"start":{"line":13,"column":15},"end":{"line":13,"column":36}},"7":{"start":{"line":14,"column":18},"end":{"line":23,"column":7}},"8":{"start":{"line":24,"column":17},"end":{"line":32,"column":6}},"9":{"start":{"line":26,"column":8},"end":{"line":26,"column":39}},"10":{"start":{"line":29,"column":8},"end":{"line":29,"column":46}},"11":{"start":{"line":30,"column":8},"end":{"line":30,"column":37}},"12":{"start":{"line":33,"column":17},"end":{"line":41,"column":6}},"13":{"start":{"line":35,"column":8},"end":{"line":35,"column":34}},"14":{"start":{"line":38,"column":8},"end":{"line":38,"column":41}},"15":{"start":{"line":39,"column":8},"end":{"line":39,"column":37}},"16":{"start":{"line":42,"column":23},"end":{"line":44,"column":5}},"17":{"start":{"line":43,"column":6},"end":{"line":43,"column":42}},"18":{"start":{"line":45,"column":23},"end":{"line":47,"column":5}},"19":{"start":{"line":46,"column":6},"end":{"line":46,"column":42}},"20":{"start":{"line":49,"column":23},"end":{"line":53,"column":5}},"21":{"start":{"line":50,"column":6},"end":{"line":50,"column":39}},"22":{"start":{"line":51,"column":6},"end":{"line":51,"column":35}},"23":{"start":{"line":52,"column":6},"end":{"line":52,"column":25}},"24":{"start":{"line":54,"column":29},"end":{"line":59,"column":6}},"25":{"start":{"line":55,"column":19},"end":{"line":57,"column":8}},"26":{"start":{"line":56,"column":8},"end":{"line":56,"column":42}},"27":{"start":{"line":58,"column":6},"end":{"line":58,"column":39}},"28":{"start":{"line":61,"column":24},"end":{"line":66,"column":5}},"29":{"start":{"line":62,"column":19},"end":{"line":62,"column":31}},"30":{"start":{"line":63,"column":6},"end":{"line":65,"column":7}},"31":{"start":{"line":64,"column":8},"end":{"line":64,"column":27}},"32":{"start":{"line":67,"column":4},"end":{"line":69,"column":7}},"33":{"start":{"line":68,"column":6},"end":{"line":68,"column":54}},"34":{"start":{"line":70,"column":4},"end":{"line":72,"column":7}},"35":{"start":{"line":71,"column":6},"end":{"line":71,"column":57}},"36":{"start":{"line":73,"column":4},"end":{"line":83,"column":6}},"37":{"start":{"line":86,"column":4},"end":{"line":88,"column":6}},"38":{"start":{"line":91,"column":0},"end":{"line":91,"column":13}},"39":{"start":{"line":92,"column":0},"end":{"line":92,"column":62}},"40":{"start":{"line":93,"column":0},"end":{"line":93,"column":24}},"41":{"start":{"line":94,"column":12},"end":{"line":94,"column":26}},"42":{"start":{"line":95,"column":17},"end":{"line":95,"column":40}},"43":{"start":{"line":96,"column":17},"end":{"line":96,"column":57}},"44":{"start":{"line":97,"column":17},"end":{"line":97,"column":41}},"45":{"start":{"line":98,"column":17},"end":{"line":98,"column":45}},"46":{"start":{"line":99,"column":17},"end":{"line":99,"column":40}},"47":{"start":{"line":100,"column":17},"end":{"line":100,"column":38}},"48":{"start":{"line":101,"column":17},"end":{"line":101,"column":37}},"49":{"start":{"line":102,"column":17},"end":{"line":102,"column":28}},"50":{"start":{"line":104,"column":39},"end":{"line":104,"column":87}},"51":{"start":{"line":105,"column":4},"end":{"line":153,"column":8}},"52":{"start":{"line":112,"column":85},"end":{"line":112,"column":117}},"53":{"start":{"line":118,"column":35},"end":{"line":118,"column":37}},"54":{"start":{"line":119,"column":24},"end":{"line":121,"column":25}},"55":{"start":{"line":119,"column":38},"end":{"line":119,"column":39}},"56":{"start":{"line":120,"column":28},"end":{"line":120,"column":53}},"57":{"start":{"line":122,"column":24},"end":{"line":122,"column":90}},"58":{"start":{"line":130,"column":67},"end":{"line":130,"column":99}},"59":{"start":{"line":143,"column":20},"end":{"line":147,"column":98}},"60":{"start":{"line":146,"column":78},"end":{"line":146,"column":119}},"61":{"start":{"line":155,"column":0},"end":{"line":155,"column":24}},"62":{"start":{"line":156,"column":1},"end":{"line":156,"column":48}}},"fnMap":{"0":{"name":"(anonymous_0)","decl":{"start":{"line":10,"column":9},"end":{"line":10,"column":10}},"loc":{"start":{"line":10,"column":26},"end":{"line":84,"column":3}},"line":10},"1":{"name":"(anonymous_1)","decl":{"start":{"line":25,"column":11},"end":{"line":25,"column":12}},"loc":{"start":{"line":25,"column":23},"end":{"line":27,"column":7}},"line":25},"2":{"name":"(anonymous_2)","decl":{"start":{"line":28,"column":11},"end":{"line":28,"column":12}},"loc":{"start":{"line":28,"column":28},"end":{"line":31,"column":7}},"line":28},"3":{"name":"(anonymous_3)","decl":{"start":{"line":34,"column":11},"end":{"line":34,"column":12}},"loc":{"start":{"line":34,"column":23},"end":{"line":36,"column":7}},"line":34},"4":{"name":"(anonymous_4)","decl":{"start":{"line":37,"column":11},"end":{"line":37,"column":12}},"loc":{"start":{"line":37,"column":28},"end":{"line":40,"column":7}},"line":37},"5":{"name":"(anonymous_5)","decl":{"start":{"line":42,"column":23},"end":{"line":42,"column":24}},"loc":{"start":{"line":42,"column":35},"end":{"line":44,"column":5}},"line":42},"6":{"name":"(anonymous_6)","decl":{"start":{"line":45,"column":23},"end":{"line":45,"column":24}},"loc":{"start":{"line":45,"column":35},"end":{"line":47,"column":5}},"line":45},"7":{"name":"(anonymous_7)","decl":{"start":{"line":49,"column":23},"end":{"line":49,"column":24}},"loc":{"start":{"line":49,"column":40},"end":{"line":53,"column":5}},"line":49},"8":{"name":"(anonymous_8)","decl":{"start":{"line":54,"column":49},"end":{"line":54,"column":50}},"loc":{"start":{"line":54,"column":61},"end":{"line":59,"column":5}},"line":54},"9":{"name":"(anonymous_9)","decl":{"start":{"line":55,"column":38},"end":{"line":55,"column":39}},"loc":{"start":{"line":55,"column":53},"end":{"line":57,"column":7}},"line":55},"10":{"name":"(anonymous_10)","decl":{"start":{"line":61,"column":24},"end":{"line":61,"column":25}},"loc":{"start":{"line":61,"column":41},"end":{"line":66,"column":5}},"line":61},"11":{"name":"(anonymous_11)","decl":{"start":{"line":67,"column":25},"end":{"line":67,"column":26}},"loc":{"start":{"line":67,"column":37},"end":{"line":69,"column":5}},"line":67},"12":{"name":"(anonymous_12)","decl":{"start":{"line":70,"column":27},"end":{"line":70,"column":28}},"loc":{"start":{"line":70,"column":39},"end":{"line":72,"column":5}},"line":70},"13":{"name":"(anonymous_13)","decl":{"start":{"line":85,"column":8},"end":{"line":85,"column":9}},"loc":{"start":{"line":85,"column":20},"end":{"line":89,"column":3}},"line":85},"14":{"name":"render","decl":{"start":{"line":103,"column":9},"end":{"line":103,"column":15}},"loc":{"start":{"line":103,"column":30},"end":{"line":154,"column":1}},"line":103},"15":{"name":"(anonymous_15)","decl":{"start":{"line":112,"column":65},"end":{"line":112,"column":66}},"loc":{"start":{"line":112,"column":83},"end":{"line":112,"column":119}},"line":112},"16":{"name":"(anonymous_16)","decl":{"start":{"line":117,"column":20},"end":{"line":117,"column":21}},"loc":{"start":{"line":117,"column":32},"end":{"line":123,"column":21}},"line":117},"17":{"name":"(anonymous_17)","decl":{"start":{"line":130,"column":47},"end":{"line":130,"column":48}},"loc":{"start":{"line":130,"column":65},"end":{"line":130,"column":101}},"line":130},"18":{"name":"(anonymous_18)","decl":{"start":{"line":142,"column":133},"end":{"line":142,"column":134}},"loc":{"start":{"line":142,"column":151},"end":{"line":148,"column":17}},"line":142},"19":{"name":"(anonymous_19)","decl":{"start":{"line":146,"column":58},"end":{"line":146,"column":59}},"loc":{"start":{"line":146,"column":76},"end":{"line":146,"column":121}},"line":146}},"branchMap":{"0":{"loc":{"start":{"line":58,"column":13},"end":{"line":58,"column":38}},"type":"cond-expr","locations":[{"start":{"line":58,"column":22},"end":{"line":58,"column":33}},{"start":{"line":58,"column":36},"end":{"line":58,"column":38}}],"line":58},"1":{"loc":{"start":{"line":63,"column":6},"end":{"line":65,"column":7}},"type":"if","locations":[{"start":{"line":63,"column":6},"end":{"line":65,"column":7}},{"start":{},"end":{}}],"line":63},"2":{"loc":{"start":{"line":112,"column":39},"end":{"line":112,"column":120}},"type":"binary-expr","locations":[{"start":{"line":112,"column":39},"end":{"line":112,"column":48}},{"start":{"line":112,"column":53},"end":{"line":112,"column":119}}],"line":112},"3":{"loc":{"start":{"line":115,"column":25},"end":{"line":123,"column":22}},"type":"binary-expr","locations":[{"start":{"line":115,"column":25},"end":{"line":115,"column":34}},{"start":{"line":115,"column":39},"end":{"line":123,"column":21}}],"line":115},"4":{"loc":{"start":{"line":122,"column":32},"end":{"line":122,"column":88}},"type":"binary-expr","locations":[{"start":{"line":122,"column":32},"end":{"line":122,"column":49}},{"start":{"line":122,"column":53},"end":{"line":122,"column":88}}],"line":122},"5":{"loc":{"start":{"line":130,"column":21},"end":{"line":130,"column":102}},"type":"binary-expr","locations":[{"start":{"line":130,"column":21},"end":{"line":130,"column":30}},{"start":{"line":130,"column":35},"end":{"line":130,"column":101}}],"line":130}},"s":{"0":2,"1":2,"2":2,"3":2,"4":13,"5":13,"6":13,"7":13,"8":13,"9":14,"10":1,"11":1,"12":13,"13":14,"14":0,"15":0,"16":13,"17":1,"18":13,"19":0,"20":13,"21":1,"22":1,"23":1,"24":13,"25":14,"26":16,"27":14,"28":13,"29":0,"30":0,"31":0,"32":13,"33":13,"34":13,"35":0,"36":13,"37":13,"38":2,"39":2,"40":2,"41":2,"42":2,"43":2,"44":2,"45":2,"46":2,"47":2,"48":2,"49":2,"50":16,"51":16,"52":1,"53":1,"54":1,"55":1,"56":1,"57":1,"58":1,"59":48,"60":1,"61":2,"62":2},"f":{"0":13,"1":14,"2":1,"3":14,"4":0,"5":1,"6":0,"7":1,"8":14,"9":16,"10":0,"11":13,"12":0,"13":13,"14":16,"15":1,"16":1,"17":1,"18":48,"19":1},"b":{"0":[14,0],"1":[0,0],"2":[16,13],"3":[16,13],"4":[1,1],"5":[16,13]},"inputSourceMap":{"0":"{","1":"\"","2":"v","3":"e","4":"r","5":"s","6":"i","7":"o","8":"n","9":"\"","10":":","11":"3","12":",","13":"\"","14":"s","15":"o","16":"u","17":"r","18":"c","19":"e","20":"s","21":"\"","22":":","23":"[","24":"\"","25":"/","26":"U","27":"s","28":"e","29":"r","30":"s","31":"/","32":"s","33":"u","34":"n","35":"s","36":"h","37":"i","38":"n","39":"e","40":"/","41":"D","42":"e","43":"s","44":"k","45":"t","46":"o","47":"p","48":"/","49":"v","50":"c","51":"-","52":"t","53":"r","54":"a","55":"d","56":"e","57":"/","58":"v","59":"u","60":"e","61":"-","62":"u","63":"s","64":"e","65":"r","66":"-","67":"p","68":"r","69":"o","70":"f","71":"i","72":"l","73":"e","74":"-","75":"s","76":"e","77":"a","78":"r","79":"c","80":"h","81":"/","82":"s","83":"r","84":"c","85":"/","86":"c","87":"o","88":"m","89":"p","90":"o","91":"n","92":"e","93":"n","94":"t","95":"s","96":"/","97":"S","98":"e","99":"a","100":"r","101":"c","102":"h","103":"B","104":"a","105":"r","106":".","107":"v","108":"u","109":"e","110":"\"","111":"]","112":",","113":"\"","114":"n","115":"a","116":"m","117":"e","118":"s","119":"\"","120":":","121":"[","122":"]","123":",","124":"\"","125":"m","126":"a","127":"p","128":"p","129":"i","130":"n","131":"g","132":"s","133":"\"","134":":","135":"\"","136":";","137":";","138":";","139":";","140":";","141":"A","142":"A","143":"m","144":"C","145":"A","146":";","147":"A","148":"A","149":"C","150":"A","151":";","152":"A","153":"A","154":"E","155":"A","156":",","157":"k","158":"B","159":"A","160":"A","161":"e","162":",","163":"y","164":"B","165":"A","166":"A","167":"e","168":",","169":"E","170":"A","171":"A","172":"C","173":";","174":"E","175":"A","176":"C","177":"7","178":"B","179":",","180":"K","181":"A","182":"A","183":"K","184":",","185":"E","186":"A","187":"A","188":"E","189":",","190":"C","191":"A","192":"A","193":"C","194":",","195":"e","196":"A","197":"A","198":"e","199":",","200":"E","201":"A","202":"A","203":"E","204":",","205":"e","206":"A","207":"A","208":"e","209":",","210":"C","211":"A","212":"A","213":"C","214":";","215":"E","216":"A","217":"C","218":"z","219":"C","220":",","221":"K","222":"A","223":"A","224":"K","225":",","226":"E","227":"A","228":"A","229":"L","230":",","231":"U","232":"A","233":"A","234":"M","235":",","236":"C","237":"A","238":"A","239":"C","240":",","241":"E","242":"A","243":"A","244":"E","245":",","246":"E","247":"A","248":"A","249":"Q","250":";","251":"Q","252":"A","253":"A","254":"N","255":",","256":"I","257":"A","258":"A","259":"I","260":";","261":"I","262":"A","263":"C","264":"b","265":",","266":"I","267":"A","268":"A","269":"M","270":",","271":"K","272":"A","273":"A","274":"K","275":",","276":"G","277":"A","278":"A","279":"G","280":",","281":"m","282":"B","283":"A","284":"A","285":"Q","286":",","287":"G","288":"A","289":"A","290":"E","291":";","292":"I","293":"A","294":"C","295":"x","296":"B","297":",","298":"I","299":"A","300":"A","301":"M","302":",","303":"I","304":"A","305":"A","306":"I","307":",","308":"G","309":"A","310":"A","311":"G","312":",","313":"a","314":"A","315":"A","316":"G","317":",","318":"E","319":"A","320":"A","321":"U","322":",","323":"K","324":"A","325":"A","326":"K","327":",","328":"C","329":"A","330":"A","331":"C","332":";","333":"I","334":"A","335":"C","336":"h","337":"C","338":",","339":"I","340":"A","341":"A","342":"M","343":",","344":"O","345":"A","346":"A","347":"O","348":",","349":"G","350":"A","351":"A","352":"G","353":",","354":"a","355":"A","356":"A","357":"G","358":",","359":"E","360":"A","361":"A","362":"y","363":"C","364":",","365":"C","366":"A","367":"C","368":"1","369":"D","370":";","371":"M","372":"A","373":"A","374":"E","375":",","376":"I","377":"A","378":"A","379":"I","380":",","381":"E","382":"A","383":"A","384":"E","385":",","386":"K","387":"A","388":"A","389":"K","390":";","391":"M","392":"A","393":"A","394":"E","395":",","396":"K","397":"A","398":"A","399":"K","400":",","401":"E","402":"A","403":"A","404":"E","405":";","406":"I","407":"A","408":"A","409":"E","410":",","411":"C","412":"A","413":"A","414":"E","415":",","416":"E","417":"A","418":"C","419":"1","420":"B","421":";","422":"M","423":"A","424":"A","425":"E","426":",","427":"I","428":"A","429":"A","430":"I","431":",","432":"E","433":"A","434":"A","435":"E","436":",","437":"M","438":"A","439":"A","440":"M","441":";","442":"M","443":"A","444":"A","445":"E","446":",","447":"K","448":"A","449":"A","450":"K","451":",","452":"E","453":"A","454":"A","455":"E","456":";","457":"I","458":"A","459":"A","460":"M","461":",","462":"C","463":"A","464":"A","465":"E","466":",","467":"E","468":"A","469":"C","470":"/","471":"B","472":";","473":"M","474":"A","475":"A","476":"E","477":",","478":"I","479":"A","480":"A","481":"I","482":",","483":"E","484":"A","485":"A","486":"E","487":",","488":"Q","489":"A","490":"A","491":"Q","492":";","493":"M","494":"A","495":"A","496":"E","497":",","498":"K","499":"A","500":"A","501":"K","502":",","503":"E","504":"A","505":"A","506":"E","507":";","508":"I","509":"A","510":"A","511":"Q","512":",","513":"C","514":"A","515":"A","516":"E","517":",","518":"C","519":"A","520":"C","521":"p","522":"C","523":",","524":"C","525":"A","526":"A","527":"C","528":";","529":"I","530":"A","531":"E","532":"F","533":",","534":"I","535":"A","536":"A","537":"M","538":",","539":"M","540":"A","541":"A","542":"M","543":",","544":"G","545":"A","546":"A","547":"G","548":",","549":"k","550":"B","551":"A","552":"A","553":"Q","554":",","555":"E","556":"A","557":"A","558":"C","559":";","560":"M","561":"A","562":"C","563":"t","564":"B","565":",","566":"G","567":"A","568":"A","569":"G","570":",","571":"E","572":"A","573":"A","574":"E","575":";","576":"Q","577":"A","578":"A","579":"M","580":",","581":"Y","582":"A","583":"A","584":"K","585":",","586":"C","587":"A","588":"A","589":"C","590":",","591":"K","592":"A","593":"A","594":"K","595":",","596":"C","597":"A","598":"A","599":"C","600":",","601":"W","602":"A","603":"A","604":"W","605":";","606":"M","607":"A","608":"A","609":"v","610":"B","611":",","612":"C","613":"A","614":"A","615":"u","616":"B","617":";","618":"M","619":"A","620":"C","621":"l","622":"C","623":",","624":"G","625":"A","626":"A","627":"G","628":",","629":"E","630":"A","631":"A","632":"E","633":",","634":"U","635":"A","636":"A","637":"C","638":",","639":"K","640":"A","641":"A","642":"K","643":";","644":"Q","645":"A","646":"C","647":"T","648":",","649":"K","650":"A","651":"A","652":"K","653":",","654":"C","655":"A","656":"A","657":"C","658":",","659":"M","660":"A","661":"A","662":"M","663":",","664":"C","665":"A","666":"A","667":"C","668":",","669":"g","670":"B","671":"A","672":"A","673":"g","674":"B","675":",","676":"E","677":"A","678":"A","679":"E","680":",","681":"K","682":"A","683":"A","684":"K","685":",","686":"C","687":"A","688":"A","689":"C","690":";","691":"Q","692":"A","693":"C","694":"r","695":"C","696":",","697":"I","698":"A","699":"A","700":"I","701":",","702":"C","703":"A","704":"A","705":"C","706":",","707":"e","708":"A","709":"A","710":"e","711":",","712":"E","713":"A","714":"A","715":"E","716":",","717":"K","718":"A","719":"A","720":"K","721":",","722":"C","723":"A","724":"A","725":"C","726":";","727":"M","728":"A","729":"C","730":"9","731":"B","732":";","733":"K","734":"A","735":"C","736":"D","737":",","738":"C","739":"A","740":"A","741":"C","742":";","743":"I","744":"A","745":"E","746":"F","747":",","748":"I","749":"A","750":"A","751":"M","752":",","753":"M","754":"A","755":"A","756":"M","757":",","758":"G","759":"A","760":"A","761":"G","762":",","763":"k","764":"B","765":"A","766":"A","767":"Q","768":",","769":"E","770":"A","771":"A","772":"C","773":";","774":"M","775":"A","776":"C","777":"t","778":"B","779":",","780":"G","781":"A","782":"A","783":"G","784":",","785":"E","786":"A","787":"A","788":"E","789":";","790":"Q","791":"A","792":"A","793":"M","794":",","795":"Y","796":"A","797":"A","798":"K","799":",","800":"C","801":"A","802":"A","803":"C","804":",","805":"K","806":"A","807":"A","808":"K","809":",","810":"C","811":"A","812":"A","813":"C","814":",","815":"M","816":"A","817":"A","818":"M","819":";","820":"M","821":"A","822":"A","823":"l","824":"B","825":",","826":"C","827":"A","828":"A","829":"k","830":"B","831":";","832":"M","833":"A","834":"C","835":"7","836":"B","837":",","838":"G","839":"A","840":"A","841":"G","842":",","843":"E","844":"A","845":"A","846":"E","847":",","848":"U","849":"A","850":"A","851":"C","852":",","853":"K","854":"A","855":"A","856":"K","857":";","858":"Q","859":"A","860":"C","861":"T","862":",","863":"K","864":"A","865":"A","866":"K","867":",","868":"C","869":"A","870":"A","871":"C","872":",","873":"M","874":"A","875":"A","876":"M","877":",","878":"C","879":"A","880":"A","881":"C","882":",","883":"W","884":"A","885":"A","886":"W","887":",","888":"E","889":"A","890":"A","891":"E","892":",","893":"K","894":"A","895":"A","896":"K","897":",","898":"C","899":"A","900":"A","901":"C","902":";","903":"Q","904":"A","905":"C","906":"h","907":"C","908":",","909":"I","910":"A","911":"A","912":"I","913":",","914":"C","915":"A","916":"A","917":"C","918":",","919":"e","920":"A","921":"A","922":"e","923":",","924":"E","925":"A","926":"A","927":"E","928":",","929":"K","930":"A","931":"A","932":"K","933":",","934":"C","935":"A","936":"A","937":"C","938":";","939":"M","940":"A","941":"C","942":"9","943":"B","944":";","945":"K","946":"A","947":"C","948":"D","949":",","950":"C","951":"A","952":"A","953":"C","954":";","955":"I","956":"A","957":"E","958":"F","959":",","960":"I","961":"A","962":"A","963":"M","964":",","965":"Y","966":"A","967":"A","968":"Y","969":",","970":"G","971":"A","972":"A","973":"G","974":";","975":"M","976":"A","977":"C","978":"n","979":"B","980":",","981":"I","982":"A","983":"A","984":"I","985":",","986":"C","987":"A","988":"A","989":"C","990":",","991":"e","992":"A","993":"A","994":"e","995":",","996":"E","997":"A","998":"A","999":"E","1000":",","1001":"M","1002":"A","1003":"A","1004":"M","1005":",","1006":"C","1007":"A","1008":"A","1009":"C","1010":",","1011":"K","1012":"A","1013":"A","1014":"K","1015":",","1016":"C","1017":"A","1018":"A","1019":"C","1020":";","1021":"I","1022":"A","1023":"C","1024":"r","1025":"C","1026":",","1027":"C","1028":"A","1029":"A","1030":"C","1031":";","1032":"I","1033":"A","1034":"E","1035":"D","1036":",","1037":"I","1038":"A","1039":"A","1040":"M","1041":",","1042":"Y","1043":"A","1044":"A","1045":"Y","1046":",","1047":"G","1048":"A","1049":"A","1050":"G","1051":";","1052":"M","1053":"A","1054":"C","1055":"n","1056":"B","1057":",","1058":"I","1059":"A","1060":"A","1061":"I","1062":",","1063":"C","1064":"A","1065":"A","1066":"C","1067":",","1068":"e","1069":"A","1070":"A","1071":"e","1072":",","1073":"E","1074":"A","1075":"A","1076":"E","1077":",","1078":"M","1079":"A","1080":"A","1081":"M","1082":",","1083":"C","1084":"A","1085":"A","1086":"C","1087":",","1088":"K","1089":"A","1090":"A","1091":"K","1092":",","1093":"C","1094":"A","1095":"A","1096":"C","1097":";","1098":"I","1099":"A","1100":"C","1101":"r","1102":"C","1103":",","1104":"C","1105":"A","1106":"A","1107":"C","1108":";","1109":"I","1110":"A","1111":"E","1112":"D","1113":";","1114":"I","1115":"A","1116":"C","1117":"A","1118":",","1119":"I","1120":"A","1121":"A","1122":"M","1123":",","1124":"Y","1125":"A","1126":"A","1127":"Y","1128":",","1129":"G","1130":"A","1131":"A","1132":"G","1133":",","1134":"U","1135":"A","1136":"A","1137":"C","1138":",","1139":"K","1140":"A","1141":"A","1142":"a","1143":";","1144":"M","1145":"A","1146":"C","1147":"j","1148":"C","1149":",","1150":"K","1151":"A","1152":"A","1153":"K","1154":",","1155":"C","1156":"A","1157":"A","1158":"C","1159":",","1160":"M","1161":"A","1162":"A","1163":"M","1164":",","1165":"C","1166":"A","1167":"A","1168":"C","1169":",","1170":"W","1171":"A","1172":"A","1173":"W","1174":",","1175":"E","1176":"A","1177":"A","1178":"E","1179":",","1180":"K","1181":"A","1182":"A","1183":"K","1184":",","1185":"C","1186":"A","1187":"A","1188":"C","1189":";","1190":"M","1191":"A","1192":"C","1193":"h","1194":"C","1195":",","1196":"I","1197":"A","1198":"A","1199":"I","1200":",","1201":"C","1202":"A","1203":"A","1204":"C","1205":",","1206":"e","1207":"A","1208":"A","1209":"e","1210":",","1211":"E","1212":"A","1213":"A","1214":"E","1215":",","1216":"K","1217":"A","1218":"A","1219":"K","1220":",","1221":"C","1222":"A","1223":"A","1224":"C","1225":";","1226":"M","1227":"A","1228":"C","1229":"5","1230":"B","1231":",","1232":"I","1233":"A","1234":"A","1235":"I","1236":",","1237":"C","1238":"A","1239":"A","1240":"C","1241":",","1242":"K","1243":"A","1244":"A","1245":"K","1246":",","1247":"G","1248":"A","1249":"A","1250":"G","1251":",","1252":"K","1253":"A","1254":"A","1255":"K","1256":";","1257":"I","1258":"A","1259":"C","1260":"p","1261":"B","1262":",","1263":"C","1264":"A","1265":"A","1266":"C","1267":";","1268":"I","1269":"A","1270":"E","1271":"D","1272":",","1273":"I","1274":"A","1275":"A","1276":"M","1277":",","1278":"k","1279":"B","1280":"A","1281":"A","1282":"k","1283":"B","1284":",","1285":"G","1286":"A","1287":"A","1288":"G","1289":",","1290":"k","1291":"B","1292":"A","1293":"A","1294":"Q","1295":",","1296":"E","1297":"A","1298":"A","1299":"C","1300":";","1301":"M","1302":"A","1303":"C","1304":"l","1305":"C","1306":",","1307":"I","1308":"A","1309":"A","1310":"M","1311":",","1312":"M","1313":"A","1314":"A","1315":"M","1316":",","1317":"G","1318":"A","1319":"A","1320":"G","1321":",","1322":"O","1323":"A","1324":"A","1325":"O","1326":",","1327":"C","1328":"A","1329":"A","1330":"C","1331":",","1332":"K","1333":"A","1334":"A","1335":"K","1336":",","1337":"C","1338":"A","1339":"A","1340":"C","1341":",","1342":"I","1343":"A","1344":"A","1345":"I","1346":",","1347":"C","1348":"A","1349":"A","1350":"C","1351":",","1352":"U","1353":"A","1354":"A","1355":"C","1356":",","1357":"G","1358":"A","1359":"A","1360":"G","1361":";","1362":"Q","1363":"A","1364":"A","1365":"K","1366":",","1367":"U","1368":"A","1369":"A","1370":"G","1371":",","1372":"C","1373":"A","1374":"A","1375":"C","1376":",","1377":"K","1378":"A","1379":"A","1380":"K","1381":",","1382":"K","1383":"A","1384":"A","1385":"K","1386":",","1387":"M","1388":"A","1389":"A","1390":"M","1391":",","1392":"C","1393":"A","1394":"A","1395":"C","1396":",","1397":"K","1398":"A","1399":"A","1400":"K","1401":";","1402":"M","1403":"A","1404":"A","1405":"1","1406":"B","1407":",","1408":"C","1409":"A","1410":"A","1411":"0","1412":"B","1413":",","1414":"C","1415":"A","1416":"A","1417":"C","1418":";","1419":"M","1420":"A","1421":"C","1422":"t","1423":"E","1424":",","1425":"O","1426":"A","1427":"A","1428":"O","1429":",","1430":"M","1431":"A","1432":"A","1433":"M","1434":",","1435":"G","1436":"A","1437":"A","1438":"G","1439":",","1440":"M","1441":"A","1442":"A","1443":"M","1444":",","1445":"C","1446":"A","1447":"A","1448":"C","1449":",","1450":"I","1451":"A","1452":"A","1453":"I","1454":",","1455":"G","1456":"A","1457":"A","1458":"G","1459":",","1460":"E","1461":"A","1462":"A","1463":"E","1464":";","1465":"I","1466":"A","1467":"C","1468":"l","1469":"C","1470":",","1471":"C","1472":"A","1473":"A","1474":"C","1475":",","1476":"C","1477":"A","1478":"A","1479":"C","1480":";","1481":"I","1482":"A","1483":"E","1484":"F","1485":";","1486":"I","1487":"A","1488":"C","1489":"A","1490":",","1491":"I","1492":"A","1493":"A","1494":"M","1495":",","1496":"a","1497":"A","1498":"A","1499":"a","1500":",","1501":"G","1502":"A","1503":"A","1504":"G","1505":",","1506":"U","1507":"A","1508":"A","1509":"C","1510":",","1511":"K","1512":"A","1513":"A","1514":"i","1515":"B","1516":";","1517":"M","1518":"A","1519":"C","1520":"t","1521":"C","1522":",","1523":"I","1524":"A","1525":"A","1526":"M","1527":",","1528":"M","1529":"A","1530":"A","1531":"M","1532":",","1533":"G","1534":"A","1535":"A","1536":"G","1537":",","1538":"K","1539":"A","1540":"A","1541":"K","1542":",","1543":"C","1544":"A","1545":"A","1546":"C","1547":",","1548":"M","1549":"A","1550":"A","1551":"q","1552":"B","1553":";","1554":"M","1555":"A","1556":"C","1557":"1","1558":"C","1559":",","1560":"I","1561":"A","1562":"A","1563":"I","1564":",","1565":"C","1566":"A","1567":"A","1568":"C","1569":",","1570":"M","1571":"A","1572":"A","1573":"M","1574":",","1575":"C","1576":"A","1577":"A","1578":"C","1579":",","1580":"O","1581":"A","1582":"A","1583":"O","1584":",","1585":"C","1586":"A","1587":"A","1588":"C","1589":",","1590":"q","1591":"B","1592":"A","1593":"A","1594":"q","1595":"B","1596":",","1597":"C","1598":"A","1599":"A","1600":"C","1601":",","1602":"E","1603":"A","1604":"A","1605":"E","1606":";","1607":"Q","1608":"A","1609":"C","1610":"1","1611":"C","1612":",","1613":"I","1614":"A","1615":"A","1616":"I","1617":",","1618":"C","1619":"A","1620":"A","1621":"C","1622":",","1623":"K","1624":"A","1625":"A","1626":"K","1627":",","1628":"G","1629":"A","1630":"A","1631":"G","1632":",","1633":"K","1634":"A","1635":"A","1636":"K","1637":";","1638":";","1639":"I","1640":"A","1641":"E","1642":"t","1643":"B","1644":",","1645":"C","1646":"A","1647":"A","1648":"C","1649":";","1650":"I","1651":"A","1652":"E","1653":"D","1654":",","1655":"m","1656":"B","1657":"A","1658":"A","1659":"S","1660":",","1661":"E","1662":"A","1663":"A","1664":"C","1665":";","1666":"M","1667":"A","1668":"C","1669":"R","1670":",","1671":"M","1672":"A","1673":"A","1674":"M","1675":",","1676":"C","1677":"A","1678":"A","1679":"C","1680":",","1681":"g","1682":"B","1683":"A","1684":"A","1685":"g","1686":"B","1687":",","1688":"C","1689":"A","1690":"A","1691":"C","1692":",","1693":"O","1694":"A","1695":"A","1696":"O","1697":",","1698":"E","1699":"A","1700":"A","1701":"E","1702":",","1703":"a","1704":"A","1705":"A","1706":"a","1707":",","1708":"C","1709":"A","1710":"A","1711":"C","1712":";","1713":"I","1714":"A","1715":"C","1716":"j","1717":"D","1718":",","1719":"C","1720":"A","1721":"A","1722":"C","1723":",","1724":"C","1725":"A","1726":"A","1727":"C","1728":";","1729":"I","1730":"A","1731":"E","1732":"F","1733":",","1734":"q","1735":"B","1736":"A","1737":"A","1738":"W","1739":",","1740":"E","1741":"A","1742":"A","1743":"C","1744":";","1745":"M","1746":"A","1747":"C","1748":"V","1749":",","1750":"M","1751":"A","1752":"A","1753":"M","1754":",","1755":"C","1756":"A","1757":"A","1758":"C","1759":",","1760":"m","1761":"B","1762":"A","1763":"A","1764":"m","1765":"B","1766":",","1767":"C","1768":"A","1769":"A","1770":"C","1771":",","1772":"O","1773":"A","1774":"A","1775":"O","1776":",","1777":"E","1778":"A","1779":"A","1780":"E","1781":",","1782":"a","1783":"A","1784":"A","1785":"a","1786":",","1787":"C","1788":"A","1789":"A","1790":"C","1791":";","1792":"I","1793":"A","1794":"C","1795":"p","1796":"D","1797":",","1798":"C","1799":"A","1800":"A","1801":"C","1802":",","1803":"C","1804":"A","1805":"A","1806":"C","1807":";","1808":"I","1809":"A","1810":"E","1811":"F","1812":",","1813":"O","1814":"A","1815":"A","1816":"O","1817":";","1818":"M","1819":"A","1820":"C","1821":"L","1822":",","1823":"M","1824":"A","1825":"A","1826":"M","1827":";","1828":"M","1829":"A","1830":"C","1831":"N","1832":",","1833":"M","1834":"A","1835":"A","1836":"M","1837":";","1838":"M","1839":"A","1840":"C","1841":"N","1842":",","1843":"I","1844":"A","1845":"A","1846":"I","1847":";","1848":"M","1849":"A","1850":"C","1851":"J","1852":",","1853":"O","1854":"A","1855":"A","1856":"O","1857":";","1858":"M","1859":"A","1860":"C","1861":"P","1862":",","1863":"Y","1864":"A","1865":"A","1866":"Y","1867":";","1868":"M","1869":"A","1870":"C","1871":"Z","1872":",","1873":"k","1874":"B","1875":"A","1876":"A","1877":"k","1878":"B","1879":";","1880":"M","1881":"A","1882":"C","1883":"l","1884":"B","1885":",","1886":"Y","1887":"A","1888":"A","1889":"Y","1890":";","1891":"M","1892":"A","1893":"C","1894":"Z","1895":",","1896":"Y","1897":"A","1898":"A","1899":"Y","1900":";","1901":"M","1902":"A","1903":"C","1904":"Z","1905":",","1906":"a","1907":"A","1908":"A","1909":"a","1910":";","1911":"K","1912":"A","1913":"C","1914":"d","1915":";","1916":"E","1917":"A","1918":"C","1919":"H","1920":",","1921":"C","1922":"A","1923":"A","1924":"C","1925":";","1926":"E","1927":"A","1928":"C","1929":"D","1930":",","1931":"I","1932":"A","1933":"A","1934":"I","1935":";","1936":"I","1937":"A","1938":"C","1939":"F","1940":",","1941":"O","1942":"A","1943":"A","1944":"O","1945":";","1946":"M","1947":"A","1948":"C","1949":"L","1950":",","1951":"a","1952":"A","1953":"A","1954":"a","1955":",","1956":"E","1957":"A","1958":"A","1959":"E","1960":",","1961":"M","1962":"A","1963":"A","1964":"M","1965":",","1966":"C","1967":"A","1968":"A","1969":"C","1970":",","1971":"U","1972":"A","1973":"A","1974":"U","1975":",","1976":"I","1977":"A","1978":"A","1979":"I","1980":";","1981":"K","1982":"A","1983":"C","1984":"r","1985":"C","1986":";","1987":"E","1988":"A","1989":"C","1990":"H","1991":";","1992":"C","1993":"A","1994":"C","1995":"D","1996":",","1997":"C","1998":"A","1999":"A","2000":"C","2001":"\"","2002":",","2003":"\"","2004":"f","2005":"i","2006":"l","2007":"e","2008":"\"","2009":":","2010":"\"","2011":"/","2012":"U","2013":"s","2014":"e","2015":"r","2016":"s","2017":"/","2018":"s","2019":"u","2020":"n","2021":"s","2022":"h","2023":"i","2024":"n","2025":"e","2026":"/","2027":"D","2028":"e","2029":"s","2030":"k","2031":"t","2032":"o","2033":"p","2034":"/","2035":"v","2036":"c","2037":"-","2038":"t","2039":"r","2040":"a","2041":"d","2042":"e","2043":"/","2044":"v","2045":"u","2046":"e","2047":"-","2048":"u","2049":"s","2050":"e","2051":"r","2052":"-","2053":"p","2054":"r","2055":"o","2056":"f","2057":"i","2058":"l","2059":"e","2060":"-","2061":"s","2062":"e","2063":"a","2064":"r","2065":"c","2066":"h","2067":"/","2068":"s","2069":"r","2070":"c","2071":"/","2072":"c","2073":"o","2074":"m","2075":"p","2076":"o","2077":"n","2078":"e","2079":"n","2080":"t","2081":"s","2082":"/","2083":"S","2084":"e","2085":"a","2086":"r","2087":"c","2088":"h","2089":"B","2090":"a","2091":"r","2092":".","2093":"v","2094":"u","2095":"e","2096":"\"","2097":",","2098":"\"","2099":"s","2100":"o","2101":"u","2102":"r","2103":"c","2104":"e","2105":"s","2106":"C","2107":"o","2108":"n","2109":"t","2110":"e","2111":"n","2112":"t","2113":"\"","2114":":","2115":"[","2116":"\"","2117":"<","2118":"t","2119":"e","2120":"m","2121":"p","2122":"l","2123":"a","2124":"t","2125":"e","2126":">","2127":"\\","2128":"n","2129":" ","2130":" ","2131":"<","2132":"d","2133":"i","2134":"v","2135":" ","2136":"c","2137":"l","2138":"a","2139":"s","2140":"s","2141":"=","2142":"\\","2143":"\"","2144":"s","2145":"e","2146":"a","2147":"r","2148":"c","2149":"h","2150":"-","2151":"b","2152":"a","2153":"r","2154":"\\","2155":"\"","2156":">","2157":"\\","2158":"n","2159":" ","2160":" ","2161":" ","2162":" ","2163":"<","2164":"d","2165":"i","2166":"v","2167":" ","2168":"c","2169":"l","2170":"a","2171":"s","2172":"s","2173":"=","2174":"\\","2175":"\"","2176":"s","2177":"e","2178":"a","2179":"r","2180":"c","2181":"h","2182":"-","2183":"b","2184":"a","2185":"r","2186":"_","2187":"_","2188":"i","2189":"n","2190":"p","2191":"u","2192":"t","2193":"-","2194":"c","2195":"o","2196":"n","2197":"t","2198":"a","2199":"i","2200":"n","2201":"e","2202":"r","2203":"\\","2204":"\"","2205":">","2206":"\\","2207":"n","2208":" ","2209":" ","2210":" ","2211":" ","2212":" ","2213":" ","2214":"<","2215":"d","2216":"i","2217":"v","2218":" ","2219":"c","2220":"l","2221":"a","2222":"s","2223":"s","2224":"=","2225":"\\","2226":"\"","2227":"s","2228":"e","2229":"a","2230":"r","2231":"c","2232":"h","2233":"-","2234":"i","2235":"c","2236":"o","2237":"n","2238":"\\","2239":"\"","2240":">","2241":"\\","2242":"n","2243":" ","2244":" ","2245":" ","2246":" ","2247":" ","2248":" ","2249":" ","2250":" ","2251":"<","2252":"f","2253":"o","2254":"n","2255":"t","2256":"-","2257":"a","2258":"w","2259":"e","2260":"s","2261":"o","2262":"m","2263":"e","2264":"-","2265":"i","2266":"c","2267":"o","2268":"n","2269":" ","2270":":","2271":"i","2272":"c","2273":"o","2274":"n","2275":"=","2276":"\\","2277":"\"","2278":"[","2279":"'","2280":"f","2281":"a","2282":"s","2283":"'","2284":",","2285":" ","2286":"'","2287":"s","2288":"e","2289":"a","2290":"r","2291":"c","2292":"h","2293":"'","2294":"]","2295":"\\","2296":"\"","2297":">","2298":"<","2299":"/","2300":"f","2301":"o","2302":"n","2303":"t","2304":"-","2305":"a","2306":"w","2307":"e","2308":"s","2309":"o","2310":"m","2311":"e","2312":"-","2313":"i","2314":"c","2315":"o","2316":"n","2317":">","2318":"\\","2319":"n","2320":" ","2321":" ","2322":" ","2323":" ","2324":" ","2325":" ","2326":"<","2327":"/","2328":"d","2329":"i","2330":"v","2331":">","2332":"\\","2333":"n","2334":" ","2335":" ","2336":" ","2337":" ","2338":" ","2339":" ","2340":"<","2341":"i","2342":"n","2343":"p","2344":"u","2345":"t","2346":"\\","2347":"n","2348":" ","2349":" ","2350":" ","2351":" ","2352":" ","2353":" ","2354":" ","2355":" ","2356":"c","2357":"l","2358":"a","2359":"s","2360":"s","2361":"=","2362":"\\","2363":"\"","2364":"s","2365":"e","2366":"a","2367":"r","2368":"c","2369":"h","2370":"-","2371":"b","2372":"a","2373":"r","2374":"_","2375":"_","2376":"i","2377":"n","2378":"p","2379":"u","2380":"t","2381":"\\","2382":"\"","2383":"\\","2384":"n","2385":" ","2386":" ","2387":" ","2388":" ","2389":" ","2390":" ","2391":" ","2392":" ","2393":"v","2394":"-","2395":"m","2396":"o","2397":"d","2398":"e","2399":"l","2400":"=","2401":"\\","2402":"\"","2403":"s","2404":"e","2405":"a","2406":"r","2407":"c","2408":"h","2409":"\\","2410":"\"","2411":"\\","2412":"n","2413":" ","2414":" ","2415":" ","2416":" ","2417":" ","2418":" ","2419":" ","2420":" ","2421":"t","2422":"y","2423":"p","2424":"e","2425":"=","2426":"\\","2427":"\"","2428":"t","2429":"e","2430":"x","2431":"t","2432":"\\","2433":"\"","2434":"\\","2435":"n","2436":" ","2437":" ","2438":" ","2439":" ","2440":" ","2441":" ","2442":" ","2443":" ","2444":"p","2445":"l","2446":"a","2447":"c","2448":"e","2449":"h","2450":"o","2451":"l","2452":"d","2453":"e","2454":"r","2455":"=","2456":"\\","2457":"\"","2458":"S","2459":"e","2460":"a","2461":"r","2462":"c","2463":"h","2464":" ","2465":"b","2466":"y","2467":" ","2468":"n","2469":"a","2470":"m","2471":"e","2472":".","2473":".","2474":".","2475":"\\","2476":"\"","2477":"\\","2478":"n","2479":" ","2480":" ","2481":" ","2482":" ","2483":" ","2484":" ","2485":" ","2486":" ","2487":"@","2488":"i","2489":"n","2490":"p","2491":"u","2492":"t","2493":"=","2494":"\\","2495":"\"","2496":"u","2497":"p","2498":"d","2499":"a","2500":"t","2501":"e","2502":"S","2503":"e","2504":"a","2505":"r","2506":"c","2507":"h","2508":"\\","2509":"\"","2510":"\\","2511":"n","2512":" ","2513":" ","2514":" ","2515":" ","2516":" ","2517":" ","2518":"/","2519":">","2520":"\\","2521":"n","2522":" ","2523":" ","2524":" ","2525":" ","2526":"<","2527":"/","2528":"d","2529":"i","2530":"v","2531":">","2532":"\\","2533":"n","2534":" ","2535":" ","2536":" ","2537":" ","2538":"<","2539":"d","2540":"i","2541":"v","2542":" ","2543":"c","2544":"l","2545":"a","2546":"s","2547":"s","2548":"=","2549":"\\","2550":"\"","2551":"s","2552":"e","2553":"a","2554":"r","2555":"c","2556":"h","2557":"-","2558":"b","2559":"a","2560":"r","2561":"_","2562":"_","2563":"s","2564":"e","2565":"l","2566":"e","2567":"c","2568":"t","2569":"\\","2570":"\"","2571":" ","2572":"@","2573":"c","2574":"l","2575":"i","2576":"c","2577":"k","2578":"=","2579":"\\","2580":"\"","2581":"o","2582":"p","2583":"e","2584":"n","2585":" ","2586":"=","2587":" ","2588":"!","2589":"o","2590":"p","2591":"e","2592":"n","2593":"\\","2594":"\"","2595":">","2596":"\\","2597":"n","2598":" ","2599":" ","2600":" ","2601":" ","2602":" ","2603":" ","2604":"<","2605":"d","2606":"i","2607":"v","2608":" ","2609":"c","2610":"l","2611":"a","2612":"s","2613":"s","2614":"=","2615":"\\","2616":"\"","2617":"s","2618":"e","2619":"l","2620":"e","2621":"c","2622":"t","2623":"e","2624":"d","2625":"-","2626":"o","2627":"p","2628":"t","2629":"i","2630":"o","2631":"n","2632":"\\","2633":"\"","2634":">","2635":"\\","2636":"n","2637":" ","2638":" ","2639":" ","2640":" ","2641":" ","2642":" ","2643":" ","2644":" ","2645":"{","2646":"{","2647":" ","2648":"s","2649":"e","2650":"l","2651":"e","2652":"c","2653":"t","2654":"e","2655":"d","2656":"O","2657":"p","2658":"t","2659":"i","2660":"o","2661":"n","2662":"T","2663":"e","2664":"x","2665":"t","2666":" ","2667":"}","2668":"}","2669":"\\","2670":"n","2671":" ","2672":" ","2673":" ","2674":" ","2675":" ","2676":" ","2677":" ","2678":" ","2679":"<","2680":"s","2681":"p","2682":"a","2683":"n","2684":" ","2685":"c","2686":"l","2687":"a","2688":"s","2689":"s","2690":"=","2691":"\\","2692":"\"","2693":"a","2694":"r","2695":"r","2696":"o","2697":"w","2698":"-","2699":"d","2700":"o","2701":"w","2702":"n","2703":"\\","2704":"\"","2705":" ","2706":"v","2707":"-","2708":"s","2709":"h","2710":"o","2711":"w","2712":"=","2713":"\\","2714":"\"","2715":"!","2716":"o","2717":"p","2718":"e","2719":"n","2720":"\\","2721":"\"","2722":">","2723":"&","2724":"#","2725":"9","2726":"6","2727":"6","2728":"2","2729":";","2730":"<","2731":"/","2732":"s","2733":"p","2734":"a","2735":"n","2736":">","2737":"\\","2738":"n","2739":" ","2740":" ","2741":" ","2742":" ","2743":" ","2744":" ","2745":" ","2746":" ","2747":"<","2748":"s","2749":"p","2750":"a","2751":"n","2752":" ","2753":"c","2754":"l","2755":"a","2756":"s","2757":"s","2758":"=","2759":"\\","2760":"\"","2761":"a","2762":"r","2763":"r","2764":"o","2765":"w","2766":"-","2767":"u","2768":"p","2769":"\\","2770":"\"","2771":" ","2772":"v","2773":"-","2774":"s","2775":"h","2776":"o","2777":"w","2778":"=","2779":"\\","2780":"\"","2781":"o","2782":"p","2783":"e","2784":"n","2785":"\\","2786":"\"","2787":">","2788":"&","2789":"#","2790":"9","2791":"6","2792":"5","2793":"2","2794":";","2795":"<","2796":"/","2797":"s","2798":"p","2799":"a","2800":"n","2801":">","2802":"\\","2803":"n","2804":" ","2805":" ","2806":" ","2807":" ","2808":" ","2809":" ","2810":"<","2811":"/","2812":"d","2813":"i","2814":"v","2815":">","2816":"\\","2817":"n","2818":" ","2819":" ","2820":" ","2821":" ","2822":" ","2823":" ","2824":"<","2825":"d","2826":"i","2827":"v","2828":" ","2829":"c","2830":"l","2831":"a","2832":"s","2833":"s","2834":"=","2835":"\\","2836":"\"","2837":"o","2838":"p","2839":"t","2840":"i","2841":"o","2842":"n","2843":"s","2844":"\\","2845":"\"","2846":" ","2847":"v","2848":"-","2849":"s","2850":"h","2851":"o","2852":"w","2853":"=","2854":"\\","2855":"\"","2856":"o","2857":"p","2858":"e","2859":"n","2860":"\\","2861":"\"","2862":">","2863":"\\","2864":"n","2865":" ","2866":" ","2867":" ","2868":" ","2869":" ","2870":" ","2871":" ","2872":" ","2873":"<","2874":"d","2875":"i","2876":"v","2877":"\\","2878":"n","2879":" ","2880":" ","2881":" ","2882":" ","2883":" ","2884":" ","2885":" ","2886":" ","2887":" ","2888":" ","2889":"c","2890":"l","2891":"a","2892":"s","2893":"s","2894":"=","2895":"\\","2896":"\"","2897":"o","2898":"p","2899":"t","2900":"i","2901":"o","2902":"n","2903":"\\","2904":"\"","2905":"\\","2906":"n","2907":" ","2908":" ","2909":" ","2910":" ","2911":" ","2912":" ","2913":" ","2914":" ","2915":" ","2916":" ","2917":"v","2918":"-","2919":"f","2920":"o","2921":"r","2922":"=","2923":"\\","2924":"\"","2925":"o","2926":"p","2927":"t","2928":"i","2929":"o","2930":"n","2931":" ","2932":"i","2933":"n","2934":" ","2935":"o","2936":"p","2937":"t","2938":"i","2939":"o","2940":"n","2941":"s","2942":"\\","2943":"\"","2944":"\\","2945":"n","2946":" ","2947":" ","2948":" ","2949":" ","2950":" ","2951":" ","2952":" ","2953":" ","2954":" ","2955":" ","2956":":","2957":"k","2958":"e","2959":"y","2960":"=","2961":"\\","2962":"\"","2963":"o","2964":"p","2965":"t","2966":"i","2967":"o","2968":"n","2969":".","2970":"v","2971":"a","2972":"l","2973":"u","2974":"e","2975":"\\","2976":"\"","2977":"\\","2978":"n","2979":" ","2980":" ","2981":" ","2982":" ","2983":" ","2984":" ","2985":" ","2986":" ","2987":" ","2988":" ","2989":"@","2990":"c","2991":"l","2992":"i","2993":"c","2994":"k","2995":".","2996":"s","2997":"t","2998":"o","2999":"p","3000":"=","3001":"\\","3002":"\"","3003":"s","3004":"e","3005":"l","3006":"e","3007":"c","3008":"t","3009":"O","3010":"p","3011":"t","3012":"i","3013":"o","3014":"n","3015":"(","3016":"o","3017":"p","3018":"t","3019":"i","3020":"o","3021":"n","3022":".","3023":"v","3024":"a","3025":"l","3026":"u","3027":"e","3028":")","3029":"\\","3030":"\"","3031":"\\","3032":"n","3033":" ","3034":" ","3035":" ","3036":" ","3037":" ","3038":" ","3039":" ","3040":" ","3041":">","3042":"\\","3043":"n","3044":" ","3045":" ","3046":" ","3047":" ","3048":" ","3049":" ","3050":" ","3051":" ","3052":" ","3053":" ","3054":"{","3055":"{","3056":" ","3057":"o","3058":"p","3059":"t","3060":"i","3061":"o","3062":"n","3063":".","3064":"t","3065":"e","3066":"x","3067":"t","3068":" ","3069":"}","3070":"}","3071":"\\","3072":"n","3073":" ","3074":" ","3075":" ","3076":" ","3077":" ","3078":" ","3079":" ","3080":" ","3081":"<","3082":"/","3083":"d","3084":"i","3085":"v","3086":">","3087":"\\","3088":"n","3089":" ","3090":" ","3091":" ","3092":" ","3093":" ","3094":" ","3095":"<","3096":"/","3097":"d","3098":"i","3099":"v","3100":">","3101":"\\","3102":"n","3103":" ","3104":" ","3105":" ","3106":" ","3107":"<","3108":"/","3109":"d","3110":"i","3111":"v","3112":">","3113":"\\","3114":"n","3115":" ","3116":" ","3117":"<","3118":"/","3119":"d","3120":"i","3121":"v","3122":">","3123":"\\","3124":"n","3125":"<","3126":"/","3127":"t","3128":"e","3129":"m","3130":"p","3131":"l","3132":"a","3133":"t","3134":"e","3135":">","3136":"\\","3137":"n","3138":"\\","3139":"n","3140":"<","3141":"s","3142":"c","3143":"r","3144":"i","3145":"p","3146":"t","3147":" ","3148":"l","3149":"a","3150":"n","3151":"g","3152":"=","3153":"\\","3154":"\"","3155":"t","3156":"s","3157":"\\","3158":"\"","3159":">","3160":"\\","3161":"n","3162":"i","3163":"m","3164":"p","3165":"o","3166":"r","3167":"t","3168":" ","3169":"{","3170":" ","3171":"d","3172":"e","3173":"f","3174":"i","3175":"n","3176":"e","3177":"C","3178":"o","3179":"m","3180":"p","3181":"o","3182":"n","3183":"e","3184":"n","3185":"t","3186":",","3187":" ","3188":"r","3189":"e","3190":"f","3191":",","3192":" ","3193":"c","3194":"o","3195":"m","3196":"p","3197":"u","3198":"t","3199":"e","3200":"d","3201":",","3202":" ","3203":"o","3204":"n","3205":"M","3206":"o","3207":"u","3208":"n","3209":"t","3210":"e","3211":"d","3212":",","3213":" ","3214":"o","3215":"n","3216":"U","3217":"n","3218":"m","3219":"o","3220":"u","3221":"n","3222":"t","3223":"e","3224":"d","3225":" ","3226":"}","3227":" ","3228":"f","3229":"r","3230":"o","3231":"m","3232":" ","3233":"'","3234":"v","3235":"u","3236":"e","3237":"'","3238":";","3239":"\\","3240":"n","3241":"i","3242":"m","3243":"p","3244":"o","3245":"r","3246":"t","3247":" ","3248":"{","3249":" ","3250":"u","3251":"s","3252":"e","3253":"S","3254":"t","3255":"o","3256":"r","3257":"e","3258":" ","3259":"}","3260":" ","3261":"f","3262":"r","3263":"o","3264":"m","3265":" ","3266":"'","3267":"v","3268":"u","3269":"e","3270":"x","3271":"'","3272":";","3273":"\\","3274":"n","3275":"\\","3276":"n","3277":"e","3278":"x","3279":"p","3280":"o","3281":"r","3282":"t","3283":" ","3284":"d","3285":"e","3286":"f","3287":"a","3288":"u","3289":"l","3290":"t","3291":" ","3292":"d","3293":"e","3294":"f","3295":"i","3296":"n","3297":"e","3298":"C","3299":"o","3300":"m","3301":"p","3302":"o","3303":"n","3304":"e","3305":"n","3306":"t","3307":"(","3308":"{","3309":"\\","3310":"n","3311":" ","3312":" ","3313":"e","3314":"m","3315":"i","3316":"t","3317":"s","3318":":","3319":" ","3320":"[","3321":"'","3322":"u","3323":"p","3324":"d","3325":"a","3326":"t","3327":"e","3328":"-","3329":"s","3330":"e","3331":"a","3332":"r","3333":"c","3334":"h","3335":"'","3336":",","3337":" ","3338":"'","3339":"u","3340":"p","3341":"d","3342":"a","3343":"t","3344":"e","3345":"-","3346":"g","3347":"e","3348":"n","3349":"d","3350":"e","3351":"r","3352":"'","3353":"]","3354":",","3355":"\\","3356":"n","3357":" ","3358":" ","3359":"s","3360":"e","3361":"t","3362":"u","3363":"p","3364":"(","3365":"_","3366":",","3367":" ","3368":"{","3369":" ","3370":"e","3371":"m","3372":"i","3373":"t","3374":" ","3375":"}","3376":")","3377":" ","3378":"{","3379":"\\","3380":"n","3381":" ","3382":" ","3383":" ","3384":" ","3385":"c","3386":"o","3387":"n","3388":"s","3389":"t","3390":" ","3391":"s","3392":"t","3393":"o","3394":"r","3395":"e","3396":" ","3397":"=","3398":" ","3399":"u","3400":"s","3401":"e","3402":"S","3403":"t","3404":"o","3405":"r","3406":"e","3407":"(","3408":")","3409":";","3410":"\\","3411":"n","3412":" ","3413":" ","3414":" ","3415":" ","3416":"c","3417":"o","3418":"n","3419":"s","3420":"t","3421":" ","3422":"o","3423":"p","3424":"e","3425":"n","3426":" ","3427":"=","3428":" ","3429":"r","3430":"e","3431":"f","3432":"<","3433":"b","3434":"o","3435":"o","3436":"l","3437":"e","3438":"a","3439":"n","3440":">","3441":"(","3442":"f","3443":"a","3444":"l","3445":"s","3446":"e","3447":")","3448":";","3449":"\\","3450":"n","3451":" ","3452":" ","3453":" ","3454":" ","3455":"c","3456":"o","3457":"n","3458":"s","3459":"t","3460":" ","3461":"o","3462":"p","3463":"t","3464":"i","3465":"o","3466":"n","3467":"s","3468":" ","3469":"=","3470":" ","3471":"r","3472":"e","3473":"f","3474":"<","3475":"A","3476":"r","3477":"r","3478":"a","3479":"y","3480":"<","3481":"{","3482":" ","3483":"t","3484":"e","3485":"x","3486":"t","3487":":","3488":" ","3489":"s","3490":"t","3491":"r","3492":"i","3493":"n","3494":"g","3495":";","3496":" ","3497":"v","3498":"a","3499":"l","3500":"u","3501":"e","3502":":","3503":" ","3504":"s","3505":"t","3506":"r","3507":"i","3508":"n","3509":"g","3510":" ","3511":"}","3512":">","3513":">","3514":"(","3515":"[","3516":"\\","3517":"n","3518":" ","3519":" ","3520":" ","3521":" ","3522":" ","3523":" ","3524":"{","3525":" ","3526":"t","3527":"e","3528":"x","3529":"t","3530":":","3531":" ","3532":"'","3533":"A","3534":"l","3535":"l","3536":"'","3537":",","3538":" ","3539":"v","3540":"a","3541":"l","3542":"u","3543":"e","3544":":","3545":" ","3546":"'","3547":"'","3548":" ","3549":"}","3550":",","3551":"\\","3552":"n","3553":" ","3554":" ","3555":" ","3556":" ","3557":" ","3558":" ","3559":"{","3560":" ","3561":"t","3562":"e","3563":"x","3564":"t","3565":":","3566":" ","3567":"'","3568":"M","3569":"a","3570":"l","3571":"e","3572":"'","3573":",","3574":" ","3575":"v","3576":"a","3577":"l","3578":"u","3579":"e","3580":":","3581":" ","3582":"'","3583":"m","3584":"a","3585":"l","3586":"e","3587":"'","3588":" ","3589":"}","3590":",","3591":"\\","3592":"n","3593":" ","3594":" ","3595":" ","3596":" ","3597":" ","3598":" ","3599":"{","3600":" ","3601":"t","3602":"e","3603":"x","3604":"t","3605":":","3606":" ","3607":"'","3608":"F","3609":"e","3610":"m","3611":"a","3612":"l","3613":"e","3614":"'","3615":",","3616":" ","3617":"v","3618":"a","3619":"l","3620":"u","3621":"e","3622":":","3623":" ","3624":"'","3625":"f","3626":"e","3627":"m","3628":"a","3629":"l","3630":"e","3631":"'","3632":" ","3633":"}","3634":"\\","3635":"n","3636":" ","3637":" ","3638":" ","3639":" ","3640":"]","3641":")","3642":";","3643":"\\","3644":"n","3645":"\\","3646":"n","3647":" ","3648":" ","3649":" ","3650":" ","3651":"c","3652":"o","3653":"n","3654":"s","3655":"t","3656":" ","3657":"s","3658":"e","3659":"a","3660":"r","3661":"c","3662":"h","3663":" ","3664":"=","3665":" ","3666":"c","3667":"o","3668":"m","3669":"p","3670":"u","3671":"t","3672":"e","3673":"d","3674":"(","3675":"{","3676":"\\","3677":"n","3678":" ","3679":" ","3680":" ","3681":" ","3682":" ","3683":" ","3684":"g","3685":"e","3686":"t","3687":":","3688":" ","3689":"(","3690":")","3691":" ","3692":"=","3693":">","3694":" ","3695":"s","3696":"t","3697":"o","3698":"r","3699":"e","3700":".","3701":"s","3702":"t","3703":"a","3704":"t","3705":"e","3706":".","3707":"s","3708":"e","3709":"a","3710":"r","3711":"c","3712":"h","3713":"Q","3714":"u","3715":"e","3716":"r","3717":"y","3718":",","3719":"\\","3720":"n","3721":" ","3722":" ","3723":" ","3724":" ","3725":" ","3726":" ","3727":"s","3728":"e","3729":"t","3730":":","3731":" ","3732":"(","3733":"v","3734":"a","3735":"l","3736":"u","3737":"e","3738":")","3739":" ","3740":"=","3741":">","3742":" ","3743":"{","3744":"\\","3745":"n","3746":" ","3747":" ","3748":" ","3749":" ","3750":" ","3751":" ","3752":" ","3753":" ","3754":"s","3755":"t","3756":"o","3757":"r","3758":"e","3759":".","3760":"c","3761":"o","3762":"m","3763":"m","3764":"i","3765":"t","3766":"(","3767":"'","3768":"s","3769":"e","3770":"t","3771":"S","3772":"e","3773":"a","3774":"r","3775":"c","3776":"h","3777":"Q","3778":"u","3779":"e","3780":"r","3781":"y","3782":"'","3783":",","3784":" ","3785":"v","3786":"a","3787":"l","3788":"u","3789":"e","3790":")","3791":";","3792":"\\","3793":"n","3794":" ","3795":" ","3796":" ","3797":" ","3798":" ","3799":" ","3800":" ","3801":" ","3802":"e","3803":"m","3804":"i","3805":"t","3806":"(","3807":"'","3808":"u","3809":"p","3810":"d","3811":"a","3812":"t","3813":"e","3814":"-","3815":"s","3816":"e","3817":"a","3818":"r","3819":"c","3820":"h","3821":"'","3822":",","3823":" ","3824":"v","3825":"a","3826":"l","3827":"u","3828":"e","3829":")","3830":";","3831":"\\","3832":"n","3833":" ","3834":" ","3835":" ","3836":" ","3837":" ","3838":" ","3839":"}","3840":"\\","3841":"n","3842":" ","3843":" ","3844":" ","3845":" ","3846":"}","3847":")","3848":";","3849":"\\","3850":"n","3851":"\\","3852":"n","3853":" ","3854":" ","3855":" ","3856":" ","3857":"c","3858":"o","3859":"n","3860":"s","3861":"t","3862":" ","3863":"g","3864":"e","3865":"n","3866":"d","3867":"e","3868":"r","3869":" ","3870":"=","3871":" ","3872":"c","3873":"o","3874":"m","3875":"p","3876":"u","3877":"t","3878":"e","3879":"d","3880":"(","3881":"{","3882":"\\","3883":"n","3884":" ","3885":" ","3886":" ","3887":" ","3888":" ","3889":" ","3890":"g","3891":"e","3892":"t","3893":":","3894":" ","3895":"(","3896":")","3897":" ","3898":"=","3899":">","3900":" ","3901":"s","3902":"t","3903":"o","3904":"r","3905":"e","3906":".","3907":"s","3908":"t","3909":"a","3910":"t","3911":"e","3912":".","3913":"g","3914":"e","3915":"n","3916":"d","3917":"e","3918":"r","3919":",","3920":"\\","3921":"n","3922":" ","3923":" ","3924":" ","3925":" ","3926":" ","3927":" ","3928":"s","3929":"e","3930":"t","3931":":","3932":" ","3933":"(","3934":"v","3935":"a","3936":"l","3937":"u","3938":"e","3939":")","3940":" ","3941":"=","3942":">","3943":" ","3944":"{","3945":"\\","3946":"n","3947":" ","3948":" ","3949":" ","3950":" ","3951":" ","3952":" ","3953":" ","3954":" ","3955":"s","3956":"t","3957":"o","3958":"r","3959":"e","3960":".","3961":"c","3962":"o","3963":"m","3964":"m","3965":"i","3966":"t","3967":"(","3968":"'","3969":"s","3970":"e","3971":"t","3972":"G","3973":"e","3974":"n","3975":"d","3976":"e","3977":"r","3978":"'","3979":",","3980":" ","3981":"v","3982":"a","3983":"l","3984":"u","3985":"e","3986":")","3987":";","3988":"\\","3989":"n","3990":" ","3991":" ","3992":" ","3993":" ","3994":" ","3995":" ","3996":" ","3997":" ","3998":"e","3999":"m","4000":"i","4001":"t","4002":"(","4003":"'","4004":"u","4005":"p","4006":"d","4007":"a","4008":"t","4009":"e","4010":"-","4011":"g","4012":"e","4013":"n","4014":"d","4015":"e","4016":"r","4017":"'","4018":",","4019":" ","4020":"v","4021":"a","4022":"l","4023":"u","4024":"e","4025":")","4026":";","4027":"\\","4028":"n","4029":" ","4030":" ","4031":" ","4032":" ","4033":" ","4034":" ","4035":"}","4036":"\\","4037":"n","4038":" ","4039":" ","4040":" ","4041":" ","4042":"}","4043":")","4044":";","4045":"\\","4046":"n","4047":"\\","4048":"n","4049":" ","4050":" ","4051":" ","4052":" ","4053":"c","4054":"o","4055":"n","4056":"s","4057":"t","4058":" ","4059":"u","4060":"p","4061":"d","4062":"a","4063":"t","4064":"e","4065":"S","4066":"e","4067":"a","4068":"r","4069":"c","4070":"h","4071":" ","4072":"=","4073":" ","4074":"(","4075":")","4076":" ","4077":"=","4078":">","4079":" ","4080":"{","4081":"\\","4082":"n","4083":" ","4084":" ","4085":" ","4086":" ","4087":" ","4088":" ","4089":"e","4090":"m","4091":"i","4092":"t","4093":"(","4094":"'","4095":"u","4096":"p","4097":"d","4098":"a","4099":"t","4100":"e","4101":"-","4102":"s","4103":"e","4104":"a","4105":"r","4106":"c","4107":"h","4108":"'","4109":",","4110":" ","4111":"s","4112":"e","4113":"a","4114":"r","4115":"c","4116":"h","4117":".","4118":"v","4119":"a","4120":"l","4121":"u","4122":"e","4123":")","4124":";","4125":"\\","4126":"n","4127":" ","4128":" ","4129":" ","4130":" ","4131":"}","4132":";","4133":"\\","4134":"n","4135":"\\","4136":"n","4137":" ","4138":" ","4139":" ","4140":" ","4141":"c","4142":"o","4143":"n","4144":"s","4145":"t","4146":" ","4147":"u","4148":"p","4149":"d","4150":"a","4151":"t","4152":"e","4153":"G","4154":"e","4155":"n","4156":"d","4157":"e","4158":"r","4159":" ","4160":"=","4161":" ","4162":"(","4163":")","4164":" ","4165":"=","4166":">","4167":" ","4168":"{","4169":"\\","4170":"n","4171":" ","4172":" ","4173":" ","4174":" ","4175":" ","4176":" ","4177":"e","4178":"m","4179":"i","4180":"t","4181":"(","4182":"'","4183":"u","4184":"p","4185":"d","4186":"a","4187":"t","4188":"e","4189":"-","4190":"g","4191":"e","4192":"n","4193":"d","4194":"e","4195":"r","4196":"'","4197":",","4198":" ","4199":"g","4200":"e","4201":"n","4202":"d","4203":"e","4204":"r","4205":".","4206":"v","4207":"a","4208":"l","4209":"u","4210":"e","4211":")","4212":";","4213":"\\","4214":"n","4215":" ","4216":" ","4217":" ","4218":" ","4219":"}","4220":";","4221":"\\","4222":"n","4223":"\\","4224":"n","4225":" ","4226":" ","4227":" ","4228":" ","4229":"/","4230":"/","4231":" ","4232":"H","4233":"a","4234":"n","4235":"d","4236":"l","4237":"e","4238":" ","4239":"o","4240":"p","4241":"t","4242":"i","4243":"o","4244":"n","4245":" ","4246":"s","4247":"e","4248":"l","4249":"e","4250":"c","4251":"t","4252":"i","4253":"o","4254":"n","4255":" ","4256":"i","4257":"n","4258":" ","4259":"t","4260":"h","4261":"e","4262":" ","4263":"d","4264":"r","4265":"o","4266":"p","4267":"d","4268":"o","4269":"w","4270":"n","4271":"\\","4272":"n","4273":" ","4274":" ","4275":" ","4276":" ","4277":"c","4278":"o","4279":"n","4280":"s","4281":"t","4282":" ","4283":"s","4284":"e","4285":"l","4286":"e","4287":"c","4288":"t","4289":"O","4290":"p","4291":"t","4292":"i","4293":"o","4294":"n","4295":" ","4296":"=","4297":" ","4298":"(","4299":"v","4300":"a","4301":"l","4302":"u","4303":"e","4304":":","4305":" ","4306":"s","4307":"t","4308":"r","4309":"i","4310":"n","4311":"g","4312":")","4313":" ","4314":"=","4315":">","4316":" ","4317":"{","4318":"\\","4319":"n","4320":" ","4321":" ","4322":" ","4323":" ","4324":" ","4325":" ","4326":"s","4327":"t","4328":"o","4329":"r","4330":"e","4331":".","4332":"c","4333":"o","4334":"m","4335":"m","4336":"i","4337":"t","4338":"(","4339":"'","4340":"s","4341":"e","4342":"t","4343":"G","4344":"e","4345":"n","4346":"d","4347":"e","4348":"r","4349":"'","4350":",","4351":" ","4352":"v","4353":"a","4354":"l","4355":"u","4356":"e","4357":")","4358":";","4359":"\\","4360":"n","4361":" ","4362":" ","4363":" ","4364":" ","4365":" ","4366":" ","4367":"e","4368":"m","4369":"i","4370":"t","4371":"(","4372":"'","4373":"u","4374":"p","4375":"d","4376":"a","4377":"t","4378":"e","4379":"-","4380":"g","4381":"e","4382":"n","4383":"d","4384":"e","4385":"r","4386":"'","4387":",","4388":" ","4389":"v","4390":"a","4391":"l","4392":"u","4393":"e","4394":")","4395":";","4396":"\\","4397":"n","4398":" ","4399":" ","4400":" ","4401":" ","4402":" ","4403":" ","4404":"o","4405":"p","4406":"e","4407":"n","4408":".","4409":"v","4410":"a","4411":"l","4412":"u","4413":"e","4414":" ","4415":"=","4416":" ","4417":"f","4418":"a","4419":"l","4420":"s","4421":"e","4422":";","4423":"\\","4424":"n","4425":" ","4426":" ","4427":" ","4428":" ","4429":"}","4430":";","4431":"\\","4432":"n","4433":"\\","4434":"n","4435":" ","4436":" ","4437":" ","4438":" ","4439":"c","4440":"o","4441":"n","4442":"s","4443":"t","4444":" ","4445":"s","4446":"e","4447":"l","4448":"e","4449":"c","4450":"t","4451":"e","4452":"d","4453":"O","4454":"p","4455":"t","4456":"i","4457":"o","4458":"n","4459":"T","4460":"e","4461":"x","4462":"t","4463":" ","4464":"=","4465":" ","4466":"c","4467":"o","4468":"m","4469":"p","4470":"u","4471":"t","4472":"e","4473":"d","4474":"(","4475":"(","4476":")","4477":" ","4478":"=","4479":">","4480":" ","4481":"{","4482":"\\","4483":"n","4484":" ","4485":" ","4486":" ","4487":" ","4488":" ","4489":" ","4490":"c","4491":"o","4492":"n","4493":"s","4494":"t","4495":" ","4496":"o","4497":"p","4498":"t","4499":"i","4500":"o","4501":"n","4502":" ","4503":"=","4504":" ","4505":"o","4506":"p","4507":"t","4508":"i","4509":"o","4510":"n","4511":"s","4512":".","4513":"v","4514":"a","4515":"l","4516":"u","4517":"e","4518":".","4519":"f","4520":"i","4521":"n","4522":"d","4523":"(","4524":"(","4525":"o","4526":"p","4527":"t","4528":")","4529":" ","4530":"=","4531":">","4532":" ","4533":"o","4534":"p","4535":"t","4536":".","4537":"v","4538":"a","4539":"l","4540":"u","4541":"e","4542":" ","4543":"=","4544":"=","4545":"=","4546":" ","4547":"g","4548":"e","4549":"n","4550":"d","4551":"e","4552":"r","4553":".","4554":"v","4555":"a","4556":"l","4557":"u","4558":"e","4559":")","4560":";","4561":"\\","4562":"n","4563":" ","4564":" ","4565":" ","4566":" ","4567":" ","4568":" ","4569":"r","4570":"e","4571":"t","4572":"u","4573":"r","4574":"n","4575":" ","4576":"o","4577":"p","4578":"t","4579":"i","4580":"o","4581":"n","4582":" ","4583":"?","4584":" ","4585":"o","4586":"p","4587":"t","4588":"i","4589":"o","4590":"n","4591":".","4592":"t","4593":"e","4594":"x","4595":"t","4596":" ","4597":":","4598":" ","4599":"'","4600":"'","4601":";","4602":"\\","4603":"n","4604":" ","4605":" ","4606":" ","4607":" ","4608":"}","4609":")","4610":";","4611":"\\","4612":"n","4613":"\\","4614":"n","4615":" ","4616":" ","4617":" ","4618":" ","4619":"/","4620":"/","4621":" ","4622":"H","4623":"a","4624":"n","4625":"d","4626":"l","4627":"e","4628":" ","4629":"c","4630":"l","4631":"i","4632":"c","4633":"k","4634":" ","4635":"o","4636":"u","4637":"t","4638":"s","4639":"i","4640":"d","4641":"e","4642":" ","4643":"d","4644":"r","4645":"o","4646":"p","4647":"d","4648":"o","4649":"w","4650":"n","4651":" ","4652":"t","4653":"o","4654":" ","4655":"c","4656":"l","4657":"o","4658":"s","4659":"e","4660":" ","4661":"i","4662":"t","4663":"\\","4664":"n","4665":" ","4666":" ","4667":" ","4668":" ","4669":"c","4670":"o","4671":"n","4672":"s","4673":"t","4674":" ","4675":"c","4676":"l","4677":"o","4678":"s","4679":"e","4680":"D","4681":"r","4682":"o","4683":"p","4684":"d","4685":"o","4686":"w","4687":"n","4688":" ","4689":"=","4690":" ","4691":"(","4692":"e","4693":"v","4694":"e","4695":"n","4696":"t","4697":":","4698":" ","4699":"M","4700":"o","4701":"u","4702":"s","4703":"e","4704":"E","4705":"v","4706":"e","4707":"n","4708":"t","4709":")","4710":" ","4711":"=","4712":">","4713":" ","4714":"{","4715":"\\","4716":"n","4717":" ","4718":" ","4719":" ","4720":" ","4721":" ","4722":" ","4723":"c","4724":"o","4725":"n","4726":"s","4727":"t","4728":" ","4729":"t","4730":"a","4731":"r","4732":"g","4733":"e","4734":"t","4735":" ","4736":"=","4737":" ","4738":"e","4739":"v","4740":"e","4741":"n","4742":"t","4743":".","4744":"t","4745":"a","4746":"r","4747":"g","4748":"e","4749":"t","4750":" ","4751":"a","4752":"s","4753":" ","4754":"H","4755":"T","4756":"M","4757":"L","4758":"E","4759":"l","4760":"e","4761":"m","4762":"e","4763":"n","4764":"t","4765":";","4766":"\\","4767":"n","4768":" ","4769":" ","4770":" ","4771":" ","4772":" ","4773":" ","4774":"i","4775":"f","4776":" ","4777":"(","4778":"!","4779":"t","4780":"a","4781":"r","4782":"g","4783":"e","4784":"t","4785":".","4786":"c","4787":"l","4788":"o","4789":"s","4790":"e","4791":"s","4792":"t","4793":"(","4794":"'","4795":".","4796":"s","4797":"e","4798":"a","4799":"r","4800":"c","4801":"h","4802":"-","4803":"b","4804":"a","4805":"r","4806":"_","4807":"_","4808":"s","4809":"e","4810":"l","4811":"e","4812":"c","4813":"t","4814":"'","4815":")","4816":")","4817":" ","4818":"{","4819":"\\","4820":"n","4821":" ","4822":" ","4823":" ","4824":" ","4825":" ","4826":" ","4827":" ","4828":" ","4829":"o","4830":"p","4831":"e","4832":"n","4833":".","4834":"v","4835":"a","4836":"l","4837":"u","4838":"e","4839":" ","4840":"=","4841":" ","4842":"f","4843":"a","4844":"l","4845":"s","4846":"e","4847":";","4848":"\\","4849":"n","4850":" ","4851":" ","4852":" ","4853":" ","4854":" ","4855":" ","4856":"}","4857":"\\","4858":"n","4859":" ","4860":" ","4861":" ","4862":" ","4863":"}","4864":";","4865":"\\","4866":"n","4867":"\\","4868":"n","4869":" ","4870":" ","4871":" ","4872":" ","4873":"o","4874":"n","4875":"M","4876":"o","4877":"u","4878":"n","4879":"t","4880":"e","4881":"d","4882":"(","4883":"(","4884":")","4885":" ","4886":"=","4887":">","4888":" ","4889":"{","4890":"\\","4891":"n","4892":" ","4893":" ","4894":" ","4895":" ","4896":" ","4897":" ","4898":"w","4899":"i","4900":"n","4901":"d","4902":"o","4903":"w","4904":".","4905":"a","4906":"d","4907":"d","4908":"E","4909":"v","4910":"e","4911":"n","4912":"t","4913":"L","4914":"i","4915":"s","4916":"t","4917":"e","4918":"n","4919":"e","4920":"r","4921":"(","4922":"'","4923":"c","4924":"l","4925":"i","4926":"c","4927":"k","4928":"'","4929":",","4930":" ","4931":"c","4932":"l","4933":"o","4934":"s","4935":"e","4936":"D","4937":"r","4938":"o","4939":"p","4940":"d","4941":"o","4942":"w","4943":"n","4944":")","4945":";","4946":"\\","4947":"n","4948":" ","4949":" ","4950":" ","4951":" ","4952":"}","4953":")","4954":";","4955":"\\","4956":"n","4957":"\\","4958":"n","4959":" ","4960":" ","4961":" ","4962":" ","4963":"o","4964":"n","4965":"U","4966":"n","4967":"m","4968":"o","4969":"u","4970":"n","4971":"t","4972":"e","4973":"d","4974":"(","4975":"(","4976":")","4977":" ","4978":"=","4979":">","4980":" ","4981":"{","4982":"\\","4983":"n","4984":" ","4985":" ","4986":" ","4987":" ","4988":" ","4989":" ","4990":"w","4991":"i","4992":"n","4993":"d","4994":"o","4995":"w","4996":".","4997":"r","4998":"e","4999":"m","5000":"o","5001":"v","5002":"e","5003":"E","5004":"v","5005":"e","5006":"n","5007":"t","5008":"L","5009":"i","5010":"s","5011":"t","5012":"e","5013":"n","5014":"e","5015":"r","5016":"(","5017":"'","5018":"c","5019":"l","5020":"i","5021":"c","5022":"k","5023":"'","5024":",","5025":" ","5026":"c","5027":"l","5028":"o","5029":"s","5030":"e","5031":"D","5032":"r","5033":"o","5034":"p","5035":"d","5036":"o","5037":"w","5038":"n","5039":")","5040":";","5041":"\\","5042":"n","5043":" ","5044":" ","5045":" ","5046":" ","5047":"}","5048":")","5049":";","5050":"\\","5051":"n","5052":"\\","5053":"n","5054":" ","5055":" ","5056":" ","5057":" ","5058":"r","5059":"e","5060":"t","5061":"u","5062":"r","5063":"n","5064":" ","5065":"{","5066":"\\","5067":"n","5068":" ","5069":" ","5070":" ","5071":" ","5072":" ","5073":" ","5074":"s","5075":"e","5076":"a","5077":"r","5078":"c","5079":"h","5080":",","5081":"\\","5082":"n","5083":" ","5084":" ","5085":" ","5086":" ","5087":" ","5088":" ","5089":"g","5090":"e","5091":"n","5092":"d","5093":"e","5094":"r","5095":",","5096":"\\","5097":"n","5098":" ","5099":" ","5100":" ","5101":" ","5102":" ","5103":" ","5104":"o","5105":"p","5106":"e","5107":"n","5108":",","5109":"\\","5110":"n","5111":" ","5112":" ","5113":" ","5114":" ","5115":" ","5116":" ","5117":"o","5118":"p","5119":"t","5120":"i","5121":"o","5122":"n","5123":"s","5124":",","5125":"\\","5126":"n","5127":" ","5128":" ","5129":" ","5130":" ","5131":" ","5132":" ","5133":"s","5134":"e","5135":"l","5136":"e","5137":"c","5138":"t","5139":"O","5140":"p","5141":"t","5142":"i","5143":"o","5144":"n","5145":",","5146":"\\","5147":"n","5148":" ","5149":" ","5150":" ","5151":" ","5152":" ","5153":" ","5154":"s","5155":"e","5156":"l","5157":"e","5158":"c","5159":"t","5160":"e","5161":"d","5162":"O","5163":"p","5164":"t","5165":"i","5166":"o","5167":"n","5168":"T","5169":"e","5170":"x","5171":"t","5172":",","5173":"\\","5174":"n","5175":" ","5176":" ","5177":" ","5178":" ","5179":" ","5180":" ","5181":"u","5182":"p","5183":"d","5184":"a","5185":"t","5186":"e","5187":"S","5188":"e","5189":"a","5190":"r","5191":"c","5192":"h","5193":",","5194":"\\","5195":"n","5196":" ","5197":" ","5198":" ","5199":" ","5200":" ","5201":" ","5202":"u","5203":"p","5204":"d","5205":"a","5206":"t","5207":"e","5208":"G","5209":"e","5210":"n","5211":"d","5212":"e","5213":"r","5214":",","5215":"\\","5216":"n","5217":" ","5218":" ","5219":" ","5220":" ","5221":" ","5222":" ","5223":"c","5224":"l","5225":"o","5226":"s","5227":"e","5228":"D","5229":"r","5230":"o","5231":"p","5232":"d","5233":"o","5234":"w","5235":"n","5236":"\\","5237":"n","5238":" ","5239":" ","5240":" ","5241":" ","5242":"}","5243":";","5244":"\\","5245":"n","5246":" ","5247":" ","5248":"}","5249":",","5250":"\\","5251":"n","5252":" ","5253":" ","5254":"d","5255":"a","5256":"t","5257":"a","5258":"(","5259":")","5260":" ","5261":"{","5262":"\\","5263":"n","5264":" ","5265":" ","5266":" ","5267":" ","5268":"r","5269":"e","5270":"t","5271":"u","5272":"r","5273":"n","5274":" ","5275":"{","5276":"\\","5277":"n","5278":" ","5279":" ","5280":" ","5281":" ","5282":" ","5283":" ","5284":"i","5285":"s","5286":"S","5287":"m","5288":"a","5289":"l","5290":"l","5291":"S","5292":"c","5293":"r","5294":"e","5295":"e","5296":"n","5297":":","5298":" ","5299":"w","5300":"i","5301":"n","5302":"d","5303":"o","5304":"w","5305":".","5306":"i","5307":"n","5308":"n","5309":"e","5310":"r","5311":"W","5312":"i","5313":"d","5314":"t","5315":"h","5316":" ","5317":"<","5318":"=","5319":" ","5320":"6","5321":"0","5322":"0","5323":"\\","5324":"n","5325":" ","5326":" ","5327":" ","5328":" ","5329":"}","5330":";","5331":"\\","5332":"n","5333":" ","5334":" ","5335":"}","5336":"\\","5337":"n","5338":"}","5339":")","5340":";","5341":"\\","5342":"n","5343":"<","5344":"/","5345":"s","5346":"c","5347":"r","5348":"i","5349":"p","5350":"t","5351":">","5352":"\\","5353":"n","5354":"\\","5355":"n","5356":"<","5357":"s","5358":"t","5359":"y","5360":"l","5361":"e","5362":" ","5363":"s","5364":"c","5365":"o","5366":"p","5367":"e","5368":"d","5369":">","5370":"\\","5371":"n","5372":".","5373":"s","5374":"e","5375":"a","5376":"r","5377":"c","5378":"h","5379":"-","5380":"b","5381":"a","5382":"r","5383":"_","5384":"_","5385":"i","5386":"n","5387":"p","5388":"u","5389":"t","5390":"-","5391":"c","5392":"o","5393":"n","5394":"t","5395":"a","5396":"i","5397":"n","5398":"e","5399":"r","5400":" ","5401":"{","5402":"\\","5403":"n","5404":" ","5405":" ","5406":"p","5407":"o","5408":"s","5409":"i","5410":"t","5411":"i","5412":"o","5413":"n","5414":":","5415":" ","5416":"r","5417":"e","5418":"l","5419":"a","5420":"t","5421":"i","5422":"v","5423":"e","5424":";","5425":"\\","5426":"n","5427":" ","5428":" ","5429":"d","5430":"i","5431":"s","5432":"p","5433":"l","5434":"a","5435":"y","5436":":","5437":" ","5438":"f","5439":"l","5440":"e","5441":"x","5442":";","5443":"\\","5444":"n","5445":" ","5446":" ","5447":"a","5448":"l","5449":"i","5450":"g","5451":"n","5452":"-","5453":"i","5454":"t","5455":"e","5456":"m","5457":"s","5458":":","5459":" ","5460":"c","5461":"e","5462":"n","5463":"t","5464":"e","5465":"r","5466":";","5467":"\\","5468":"n","5469":" ","5470":" ","5471":"w","5472":"i","5473":"d","5474":"t","5475":"h","5476":":","5477":" ","5478":"6","5479":"0","5480":"%","5481":";","5482":"\\","5483":"n","5484":" ","5485":" ","5486":"h","5487":"e","5488":"i","5489":"g","5490":"h","5491":"t","5492":":","5493":" ","5494":"5","5495":"0","5496":"p","5497":"x","5498":";","5499":"\\","5500":"n","5501":" ","5502":" ","5503":"b","5504":"o","5505":"x","5506":"-","5507":"s","5508":"i","5509":"z","5510":"i","5511":"n","5512":"g","5513":":","5514":" ","5515":"b","5516":"o","5517":"r","5518":"d","5519":"e","5520":"r","5521":"-","5522":"b","5523":"o","5524":"x","5525":";","5526":"\\","5527":"n","5528":" ","5529":" ","5530":"m","5531":"a","5532":"r","5533":"g","5534":"i","5535":"n","5536":"-","5537":"t","5538":"o","5539":"p","5540":":","5541":" ","5542":"8","5543":"%","5544":";","5545":"\\","5546":"n","5547":" ","5548":" ","5549":"m","5550":"a","5551":"r","5552":"g","5553":"i","5554":"n","5555":"-","5556":"l","5557":"e","5558":"f","5559":"t","5560":":","5561":" ","5562":"5","5563":"%","5564":";","5565":"\\","5566":"n","5567":"}","5568":"\\","5569":"n","5570":".","5571":"s","5572":"e","5573":"a","5574":"r","5575":"c","5576":"h","5577":"-","5578":"b","5579":"a","5580":"r","5581":" ","5582":"{","5583":"\\","5584":"n","5585":" ","5586":" ","5587":"d","5588":"i","5589":"s","5590":"p","5591":"l","5592":"a","5593":"y","5594":":","5595":" ","5596":"f","5597":"l","5598":"e","5599":"x","5600":";","5601":"\\","5602":"n","5603":" ","5604":" ","5605":"j","5606":"u","5607":"s","5608":"t","5609":"i","5610":"f","5611":"y","5612":"-","5613":"c","5614":"o","5615":"n","5616":"t","5617":"e","5618":"n","5619":"t","5620":":","5621":" ","5622":"s","5623":"p","5624":"a","5625":"c","5626":"e","5627":"-","5628":"b","5629":"e","5630":"t","5631":"w","5632":"e","5633":"e","5634":"n","5635":";","5636":"\\","5637":"n","5638":" ","5639":" ","5640":"a","5641":"l","5642":"i","5643":"g","5644":"n","5645":"-","5646":"i","5647":"t","5648":"e","5649":"m","5650":"s","5651":":","5652":" ","5653":"c","5654":"e","5655":"n","5656":"t","5657":"e","5658":"r","5659":";","5660":"\\","5661":"n","5662":" ","5663":" ","5664":"w","5665":"i","5666":"d","5667":"t","5668":"h","5669":":","5670":" ","5671":"1","5672":"0","5673":"0","5674":"%","5675":";","5676":"\\","5677":"n","5678":" ","5679":" ","5680":"m","5681":"a","5682":"x","5683":"-","5684":"w","5685":"i","5686":"d","5687":"t","5688":"h","5689":":","5690":" ","5691":"6","5692":"0","5693":"0","5694":"p","5695":"x","5696":";","5697":"\\","5698":"n","5699":" ","5700":" ","5701":"m","5702":"a","5703":"r","5704":"g","5705":"i","5706":"n","5707":":","5708":" ","5709":"0","5710":" ","5711":"a","5712":"u","5713":"t","5714":"o","5715":";","5716":"\\","5717":"n","5718":"}","5719":"\\","5720":"n","5721":".","5722":"s","5723":"e","5724":"a","5725":"r","5726":"c","5727":"h","5728":"-","5729":"i","5730":"c","5731":"o","5732":"n","5733":" ","5734":"{","5735":"\\","5736":"n","5737":" ","5738":" ","5739":"p","5740":"o","5741":"s","5742":"i","5743":"t","5744":"i","5745":"o","5746":"n","5747":":","5748":" ","5749":"a","5750":"b","5751":"s","5752":"o","5753":"l","5754":"u","5755":"t","5756":"e","5757":";","5758":"\\","5759":"n","5760":" ","5761":" ","5762":"l","5763":"e","5764":"f","5765":"t","5766":":","5767":" ","5768":"1","5769":".","5770":"5","5771":"r","5772":"e","5773":"m","5774":";","5775":"\\","5776":"n","5777":" ","5778":" ","5779":"t","5780":"o","5781":"p","5782":":","5783":" ","5784":"5","5785":"0","5786":"%","5787":";","5788":"\\","5789":"n","5790":" ","5791":" ","5792":"t","5793":"r","5794":"a","5795":"n","5796":"s","5797":"f","5798":"o","5799":"r","5800":"m","5801":":","5802":" ","5803":"t","5804":"r","5805":"a","5806":"n","5807":"s","5808":"l","5809":"a","5810":"t","5811":"e","5812":"Y","5813":"(","5814":"-","5815":"5","5816":"0","5817":"%","5818":")","5819":";","5820":"\\","5821":"n","5822":" ","5823":" ","5824":"f","5825":"o","5826":"n","5827":"t","5828":"-","5829":"s","5830":"i","5831":"z","5832":"e","5833":":","5834":" ","5835":"1","5836":".","5837":"4","5838":"r","5839":"e","5840":"m","5841":";","5842":"\\","5843":"n","5844":" ","5845":" ","5846":"c","5847":"o","5848":"l","5849":"o","5850":"r","5851":":","5852":" ","5853":"v","5854":"a","5855":"r","5856":"(","5857":"-","5858":"-","5859":"p","5860":"r","5861":"i","5862":"m","5863":"a","5864":"r","5865":"y","5866":"-","5867":"c","5868":"o","5869":"l","5870":"o","5871":"r","5872":")","5873":";","5874":"\\","5875":"n","5876":" ","5877":" ","5878":"p","5879":"o","5880":"i","5881":"n","5882":"t","5883":"e","5884":"r","5885":"-","5886":"e","5887":"v","5888":"e","5889":"n","5890":"t","5891":"s","5892":":","5893":" ","5894":"n","5895":"o","5896":"n","5897":"e","5898":";","5899":"\\","5900":"n","5901":"}","5902":"\\","5903":"n","5904":".","5905":"s","5906":"e","5907":"a","5908":"r","5909":"c","5910":"h","5911":"-","5912":"b","5913":"a","5914":"r","5915":"_","5916":"_","5917":"i","5918":"n","5919":"p","5920":"u","5921":"t","5922":" ","5923":"{","5924":"\\","5925":"n","5926":" ","5927":" ","5928":"w","5929":"i","5930":"d","5931":"t","5932":"h","5933":":","5934":" ","5935":"1","5936":"0","5937":"0","5938":"%","5939":";","5940":"\\","5941":"n","5942":" ","5943":" ","5944":"p","5945":"a","5946":"d","5947":"d","5948":"i","5949":"n","5950":"g","5951":":","5952":" ","5953":"1","5954":".","5955":"1","5956":"r","5957":"e","5958":"m","5959":";","5960":"\\","5961":"n","5962":" ","5963":" ","5964":"b","5965":"o","5966":"r","5967":"d","5968":"e","5969":"r","5970":":","5971":" ","5972":"n","5973":"o","5974":"n","5975":"e","5976":";","5977":"\\","5978":"n","5979":" ","5980":" ","5981":"b","5982":"o","5983":"r","5984":"d","5985":"e","5986":"r","5987":"-","5988":"r","5989":"a","5990":"d","5991":"i","5992":"u","5993":"s","5994":":","5995":" ","5996":"5","5997":"0","5998":"p","5999":"x","6000":";","6001":"\\","6002":"n","6003":" ","6004":" ","6005":"b","6006":"o","6007":"x","6008":"-","6009":"s","6010":"h","6011":"a","6012":"d","6013":"o","6014":"w","6015":":","6016":" ","6017":"v","6018":"a","6019":"r","6020":"(","6021":"-","6022":"-","6023":"s","6024":"h","6025":"a","6026":"d","6027":"o","6028":"w","6029":"-","6030":"l","6031":"i","6032":"g","6033":"h","6034":"t","6035":")","6036":";","6037":"\\","6038":"n","6039":" ","6040":" ","6041":"p","6042":"a","6043":"d","6044":"d","6045":"i","6046":"n","6047":"g","6048":"-","6049":"l","6050":"e","6051":"f","6052":"t","6053":":","6054":" ","6055":"4","6056":"r","6057":"e","6058":"m","6059":";","6060":"\\","6061":"n","6062":" ","6063":" ","6064":"b","6065":"a","6066":"c","6067":"k","6068":"g","6069":"r","6070":"o","6071":"u","6072":"n","6073":"d","6074":"-","6075":"s","6076":"i","6077":"z","6078":"e","6079":":","6080":" ","6081":"3","6082":"r","6083":"e","6084":"m","6085":";","6086":"\\","6087":"n","6088":"}","6089":"\\","6090":"n","6091":".","6092":"s","6093":"e","6094":"a","6095":"r","6096":"c","6097":"h","6098":"-","6099":"b","6100":"a","6101":"r","6102":"_","6103":"_","6104":"s","6105":"e","6106":"l","6107":"e","6108":"c","6109":"t","6110":" ","6111":"{","6112":"\\","6113":"n","6114":" ","6115":" ","6116":"d","6117":"i","6118":"s","6119":"p","6120":"l","6121":"a","6122":"y","6123":":","6124":" ","6125":"f","6126":"l","6127":"e","6128":"x","6129":";","6130":"\\","6131":"n","6132":" ","6133":" ","6134":"a","6135":"l","6136":"i","6137":"g","6138":"n","6139":"-","6140":"i","6141":"t","6142":"e","6143":"m","6144":"s","6145":":","6146":" ","6147":"c","6148":"e","6149":"n","6150":"t","6151":"e","6152":"r","6153":";","6154":"\\","6155":"n","6156":" ","6157":" ","6158":"j","6159":"u","6160":"s","6161":"t","6162":"i","6163":"f","6164":"y","6165":"-","6166":"c","6167":"o","6168":"n","6169":"t","6170":"e","6171":"n","6172":"t","6173":":","6174":" ","6175":"c","6176":"e","6177":"n","6178":"t","6179":"e","6180":"r","6181":";","6182":"\\","6183":"n","6184":" ","6185":" ","6186":"m","6187":"a","6188":"r","6189":"g","6190":"i","6191":"n","6192":"-","6193":"t","6194":"o","6195":"p","6196":":","6197":" ","6198":"8","6199":"%","6200":";","6201":"\\","6202":"n","6203":" ","6204":" ","6205":"m","6206":"a","6207":"r","6208":"g","6209":"i","6210":"n","6211":"-","6212":"r","6213":"i","6214":"g","6215":"h","6216":"t","6217":":
[...]
8":".","4059":"a","4060":"d","4061":"d","4062":"E","4063":"v","4064":"e","4065":"n","4066":"t","4067":"L","4068":"i","4069":"s","4070":"t","4071":"e","4072":"n","4073":"e","4074":"r","4075":"(","4076":"'","4077":"r","4078":"e","4079":"s","4080":"i","4081":"z","4082":"e","4083":"'","4084":",","4085":" ","4086":"u","4087":"p","4088":"d","4089":"a","4090":"t","4091":"e","4092":"W","4093":"i","4094":"n","4095":"d","4096":"o","4097":"w","4098":"W","4099":"i","4100":"d","4101":"t","4102":"h","4103":")","4104":";","4105":"\\","4106":"n","4107":" ","4108":" ","4109":" ","4110":" ","4111":" ","4112":" ","4113":"t","4114":"r","4115":"y","4116":" ","4117":"{","4118":"\\","4119":"n","4120":" ","4121":" ","4122":" ","4123":" ","4124":" ","4125":" ","4126":" ","4127":" ","4128":"a","4129":"w","4130":"a","4131":"i","4132":"t","4133":" ","4134":"s","4135":"t","4136":"o","4137":"r","4138":"e","4139":".","4140":"d","4141":"i","4142":"s","4143":"p","4144":"a","4145":"t","4146":"c","4147":"h","4148":"(","4149":"'","4150":"F","4151":"E","4152":"T","4153":"C","4154":"H","4155":"_","4156":"U","4157":"S","4158":"E","4159":"R","4160":"S","4161":"'","4162":")","4163":";","4164":"\\","4165":"n","4166":" ","4167":" ","4168":" ","4169":" ","4170":" ","4171":" ","4172":"}","4173":" ","4174":"c","4175":"a","4176":"t","4177":"c","4178":"h","4179":" ","4180":"(","4181":"e","4182":"r","4183":"r","4184":"o","4185":"r","4186":")","4187":" ","4188":"{","4189":"\\","4190":"n","4191":" ","4192":" ","4193":" ","4194":" ","4195":" ","4196":" ","4197":" ","4198":" ","4199":"c","4200":"o","4201":"n","4202":"s","4203":"o","4204":"l","4205":"e","4206":".","4207":"e","4208":"r","4209":"r","4210":"o","4211":"r","4212":"(","4213":"'","4214":"F","4215":"a","4216":"i","4217":"l","4218":"e","4219":"d","4220":" ","4221":"t","4222":"o","4223":" ","4224":"f","4225":"e","4226":"t","4227":"c","4228":"h","4229":" ","4230":"u","4231":"s","4232":"e","4233":"r","4234":"s","4235":":","4236":"'","4237":",","4238":" ","4239":"e","4240":"r","4241":"r","4242":"o","4243":"r","4244":")","4245":";","4246":"\\","4247":"n","4248":" ","4249":" ","4250":" ","4251":" ","4252":" ","4253":" ","4254":" ","4255":" ","4256":"e","4257":"r","4258":"r","4259":"o","4260":"r","4261":"M","4262":"e","4263":"s","4264":"s","4265":"a","4266":"g","4267":"e","4268":".","4269":"v","4270":"a","4271":"l","4272":"u","4273":"e","4274":" ","4275":"=","4276":" ","4277":"'","4278":"F","4279":"a","4280":"i","4281":"l","4282":"e","4283":"d","4284":" ","4285":"t","4286":"o","4287":" ","4288":"f","4289":"e","4290":"t","4291":"c","4292":"h","4293":" ","4294":"u","4295":"s","4296":"e","4297":"r","4298":"s","4299":".","4300":" ","4301":"P","4302":"l","4303":"e","4304":"a","4305":"s","4306":"e","4307":" ","4308":"t","4309":"r","4310":"y","4311":" ","4312":"a","4313":"g","4314":"a","4315":"i","4316":"n","4317":" ","4318":"l","4319":"a","4320":"t","4321":"e","4322":"r","4323":".","4324":"'","4325":";","4326":"\\","4327":"n","4328":" ","4329":" ","4330":" ","4331":" ","4332":" ","4333":" ","4334":"}","4335":"\\","4336":"n","4337":" ","4338":" ","4339":" ","4340":" ","4341":"}","4342":")","4343":";","4344":"\\","4345":"n","4346":"\\","4347":"n","4348":" ","4349":" ","4350":" ","4351":" ","4352":"o","4353":"n","4354":"U","4355":"n","4356":"m","4357":"o","4358":"u","4359":"n","4360":"t","4361":"e","4362":"d","4363":"(","4364":"(","4365":")","4366":" ","4367":"=","4368":">","4369":" ","4370":"{","4371":"\\","4372":"n","4373":" ","4374":" ","4375":" ","4376":" ","4377":" ","4378":" ","4379":"w","4380":"i","4381":"n","4382":"d","4383":"o","4384":"w","4385":".","4386":"r","4387":"e","4388":"m","4389":"o","4390":"v","4391":"e","4392":"E","4393":"v","4394":"e","4395":"n","4396":"t","4397":"L","4398":"i","4399":"s","4400":"t","4401":"e","4402":"n","4403":"e","4404":"r","4405":"(","4406":"'","4407":"r","4408":"e","4409":"s","4410":"i","4411":"z","4412":"e","4413":"'","4414":",","4415":" ","4416":"u","4417":"p","4418":"d","4419":"a","4420":"t","4421":"e","4422":"W","4423":"i","4424":"n","4425":"d","4426":"o","4427":"w","4428":"W","4429":"i","4430":"d","4431":"t","4432":"h","4433":")","4434":";","4435":"\\","4436":"n","4437":" ","4438":" ","4439":" ","4440":" ","4441":"}","4442":")","4443":";","4444":"\\","4445":"n","4446":"\\","4447":"n","4448":" ","4449":" ","4450":" ","4451":" ","4452":"/","4453":"/","4454":" ","4455":"T","4456":"h","4457":"e","4458":" ","4459":"w","4460":"i","4461":"d","4462":"t","4463":"h","4464":" ","4465":"o","4466":"f","4467":" ","4468":"t","4469":"h","4470":"e","4471":" ","4472":"u","4473":"s","4474":"e","4475":"r","4476":" ","4477":"l","4478":"i","4479":"s","4480":"t","4481":" ","4482":"d","4483":"e","4484":"p","4485":"e","4486":"n","4487":"d","4488":"s","4489":" ","4490":"o","4491":"n","4492":" ","4493":"t","4494":"h","4495":"e","4496":" ","4497":"w","4498":"i","4499":"n","4500":"d","4501":"o","4502":"w","4503":" ","4504":"w","4505":"i","4506":"d","4507":"t","4508":"h","4509":" ","4510":"a","4511":"n","4512":"d","4513":" ","4514":"w","4515":"h","4516":"e","4517":"t","4518":"h","4519":"e","4520":"r","4521":" ","4522":"a","4523":" ","4524":"u","4525":"s","4526":"e","4527":"r","4528":" ","4529":"i","4530":"s","4531":" ","4532":"s","4533":"e","4534":"l","4535":"e","4536":"c","4537":"t","4538":"e","4539":"d","4540":"\\","4541":"n","4542":" ","4543":" ","4544":" ","4545":" ","4546":"c","4547":"o","4548":"n","4549":"s","4550":"t","4551":" ","4552":"u","4553":"s","4554":"e","4555":"r","4556":"L","4557":"i","4558":"s","4559":"t","4560":"S","4561":"t","4562":"y","4563":"l","4564":"e","4565":" ","4566":"=","4567":" ","4568":"c","4569":"o","4570":"m","4571":"p","4572":"u","4573":"t","4574":"e","4575":"d","4576":"(","4577":"(","4578":")","4579":" ","4580":"=","4581":">","4582":" ","4583":"{","4584":"\\","4585":"n","4586":" ","4587":" ","4588":" ","4589":" ","4590":" ","4591":" ","4592":"i","4593":"f","4594":" ","4595":"(","4596":"w","4597":"i","4598":"n","4599":"d","4600":"o","4601":"w","4602":"W","4603":"i","4604":"d","4605":"t","4606":"h","4607":".","4608":"v","4609":"a","4610":"l","4611":"u","4612":"e","4613":" ","4614":">","4615":"=","4616":" ","4617":"1","4618":"2","4619":"8","4620":"0","4621":" ","4622":"&","4623":"&","4624":" ","4625":"s","4626":"e","4627":"l","4628":"e","4629":"c","4630":"t","4631":"e","4632":"d","4633":"U","4634":"s","4635":"e","4636":"r","4637":".","4638":"v","4639":"a","4640":"l","4641":"u","4642":"e","4643":")","4644":" ","4645":"{","4646":"\\","4647":"n","4648":" ","4649":" ","4650":" ","4651":" ","4652":" ","4653":" ","4654":" ","4655":" ","4656":"r","4657":"e","4658":"t","4659":"u","4660":"r","4661":"n","4662":" ","4663":"{","4664":" ","4665":"w","4666":"i","4667":"d","4668":"t","4669":"h","4670":":","4671":" ","4672":"'","4673":"4","4674":"0","4675":"%","4676":"'","4677":" ","4678":"}","4679":";","4680":"\\","4681":"n","4682":" ","4683":" ","4684":" ","4685":" ","4686":" ","4687":" ","4688":"}","4689":" ","4690":"e","4691":"l","4692":"s","4693":"e","4694":" ","4695":"{","4696":"\\","4697":"n","4698":" ","4699":" ","4700":" ","4701":" ","4702":" ","4703":" ","4704":" ","4705":" ","4706":"r","4707":"e","4708":"t","4709":"u","4710":"r","4711":"n","4712":" ","4713":"{","4714":" ","4715":"w","4716":"i","4717":"d","4718":"t","4719":"h","4720":":","4721":" ","4722":"'","4723":"1","4724":"0","4725":"0","4726":"%","4727":"'","4728":" ","4729":"}","4730":";","4731":"\\","4732":"n","4733":" ","4734":" ","4735":" ","4736":" ","4737":" ","4738":" ","4739":"}","4740":"\\","4741":"n","4742":" ","4743":" ","4744":" ","4745":" ","4746":"}","4747":")","4748":";","4749":"\\","4750":"n","4751":"\\","4752":"n","4753":" ","4754":" ","4755":" ","4756":" ","4757":"c","4758":"o","4759":"n","4760":"s","4761":"t","4762":" ","4763":"u","4764":"p","4765":"d","4766":"a","4767":"t","4768":"e","4769":"S","4770":"e","4771":"a","4772":"r","4773":"c","4774":"h","4775":" ","4776":"=","4777":" ","4778":"(","4779":"v","4780":"a","4781":"l","4782":"u","4783":"e","4784":":","4785":" ","4786":"s","4787":"t","4788":"r","4789":"i","4790":"n","4791":"g","4792":")","4793":" ","4794":"=","4795":">","4796":" ","4797":"{","4798":"\\","4799":"n","4800":" ","4801":" ","4802":" ","4803":" ","4804":" ","4805":" ","4806":"s","4807":"t","4808":"o","4809":"r","4810":"e","4811":".","4812":"c","4813":"o","4814":"m","4815":"m","4816":"i","4817":"t","4818":"(","4819":"'","4820":"s","4821":"e","4822":"t","4823":"S","4824":"e","4825":"a","4826":"r","4827":"c","4828":"h","4829":"Q","4830":"u","4831":"e","4832":"r","4833":"y","4834":"'","4835":",","4836":" ","4837":"v","4838":"a","4839":"l","4840":"u","4841":"e","4842":")","4843":";","4844":"\\","4845":"n","4846":" ","4847":" ","4848":" ","4849":" ","4850":"}","4851":";","4852":"\\","4853":"n","4854":"\\","4855":"n","4856":" ","4857":" ","4858":" ","4859":" ","4860":"c","4861":"o","4862":"n","4863":"s","4864":"t","4865":" ","4866":"u","4867":"p","4868":"d","4869":"a","4870":"t","4871":"e","4872":"G","4873":"e","4874":"n","4875":"d","4876":"e","4877":"r","4878":" ","4879":"=","4880":" ","4881":"(","4882":"v","4883":"a","4884":"l","4885":"u","4886":"e","4887":":","4888":" ","4889":"s","4890":"t","4891":"r","4892":"i","4893":"n","4894":"g","4895":")","4896":" ","4897":"=","4898":">","4899":" ","4900":"{","4901":"\\","4902":"n","4903":" ","4904":" ","4905":" ","4906":" ","4907":" ","4908":" ","4909":"s","4910":"t","4911":"o","4912":"r","4913":"e","4914":".","4915":"c","4916":"o","4917":"m","4918":"m","4919":"i","4920":"t","4921":"(","4922":"'","4923":"s","4924":"e","4925":"t","4926":"G","4927":"e","4928":"n","4929":"d","4930":"e","4931":"r","4932":"'","4933":",","4934":" ","4935":"v","4936":"a","4937":"l","4938":"u","4939":"e","4940":")","4941":";","4942":"\\","4943":"n","4944":" ","4945":" ","4946":" ","4947":" ","4948":"}","4949":";","4950":"\\","4951":"n","4952":"\\","4953":"n","4954":" ","4955":" ","4956":" ","4957":" ","4958":"/","4959":"/","4960":" ","4961":"W","4962":"h","4963":"e","4964":"n","4965":" ","4966":"a","4967":" ","4968":"u","4969":"s","4970":"e","4971":"r","4972":" ","4973":"i","4974":"s","4975":" ","4976":"s","4977":"e","4978":"l","4979":"e","4980":"c","4981":"t","4982":"e","4983":"d","4984":",","4985":" ","4986":"i","4987":"t","4988":"'","4989":"s","4990":" ","4991":"s","4992":"e","4993":"t","4994":" ","4995":"i","4996":"n","4997":" ","4998":"t","4999":"h","5000":"e","5001":" ","5002":"V","5003":"u","5004":"e","5005":"x","5006":" ","5007":"s","5008":"t","5009":"o","5010":"r","5011":"e","5012":"\\","5013":"n","5014":" ","5015":" ","5016":" ","5017":" ","5018":"c","5019":"o","5020":"n","5021":"s","5022":"t","5023":" ","5024":"s","5025":"h","5026":"o","5027":"w","5028":"U","5029":"s","5030":"e","5031":"r","5032":"D","5033":"e","5034":"t","5035":"a","5036":"i","5037":"l","5038":"s","5039":" ","5040":"=","5041":" ","5042":"(","5043":"u","5044":"s","5045":"e","5046":"r","5047":":","5048":" ","5049":"U","5050":"s","5051":"e","5052":"r","5053":")","5054":" ","5055":"=","5056":">","5057":" ","5058":"{","5059":"\\","5060":"n","5061":" ","5062":" ","5063":" ","5064":" ","5065":" ","5066":" ","5067":"s","5068":"t","5069":"o","5070":"r","5071":"e","5072":".","5073":"c","5074":"o","5075":"m","5076":"m","5077":"i","5078":"t","5079":"(","5080":"'","5081":"s","5082":"e","5083":"t","5084":"S","5085":"e","5086":"l","5087":"e","5088":"c","5089":"t","5090":"e","5091":"d","5092":"U","5093":"s","5094":"e","5095":"r","5096":"'","5097":",","5098":" ","5099":"u","5100":"s","5101":"e","5102":"r","5103":")","5104":";","5105":"\\","5106":"n","5107":" ","5108":" ","5109":" ","5110":" ","5111":"}","5112":";","5113":"\\","5114":"n","5115":"\\","5116":"n","5117":" ","5118":" ","5119":" ","5120":" ","5121":"/","5122":"/","5123":" ","5124":"C","5125":"l","5126":"e","5127":"a","5128":"r","5129":" ","5130":"t","5131":"h","5132":"e","5133":" ","5134":"s","5135":"e","5136":"l","5137":"e","5138":"c","5139":"t","5140":"e","5141":"d","5142":" ","5143":"u","5144":"s","5145":"e","5146":"r","5147":" ","5148":"i","5149":"n","5150":" ","5151":"t","5152":"h","5153":"e","5154":" ","5155":"V","5156":"u","5157":"e","5158":"x","5159":" ","5160":"s","5161":"t","5162":"o","5163":"r","5164":"e","5165":" ","5166":"w","5167":"h","5168":"e","5169":"n","5170":" ","5171":"t","5172":"h","5173":"e","5174":" ","5175":"m","5176":"o","5177":"d","5178":"a","5179":"l","5180":" ","5181":"i","5182":"s","5183":" ","5184":"c","5185":"l","5186":"o","5187":"s","5188":"e","5189":"d","5190":"\\","5191":"n","5192":" ","5193":" ","5194":" ","5195":" ","5196":"c","5197":"o","5198":"n","5199":"s","5200":"t","5201":" ","5202":"c","5203":"l","5204":"o","5205":"s","5206":"e","5207":"M","5208":"o","5209":"d","5210":"a","5211":"l","5212":" ","5213":"=","5214":" ","5215":"(","5216":")","5217":" ","5218":"=","5219":">","5220":" ","5221":"{","5222":"\\","5223":"n","5224":" ","5225":" ","5226":" ","5227":" ","5228":" ","5229":" ","5230":"s","5231":"t","5232":"o","5233":"r","5234":"e","5235":".","5236":"c","5237":"o","5238":"m","5239":"m","5240":"i","5241":"t","5242":"(","5243":"'","5244":"c","5245":"l","5246":"e","5247":"a","5248":"r","5249":"S","5250":"e","5251":"l","5252":"e","5253":"c","5254":"t","5255":"e","5256":"d","5257":"U","5258":"s","5259":"e","5260":"r","5261":"'","5262":")","5263":";","5264":"\\","5265":"n","5266":" ","5267":" ","5268":" ","5269":" ","5270":"}","5271":";","5272":"\\","5273":"n","5274":"\\","5275":"n","5276":" ","5277":" ","5278":" ","5279":" ","5280":"r","5281":"e","5282":"t","5283":"u","5284":"r","5285":"n","5286":" ","5287":"{","5288":"\\","5289":"n","5290":" ","5291":" ","5292":" ","5293":" ","5294":" ","5295":" ","5296":"s","5297":"e","5298":"l","5299":"e","5300":"c","5301":"t","5302":"e","5303":"d","5304":"U","5305":"s","5306":"e","5307":"r","5308":",","5309":"\\","5310":"n","5311":" ","5312":" ","5313":" ","5314":" ","5315":" ","5316":" ","5317":"s","5318":"e","5319":"a","5320":"r","5321":"c","5322":"h","5323":"Q","5324":"u","5325":"e","5326":"r","5327":"y","5328":",","5329":"\\","5330":"n","5331":" ","5332":" ","5333":" ","5334":" ","5335":" ","5336":" ","5337":"g","5338":"e","5339":"n","5340":"d","5341":"e","5342":"r","5343":",","5344":"\\","5345":"n","5346":" ","5347":" ","5348":" ","5349":" ","5350":" ","5351":" ","5352":"u","5353":"s","5354":"e","5355":"r","5356":"L","5357":"i","5358":"s","5359":"t","5360":"S","5361":"t","5362":"y","5363":"l","5364":"e","5365":",","5366":"\\","5367":"n","5368":" ","5369":" ","5370":" ","5371":" ","5372":" ","5373":" ","5374":"e","5375":"r","5376":"r","5377":"o","5378":"r","5379":"M","5380":"e","5381":"s","5382":"s","5383":"a","5384":"g","5385":"e","5386":",","5387":"\\","5388":"n","5389":" ","5390":" ","5391":" ","5392":" ","5393":" ","5394":" ","5395":"u","5396":"p","5397":"d","5398":"a","5399":"t","5400":"e","5401":"S","5402":"e","5403":"a","5404":"r","5405":"c","5406":"h","5407":",","5408":"\\","5409":"n","5410":" ","5411":" ","5412":" ","5413":" ","5414":" ","5415":" ","5416":"u","5417":"p","5418":"d","5419":"a","5420":"t","5421":"e","5422":"G","5423":"e","5424":"n","5425":"d","5426":"e","5427":"r","5428":",","5429":"\\","5430":"n","5431":" ","5432":" ","5433":" ","5434":" ","5435":" ","5436":" ","5437":"s","5438":"h","5439":"o","5440":"w","5441":"U","5442":"s","5443":"e","5444":"r","5445":"D","5446":"e","5447":"t","5448":"a","5449":"i","5450":"l","5451":"s","5452":",","5453":"\\","5454":"n","5455":" ","5456":" ","5457":" ","5458":" ","5459":" ","5460":" ","5461":"c","5462":"l","5463":"o","5464":"s","5465":"e","5466":"M","5467":"o","5468":"d","5469":"a","5470":"l","5471":"\\","5472":"n","5473":" ","5474":" ","5475":" ","5476":" ","5477":"}","5478":";","5479":"\\","5480":"n","5481":" ","5482":" ","5483":"}","5484":"\\","5485":"n","5486":"}","5487":")","5488":";","5489":"\\","5490":"n","5491":"<","5492":"/","5493":"s","5494":"c","5495":"r","5496":"i","5497":"p","5498":"t","5499":">","5500":"\\","5501":"n","5502":"\\","5503":"n","5504":"<","5505":"s","5506":"t","5507":"y","5508":"l","5509":"e","5510":" ","5511":"s","5512":"c","5513":"o","5514":"p","5515":"e","5516":"d","5517":">","5518":"\\","5519":"n","5520":".","5521":"a","5522":"p","5523":"p","5524":"-","5525":"c","5526":"o","5527":"n","5528":"t","5529":"a","5530":"i","5531":"n","5532":"e","5533":"r","5534":" ","5535":"{","5536":"\\","5537":"n","5538":" ","5539":" ","5540":"d","5541":"i","5542":"s","5543":"p","5544":"l","5545":"a","5546":"y","5547":":","5548":" ","5549":"f","5550":"l","5551":"e","5552":"x","5553":";","5554":"\\","5555":"n","5556":" ","5557":" ","5558":"h","5559":"e","5560":"i","5561":"g","5562":"h","5563":"t","5564":":","5565":" ","5566":"1","5567":"0","5568":"0","5569":"v","5570":"h","5571":";","5572":"\\","5573":"n","5574":" ","5575":" ","5576":"w","5577":"i","5578":"d","5579":"t","5580":"h","5581":":","5582":" ","5583":"1","5584":"0","5585":"0","5586":"%","5587":";","5588":"\\","5589":"n","5590":"}","5591":"\\","5592":"n","5593":".","5594":"u","5595":"s","5596":"e","5597":"r","5598":"-","5599":"l","5600":"i","5601":"s","5602":"t","5603":" ","5604":"{","5605":"\\","5606":"n","5607":" ","5608":" ","5609":"o","5610":"v","5611":"e","5612":"r","5613":"f","5614":"l","5615":"o","5616":"w","5617":"-","5618":"y","5619":":","5620":" ","5621":"a","5622":"u","5623":"t","5624":"o","5625":";","5626":"\\","5627":"n","5628":" ","5629":" ","5630":"h","5631":"e","5632":"i","5633":"g","5634":"h","5635":"t","5636":":","5637":" ","5638":"1","5639":"0","5640":"0","5641":"v","5642":"h","5643":";","5644":"\\","5645":"n","5646":" ","5647":" ","5648":"d","5649":"i","5650":"s","5651":"p","5652":"l","5653":"a","5654":"y","5655":":","5656":" ","5657":"f","5658":"l","5659":"e","5660":"x","5661":";","5662":"\\","5663":"n","5664":" ","5665":" ","5666":"f","5667":"l","5668":"e","5669":"x","5670":"-","5671":"d","5672":"i","5673":"r","5674":"e","5675":"c","5676":"t","5677":"i","5678":"o","5679":"n","5680":":","5681":" ","5682":"c","5683":"o","5684":"l","5685":"u","5686":"m","5687":"n","5688":";","5689":"\\","5690":"n","5691":" ","5692":" ","5693":"a","5694":"l","5695":"i","5696":"g","5697":"n","5698":"-","5699":"i","5700":"t","5701":"e","5702":"m","5703":"s","5704":":","5705":" ","5706":"c","5707":"e","5708":"n","5709":"t","5710":"e","5711":"r","5712":";","5713":"\\","5714":"n","5715":"}","5716":"\\","5717":"n","5718":".","5719":"u","5720":"s","5721":"e","5722":"r","5723":"-","5724":"d","5725":"e","5726":"t","5727":"a","5728":"i","5729":"l","5730":"s","5731":"-","5732":"c","5733":"o","5734":"n","5735":"t","5736":"a","5737":"i","5738":"n","5739":"e","5740":"r","5741":" ","5742":"{","5743":"\\","5744":"n","5745":" ","5746":" ","5747":"o","5748":"v","5749":"e","5750":"r","5751":"f","5752":"l","5753":"o","5754":"w","5755":":","5756":" ","5757":"h","5758":"i","5759":"d","5760":"d","5761":"e","5762":"n","5763":";","5764":"\\","5765":"n","5766":"}","5767":"\\","5768":"n","5769":".","5770":"e","5771":"r","5772":"r","5773":"o","5774":"r","5775":"-","5776":"m","5777":"e","5778":"s","5779":"s","5780":"a","5781":"g","5782":"e","5783":" ","5784":"{","5785":"\\","5786":"n","5787":" ","5788":" ","5789":"c","5790":"o","5791":"l","5792":"o","5793":"r","5794":":","5795":" ","5796":"r","5797":"e","5798":"d","5799":";","5800":"\\","5801":"n","5802":" ","5803":" ","5804":"f","5805":"o","5806":"n","5807":"t","5808":"-","5809":"w","5810":"e","5811":"i","5812":"g","5813":"h","5814":"t","5815":":","5816":" ","5817":"b","5818":"o","5819":"l","5820":"d","5821":";","5822":"\\","5823":"n","5824":" ","5825":" ","5826":"m","5827":"a","5828":"r","5829":"g","5830":"i","5831":"n","5832":":","5833":" ","5834":"1","5835":"0","5836":"p","5837":"x","5838":" ","5839":"0","5840":";","5841":"\\","5842":"n","5843":"}","5844":"\\","5845":"n","5846":"<","5847":"/","5848":"s","5849":"t","5850":"y","5851":"l","5852":"e","5853":">","5854":"\\","5855":"n","5856":"\"","5857":"]","5858":"}"},"_coverageSchema":"1a1c01bbd47fc00a2c39e90264f33305004495a9","hash":"f3ddb4d62328d7ebc956e2d99487107fcf760488"}
}
