{"/Users/sunshine/Desktop/vc-trade/vue-user-profile-search/src/App.vue": {"path":"/Users/sunshine/Desktop/vc-trade/vue-user-profile-search/src/App.vue","statementMap":{"0":{"start":{"line":2,"column":0},"end":{"line":2,"column":62}},"1":{"start":{"line":3,"column":0},"end":{"line":3,"column":24}},"2":{"start":{"line":4,"column":12},"end":{"line":4,"column":26}},"3":{"start":{"line":6,"column":33},"end":{"line":6,"column":75}},"4":{"start":{"line":7,"column":4},"end":{"line":7,"column":84}},"5":{"start":{"line":9,"column":0},"end":{"line":9,"column":24}},"6":{"start":{"line":10,"column":1},"end":{"line":10,"column":48}}},"fnMap":{"0":{"name":"render","decl":{"start":{"line":5,"column":9},"end":{"line":5,"column":15}},"loc":{"start":{"line":5,"column":30},"end":{"line":8,"column":1}},"line":5}},"branchMap":{},"s":{"0":0,"1":0,"2":0,"3":0,"4":0,"5":0,"6":0},"f":{"0":0},"b":{},"inputSourceMap":{"0":"{","1":"\"","2":"v","3":"e","4":"r","5":"s","6":"i","7":"o","8":"n","9":"\"","10":":","11":"3","12":",","13":"\"","14":"s","15":"o","16":"u","17":"r","18":"c","19":"e","20":"s","21":"\"","22":":","23":"[","24":"]","25":",","26":"\"","27":"n","28":"a","29":"m","30":"e","31":"s","32":"\"","33":":","34":"[","35":"]","36":",","37":"\"","38":"m","39":"a","40":"p","41":"p","42":"i","43":"n","44":"g","45":"s","46":"\"","47":":","48":"\"","49":"\"","50":",","51":"\"","52":"f","53":"i","54":"l","55":"e","56":"\"","57":":","58":"\"","59":"/","60":"U","61":"s","62":"e","63":"r","64":"s","65":"/","66":"s","67":"u","68":"n","69":"s","70":"h","71":"i","72":"n","73":"e","74":"/","75":"D","76":"e","77":"s","78":"k","79":"t","80":"o","81":"p","82":"/","83":"v","84":"c","85":"-","86":"t","87":"r","88":"a","89":"d","90":"e","91":"/","92":"v","93":"u","94":"e","95":"-","96":"u","97":"s","98":"e","99":"r","100":"-","101":"p","102":"r","103":"o","104":"f","105":"i","106":"l","107":"e","108":"-","109":"s","110":"e","111":"a","112":"r","113":"c","114":"h","115":"/","116":"s","117":"r","118":"c","119":"/","120":"A","121":"p","122":"p","123":".","124":"v","125":"u","126":"e","127":"\"","128":"}"}}
,"/Users/sunshine/Desktop/vc-trade/vue-user-profile-search/src/components/SearchBar.vue": {"path":"/Users/sunshine/Desktop/vc-trade/vue-user-profile-search/src/components/SearchBar.vue","statementMap":{"0":{"start":{"line":3,"column":0},"end":{"line":5,"column":3}},"1":{"start":{"line":6,"column":12},"end":{"line":6,"column":26}},"2":{"start":{"line":7,"column":13},"end":{"line":7,"column":28}},"3":{"start":{"line":8,"column":0},"end":{"line":100,"column":3}},"4":{"start":{"line":11,"column":15},"end":{"line":11,"column":22}},"5":{"start":{"line":12,"column":16},"end":{"line":12,"column":38}},"6":{"start":{"line":13,"column":15},"end":{"line":13,"column":36}},"7":{"start":{"line":14,"column":18},"end":{"line":23,"column":7}},"8":{"start":{"line":24,"column":17},"end":{"line":32,"column":6}},"9":{"start":{"line":26,"column":8},"end":{"line":26,"column":39}},"10":{"start":{"line":29,"column":8},"end":{"line":29,"column":46}},"11":{"start":{"line":30,"column":8},"end":{"line":30,"column":37}},"12":{"start":{"line":33,"column":17},"end":{"line":41,"column":6}},"13":{"start":{"line":35,"column":8},"end":{"line":35,"column":34}},"14":{"start":{"line":38,"column":8},"end":{"line":38,"column":41}},"15":{"start":{"line":39,"column":8},"end":{"line":39,"column":37}},"16":{"start":{"line":42,"column":23},"end":{"line":44,"column":5}},"17":{"start":{"line":43,"column":6},"end":{"line":43,"column":42}},"18":{"start":{"line":45,"column":23},"end":{"line":47,"column":5}},"19":{"start":{"line":46,"column":6},"end":{"line":46,"column":42}},"20":{"start":{"line":48,"column":23},"end":{"line":57,"column":5}},"21":{"start":{"line":50,"column":23},"end":{"line":52,"column":54}},"22":{"start":{"line":51,"column":8},"end":{"line":51,"column":38}},"23":{"start":{"line":53,"column":6},"end":{"line":53,"column":90}},"24":{"start":{"line":54,"column":6},"end":{"line":54,"column":39}},"25":{"start":{"line":55,"column":6},"end":{"line":55,"column":35}},"26":{"start":{"line":56,"column":6},"end":{"line":56,"column":25}},"27":{"start":{"line":58,"column":29},"end":{"line":63,"column":6}},"28":{"start":{"line":59,"column":19},"end":{"line":61,"column":8}},"29":{"start":{"line":60,"column":8},"end":{"line":60,"column":42}},"30":{"start":{"line":62,"column":6},"end":{"line":62,"column":39}},"31":{"start":{"line":64,"column":4},"end":{"line":73,"column":6}},"32":{"start":{"line":76,"column":4},"end":{"line":78,"column":6}},"33":{"start":{"line":83,"column":6},"end":{"line":83,"column":47}},"34":{"start":{"line":86,"column":6},"end":{"line":86,"column":49}},"35":{"start":{"line":90,"column":4},"end":{"line":90,"column":62}},"36":{"start":{"line":93,"column":4},"end":{"line":93,"column":65}},"37":{"start":{"line":97,"column":6},"end":{"line":97,"column":52}},"38":{"start":{"line":101,"column":0},"end":{"line":101,"column":13}},"39":{"start":{"line":102,"column":0},"end":{"line":102,"column":62}},"40":{"start":{"line":103,"column":0},"end":{"line":103,"column":24}},"41":{"start":{"line":104,"column":12},"end":{"line":104,"column":26}},"42":{"start":{"line":105,"column":17},"end":{"line":105,"column":40}},"43":{"start":{"line":106,"column":17},"end":{"line":106,"column":57}},"44":{"start":{"line":107,"column":17},"end":{"line":107,"column":41}},"45":{"start":{"line":108,"column":17},"end":{"line":108,"column":45}},"46":{"start":{"line":109,"column":17},"end":{"line":109,"column":40}},"47":{"start":{"line":110,"column":17},"end":{"line":110,"column":38}},"48":{"start":{"line":111,"column":17},"end":{"line":111,"column":37}},"49":{"start":{"line":112,"column":17},"end":{"line":112,"column":28}},"50":{"start":{"line":114,"column":39},"end":{"line":114,"column":87}},"51":{"start":{"line":115,"column":4},"end":{"line":163,"column":8}},"52":{"start":{"line":122,"column":85},"end":{"line":122,"column":117}},"53":{"start":{"line":128,"column":35},"end":{"line":128,"column":37}},"54":{"start":{"line":129,"column":24},"end":{"line":131,"column":25}},"55":{"start":{"line":129,"column":38},"end":{"line":129,"column":39}},"56":{"start":{"line":130,"column":28},"end":{"line":130,"column":53}},"57":{"start":{"line":132,"column":24},"end":{"line":132,"column":90}},"58":{"start":{"line":140,"column":67},"end":{"line":140,"column":99}},"59":{"start":{"line":153,"column":20},"end":{"line":157,"column":98}},"60":{"start":{"line":156,"column":78},"end":{"line":156,"column":119}},"61":{"start":{"line":165,"column":0},"end":{"line":165,"column":24}},"62":{"start":{"line":166,"column":1},"end":{"line":166,"column":48}}},"fnMap":{"0":{"name":"(anonymous_0)","decl":{"start":{"line":10,"column":9},"end":{"line":10,"column":10}},"loc":{"start":{"line":10,"column":26},"end":{"line":74,"column":3}},"line":10},"1":{"name":"(anonymous_1)","decl":{"start":{"line":25,"column":11},"end":{"line":25,"column":12}},"loc":{"start":{"line":25,"column":23},"end":{"line":27,"column":7}},"line":25},"2":{"name":"(anonymous_2)","decl":{"start":{"line":28,"column":11},"end":{"line":28,"column":12}},"loc":{"start":{"line":28,"column":28},"end":{"line":31,"column":7}},"line":28},"3":{"name":"(anonymous_3)","decl":{"start":{"line":34,"column":11},"end":{"line":34,"column":12}},"loc":{"start":{"line":34,"column":23},"end":{"line":36,"column":7}},"line":34},"4":{"name":"(anonymous_4)","decl":{"start":{"line":37,"column":11},"end":{"line":37,"column":12}},"loc":{"start":{"line":37,"column":28},"end":{"line":40,"column":7}},"line":37},"5":{"name":"(anonymous_5)","decl":{"start":{"line":42,"column":23},"end":{"line":42,"column":24}},"loc":{"start":{"line":42,"column":35},"end":{"line":44,"column":5}},"line":42},"6":{"name":"(anonymous_6)","decl":{"start":{"line":45,"column":23},"end":{"line":45,"column":24}},"loc":{"start":{"line":45,"column":35},"end":{"line":47,"column":5}},"line":45},"7":{"name":"(anonymous_7)","decl":{"start":{"line":48,"column":23},"end":{"line":48,"column":24}},"loc":{"start":{"line":48,"column":40},"end":{"line":57,"column":5}},"line":48},"8":{"name":"(anonymous_8)","decl":{"start":{"line":50,"column":48},"end":{"line":50,"column":49}},"loc":{"start":{"line":50,"column":66},"end":{"line":52,"column":7}},"line":50},"9":{"name":"(anonymous_9)","decl":{"start":{"line":58,"column":49},"end":{"line":58,"column":50}},"loc":{"start":{"line":58,"column":61},"end":{"line":63,"column":5}},"line":58},"10":{"name":"(anonymous_10)","decl":{"start":{"line":59,"column":38},"end":{"line":59,"column":39}},"loc":{"start":{"line":59,"column":53},"end":{"line":61,"column":7}},"line":59},"11":{"name":"(anonymous_11)","decl":{"start":{"line":75,"column":8},"end":{"line":75,"column":9}},"loc":{"start":{"line":75,"column":20},"end":{"line":79,"column":3}},"line":75},"12":{"name":"(anonymous_12)","decl":{"start":{"line":82,"column":20},"end":{"line":82,"column":21}},"loc":{"start":{"line":82,"column":32},"end":{"line":84,"column":5}},"line":82},"13":{"name":"(anonymous_13)","decl":{"start":{"line":85,"column":22},"end":{"line":85,"column":23}},"loc":{"start":{"line":85,"column":34},"end":{"line":87,"column":5}},"line":85},"14":{"name":"(anonymous_14)","decl":{"start":{"line":89,"column":11},"end":{"line":89,"column":12}},"loc":{"start":{"line":89,"column":23},"end":{"line":91,"column":3}},"line":89},"15":{"name":"(anonymous_15)","decl":{"start":{"line":92,"column":13},"end":{"line":92,"column":14}},"loc":{"start":{"line":92,"column":25},"end":{"line":94,"column":3}},"line":92},"16":{"name":"(anonymous_16)","decl":{"start":{"line":96,"column":23},"end":{"line":96,"column":24}},"loc":{"start":{"line":96,"column":35},"end":{"line":98,"column":5}},"line":96},"17":{"name":"render","decl":{"start":{"line":113,"column":9},"end":{"line":113,"column":15}},"loc":{"start":{"line":113,"column":30},"end":{"line":164,"column":1}},"line":113},"18":{"name":"(anonymous_18)","decl":{"start":{"line":122,"column":65},"end":{"line":122,"column":66}},"loc":{"start":{"line":122,"column":83},"end":{"line":122,"column":119}},"line":122},"19":{"name":"(anonymous_19)","decl":{"start":{"line":127,"column":20},"end":{"line":127,"column":21}},"loc":{"start":{"line":127,"column":32},"end":{"line":133,"column":21}},"line":127},"20":{"name":"(anonymous_20)","decl":{"start":{"line":140,"column":47},"end":{"line":140,"column":48}},"loc":{"start":{"line":140,"column":65},"end":{"line":140,"column":101}},"line":140},"21":{"name":"(anonymous_21)","decl":{"start":{"line":152,"column":133},"end":{"line":152,"column":134}},"loc":{"start":{"line":152,"column":151},"end":{"line":158,"column":17}},"line":152},"22":{"name":"(anonymous_22)","decl":{"start":{"line":156,"column":58},"end":{"line":156,"column":59}},"loc":{"start":{"line":156,"column":76},"end":{"line":156,"column":121}},"line":156}},"branchMap":{"0":{"loc":{"start":{"line":50,"column":23},"end":{"line":52,"column":54}},"type":"cond-expr","locations":[{"start":{"line":52,"column":38},"end":{"line":52,"column":44}},{"start":{"line":52,"column":47},"end":{"line":52,"column":54}}],"line":50},"1":{"loc":{"start":{"line":50,"column":23},"end":{"line":52,"column":35}},"type":"binary-expr","locations":[{"start":{"line":50,"column":23},"end":{"line":52,"column":18}},{"start":{"line":52,"column":22},"end":{"line":52,"column":35}}],"line":50},"2":{"loc":{"start":{"line":62,"column":13},"end":{"line":62,"column":38}},"type":"cond-expr","locations":[{"start":{"line":62,"column":22},"end":{"line":62,"column":33}},{"start":{"line":62,"column":36},"end":{"line":62,"column":38}}],"line":62},"3":{"loc":{"start":{"line":83,"column":13},"end":{"line":83,"column":46}},"type":"cond-expr","locations":[{"start":{"line":83,"column":34},"end":{"line":83,"column":37}},{"start":{"line":83,"column":40},"end":{"line":83,"column":46}}],"line":83},"4":{"loc":{"start":{"line":86,"column":13},"end":{"line":86,"column":48}},"type":"cond-expr","locations":[{"start":{"line":86,"column":34},"end":{"line":86,"column":37}},{"start":{"line":86,"column":40},"end":{"line":86,"column":48}}],"line":86},"5":{"loc":{"start":{"line":122,"column":39},"end":{"line":122,"column":120}},"type":"binary-expr","locations":[{"start":{"line":122,"column":39},"end":{"line":122,"column":48}},{"start":{"line":122,"column":53},"end":{"line":122,"column":119}}],"line":122},"6":{"loc":{"start":{"line":125,"column":25},"end":{"line":133,"column":22}},"type":"binary-expr","locations":[{"start":{"line":125,"column":25},"end":{"line":125,"column":34}},{"start":{"line":125,"column":39},"end":{"line":133,"column":21}}],"line":125},"7":{"loc":{"start":{"line":132,"column":32},"end":{"line":132,"column":88}},"type":"binary-expr","locations":[{"start":{"line":132,"column":32},"end":{"line":132,"column":49}},{"start":{"line":132,"column":53},"end":{"line":132,"column":88}}],"line":132},"8":{"loc":{"start":{"line":140,"column":21},"end":{"line":140,"column":102}},"type":"binary-expr","locations":[{"start":{"line":140,"column":21},"end":{"line":140,"column":30}},{"start":{"line":140,"column":35},"end":{"line":140,"column":101}}],"line":140}},"s":{"0":2,"1":2,"2":2,"3":2,"4":8,"5":8,"6":8,"7":8,"8":8,"9":8,"10":1,"11":1,"12":8,"13":8,"14":0,"15":0,"16":8,"17":1,"18":8,"19":0,"20":8,"21":1,"22":2,"23":1,"24":1,"25":1,"26":1,"27":8,"28":8,"29":8,"30":8,"31":8,"32":8,"33":0,"34":0,"35":8,"36":0,"37":0,"38":2,"39":2,"40":2,"41":2,"42":2,"43":2,"44":2,"45":2,"46":2,"47":2,"48":2,"49":2,"50":10,"51":10,"52":1,"53":1,"54":1,"55":1,"56":1,"57":1,"58":1,"59":30,"60":1,"61":2,"62":2},"f":{"0":8,"1":8,"2":1,"3":8,"4":0,"5":1,"6":0,"7":1,"8":2,"9":8,"10":8,"11":8,"12":0,"13":0,"14":8,"15":0,"16":0,"17":10,"18":1,"19":1,"20":1,"21":30,"22":1},"b":{"0":[0,1],"1":[1,1],"2":[8,0],"3":[0,0],"4":[0,0],"5":[10,8],"6":[10,8],"7":[1,1],"8":[10,8]},"inputSourceMap":{"0":"{","1":"\"","2":"v","3":"e","4":"r","5":"s","6":"i","7":"o","8":"n","9":"\"","10":":","11":"3","12":",","13":"\"","14":"s","15":"o","16":"u","17":"r","18":"c","19":"e","20":"s","21":"\"","22":":","23":"[","24":"\"","25":"/","26":"U","27":"s","28":"e","29":"r","30":"s","31":"/","32":"s","33":"u","34":"n","35":"s","36":"h","37":"i","38":"n","39":"e","40":"/","41":"D","42":"e","43":"s","44":"k","45":"t","46":"o","47":"p","48":"/","49":"v","50":"c","51":"-","52":"t","53":"r","54":"a","55":"d","56":"e","57":"/","58":"v","59":"u","60":"e","61":"-","62":"u","63":"s","64":"e","65":"r","66":"-","67":"p","68":"r","69":"o","70":"f","71":"i","72":"l","73":"e","74":"-","75":"s","76":"e","77":"a","78":"r","79":"c","80":"h","81":"/","82":"s","83":"r","84":"c","85":"/","86":"c","87":"o","88":"m","89":"p","90":"o","91":"n","92":"e","93":"n","94":"t","95":"s","96":"/","97":"S","98":"e","99":"a","100":"r","101":"c","102":"h","103":"B","104":"a","105":"r","106":".","107":"v","108":"u","109":"e","110":"\"","111":"]","112":",","113":"\"","114":"n","115":"a","116":"m","117":"e","118":"s","119":"\"","120":":","121":"[","122":"]","123":",","124":"\"","125":"m","126":"a","127":"p","128":"p","129":"i","130":"n","131":"g","132":"s","133":"\"","134":":","135":"\"","136":";","137":";","138":";","139":";","140":";","141":"A","142":"A","143":"m","144":"C","145":"A","146":";","147":"A","148":"A","149":"C","150":"A","151":";","152":"A","153":"A","154":"E","155":"A","156":",","157":"k","158":"B","159":"A","160":"A","161":"e","162":",","163":"y","164":"B","165":"A","166":"A","167":"e","168":",","169":"E","170":"A","171":"A","172":"C","173":";","174":"E","175":"A","176":"C","177":"7","178":"B","179":",","180":"K","181":"A","182":"A","183":"K","184":",","185":"E","186":"A","187":"A","188":"E","189":",","190":"C","191":"A","192":"A","193":"C","194":",","195":"e","196":"A","197":"A","198":"e","199":",","200":"E","201":"A","202":"A","203":"E","204":",","205":"e","206":"A","207":"A","208":"e","209":",","210":"C","211":"A","212":"A","213":"C","214":";","215":"E","216":"A","217":"C","218":"z","219":"C","220":",","221":"K","222":"A","223":"A","224":"K","225":",","226":"E","227":"A","228":"A","229":"L","230":",","231":"U","232":"A","233":"A","234":"M","235":",","236":"C","237":"A","238":"A","239":"C","240":",","241":"E","242":"A","243":"A","244":"E","245":",","246":"E","247":"A","248":"A","249":"Q","250":";","251":"Q","252":"A","253":"A","254":"N","255":",","256":"I","257":"A","258":"A","259":"I","260":";","261":"I","262":"A","263":"C","264":"b","265":",","266":"I","267":"A","268":"A","269":"M","270":",","271":"K","272":"A","273":"A","274":"K","275":",","276":"G","277":"A","278":"A","279":"G","280":",","281":"m","282":"B","283":"A","284":"A","285":"Q","286":",","287":"G","288":"A","289":"A","290":"E","291":";","292":"I","293":"A","294":"C","295":"x","296":"B","297":",","298":"I","299":"A","300":"A","301":"M","302":",","303":"I","304":"A","305":"A","306":"I","307":",","308":"G","309":"A","310":"A","311":"G","312":",","313":"a","314":"A","315":"A","316":"G","317":",","318":"E","319":"A","320":"A","321":"U","322":",","323":"K","324":"A","325":"A","326":"K","327":",","328":"C","329":"A","330":"A","331":"C","332":";","333":"I","334":"A","335":"C","336":"h","337":"C","338":",","339":"I","340":"A","341":"A","342":"M","343":",","344":"O","345":"A","346":"A","347":"O","348":",","349":"G","350":"A","351":"A","352":"G","353":",","354":"a","355":"A","356":"A","357":"G","358":",","359":"E","360":"A","361":"A","362":"y","363":"C","364":",","365":"C","366":"A","367":"C","368":"1","369":"D","370":";","371":"M","372":"A","373":"A","374":"E","375":",","376":"I","377":"A","378":"A","379":"I","380":",","381":"E","382":"A","383":"A","384":"E","385":",","386":"K","387":"A","388":"A","389":"K","390":";","391":"M","392":"A","393":"A","394":"E","395":",","396":"K","397":"A","398":"A","399":"K","400":",","401":"E","402":"A","403":"A","404":"E","405":";","406":"I","407":"A","408":"A","409":"E","410":",","411":"C","412":"A","413":"A","414":"E","415":",","416":"E","417":"A","418":"C","419":"1","420":"B","421":";","422":"M","423":"A","424":"A","425":"E","426":",","427":"I","428":"A","429":"A","430":"I","431":",","432":"E","433":"A","434":"A","435":"E","436":",","437":"M","438":"A","439":"A","440":"M","441":";","442":"M","443":"A","444":"A","445":"E","446":",","447":"K","448":"A","449":"A","450":"K","451":",","452":"E","453":"A","454":"A","455":"E","456":";","457":"I","458":"A","459":"A","460":"M","461":",","462":"C","463":"A","464":"A","465":"E","466":",","467":"E","468":"A","469":"C","470":"/","471":"B","472":";","473":"M","474":"A","475":"A","476":"E","477":",","478":"I","479":"A","480":"A","481":"I","482":",","483":"E","484":"A","485":"A","486":"E","487":",","488":"Q","489":"A","490":"A","491":"Q","492":";","493":"M","494":"A","495":"A","496":"E","497":",","498":"K","499":"A","500":"A","501":"K","502":",","503":"E","504":"A","505":"A","506":"E","507":";","508":"I","509":"A","510":"A","511":"Q","512":",","513":"C","514":"A","515":"A","516":"E","517":",","518":"C","519":"A","520":"C","521":"p","522":"C","523":",","524":"C","525":"A","526":"A","527":"C","528":";","529":"I","530":"A","531":"E","532":"F","533":",","534":"I","535":"A","536":"A","537":"M","538":",","539":"M","540":"A","541":"A","542":"M","543":",","544":"G","545":"A","546":"A","547":"G","548":",","549":"k","550":"B","551":"A","552":"A","553":"Q","554":",","555":"E","556":"A","557":"A","558":"C","559":";","560":"M","561":"A","562":"C","563":"t","564":"B","565":",","566":"G","567":"A","568":"A","569":"G","570":",","571":"E","572":"A","573":"A","574":"E","575":";","576":"Q","577":"A","578":"A","579":"M","580":",","581":"Y","582":"A","583":"A","584":"K","585":",","586":"C","587":"A","588":"A","589":"C","590":",","591":"K","592":"A","593":"A","594":"K","595":",","596":"C","597":"A","598":"A","599":"C","600":",","601":"W","602":"A","603":"A","604":"W","605":";","606":"M","607":"A","608":"A","609":"v","610":"B","611":",","612":"C","613":"A","614":"A","615":"u","616":"B","617":";","618":"M","619":"A","620":"C","621":"l","622":"C","623":",","624":"G","625":"A","626":"A","627":"G","628":",","629":"E","630":"A","631":"A","632":"E","633":",","634":"U","635":"A","636":"A","637":"C","638":",","639":"K","640":"A","641":"A","642":"K","643":";","644":"Q","645":"A","646":"C","647":"T","648":",","649":"K","650":"A","651":"A","652":"K","653":",","654":"C","655":"A","656":"A","657":"C","658":",","659":"M","660":"A","661":"A","662":"M","663":",","664":"C","665":"A","666":"A","667":"C","668":",","669":"g","670":"B","671":"A","672":"A","673":"g","674":"B","675":",","676":"E","677":"A","678":"A","679":"E","680":",","681":"K","682":"A","683":"A","684":"K","685":",","686":"C","687":"A","688":"A","689":"C","690":";","691":"Q","692":"A","693":"C","694":"r","695":"C","696":",","697":"I","698":"A","699":"A","700":"I","701":",","702":"C","703":"A","704":"A","705":"C","706":",","707":"e","708":"A","709":"A","710":"e","711":",","712":"E","713":"A","714":"A","715":"E","716":",","717":"K","718":"A","719":"A","720":"K","721":",","722":"C","723":"A","724":"A","725":"C","726":";","727":"M","728":"A","729":"C","730":"9","731":"B","732":";","733":"K","734":"A","735":"C","736":"D","737":",","738":"C","739":"A","740":"A","741":"C","742":";","743":"I","744":"A","745":"E","746":"F","747":",","748":"I","749":"A","750":"A","751":"M","752":",","753":"M","754":"A","755":"A","756":"M","757":",","758":"G","759":"A","760":"A","761":"G","762":",","763":"k","764":"B","765":"A","766":"A","767":"Q","768":",","769":"E","770":"A","771":"A","772":"C","773":";","774":"M","775":"A","776":"C","777":"t","778":"B","779":",","780":"G","781":"A","782":"A","783":"G","784":",","785":"E","786":"A","787":"A","788":"E","789":";","790":"Q","791":"A","792":"A","793":"M","794":",","795":"Y","796":"A","797":"A","798":"K","799":",","800":"C","801":"A","802":"A","803":"C","804":",","805":"K","806":"A","807":"A","808":"K","809":",","810":"C","811":"A","812":"A","813":"C","814":",","815":"M","816":"A","817":"A","818":"M","819":";","820":"M","821":"A","822":"A","823":"l","824":"B","825":",","826":"C","827":"A","828":"A","829":"k","830":"B","831":";","832":"M","833":"A","834":"C","835":"7","836":"B","837":",","838":"G","839":"A","840":"A","841":"G","842":",","843":"E","844":"A","845":"A","846":"E","847":",","848":"U","849":"A","850":"A","851":"C","852":",","853":"K","854":"A","855":"A","856":"K","857":";","858":"Q","859":"A","860":"C","861":"T","862":",","863":"K","864":"A","865":"A","866":"K","867":",","868":"C","869":"A","870":"A","871":"C","872":",","873":"M","874":"A","875":"A","876":"M","877":",","878":"C","879":"A","880":"A","881":"C","882":",","883":"W","884":"A","885":"A","886":"W","887":",","888":"E","889":"A","890":"A","891":"E","892":",","893":"K","894":"A","895":"A","896":"K","897":",","898":"C","899":"A","900":"A","901":"C","902":";","903":"Q","904":"A","905":"C","906":"h","907":"C","908":",","909":"I","910":"A","911":"A","912":"I","913":",","914":"C","915":"A","916":"A","917":"C","918":",","919":"e","920":"A","921":"A","922":"e","923":",","924":"E","925":"A","926":"A","927":"E","928":",","929":"K","930":"A","931":"A","932":"K","933":",","934":"C","935":"A","936":"A","937":"C","938":";","939":"M","940":"A","941":"C","942":"9","943":"B","944":";","945":"K","946":"A","947":"C","948":"D","949":",","950":"C","951":"A","952":"A","953":"C","954":";","955":"I","956":"A","957":"E","958":"F","959":",","960":"I","961":"A","962":"A","963":"M","964":",","965":"Y","966":"A","967":"A","968":"Y","969":",","970":"G","971":"A","972":"A","973":"G","974":";","975":"M","976":"A","977":"C","978":"n","979":"B","980":",","981":"I","982":"A","983":"A","984":"I","985":",","986":"C","987":"A","988":"A","989":"C","990":",","991":"e","992":"A","993":"A","994":"e","995":",","996":"E","997":"A","998":"A","999":"E","1000":",","1001":"M","1002":"A","1003":"A","1004":"M","1005":",","1006":"C","1007":"A","1008":"A","1009":"C","1010":",","1011":"K","1012":"A","1013":"A","1014":"K","1015":",","1016":"C","1017":"A","1018":"A","1019":"C","1020":";","1021":"I","1022":"A","1023":"C","1024":"r","1025":"C","1026":",","1027":"C","1028":"A","1029":"A","1030":"C","1031":";","1032":"I","1033":"A","1034":"E","1035":"D","1036":",","1037":"I","1038":"A","1039":"A","1040":"M","1041":",","1042":"Y","1043":"A","1044":"A","1045":"Y","1046":",","1047":"G","1048":"A","1049":"A","1050":"G","1051":";","1052":"M","1053":"A","1054":"C","1055":"n","1056":"B","1057":",","1058":"I","1059":"A","1060":"A","1061":"I","1062":",","1063":"C","1064":"A","1065":"A","1066":"C","1067":",","1068":"e","1069":"A","1070":"A","1071":"e","1072":",","1073":"E","1074":"A","1075":"A","1076":"E","1077":",","1078":"M","1079":"A","1080":"A","1081":"M","1082":",","1083":"C","1084":"A","1085":"A","1086":"C","1087":",","1088":"K","1089":"A","1090":"A","1091":"K","1092":",","1093":"C","1094":"A","1095":"A","1096":"C","1097":";","1098":"I","1099":"A","1100":"C","1101":"r","1102":"C","1103":",","1104":"C","1105":"A","1106":"A","1107":"C","1108":";","1109":"I","1110":"A","1111":"E","1112":"D","1113":",","1114":"I","1115":"A","1116":"A","1117":"M","1118":",","1119":"Y","1120":"A","1121":"A","1122":"Y","1123":",","1124":"G","1125":"A","1126":"A","1127":"G","1128":",","1129":"U","1130":"A","1131":"A","1132":"C","1133":",","1134":"K","1135":"A","1136":"A","1137":"a","1138":";","1139":";","1140":"M","1141":"A","1142":"C","1143":"j","1144":"C","1145":",","1146":"I","1147":"A","1148":"A","1149":"M","1150":",","1151":"U","1152":"A","1153":"A","1154":"U","1155":",","1156":"G","1157":"A","1158":"A","1159":"G","1160":",","1161":"a","1162":"A","1163":"A","1164":"O","1165":",","1166":"C","1167":"A","1168":"A","1169":"C","1170":",","1171":"K","1172":"A","1173":"A","1174":"K","1175":",","1176":"C","1177":"A","1178":"A","1179":"C","1180":",","1181":"I","1182":"A","1183":"A","1184":"I","1185":",","1186":"C","1187":"A","1188":"C","1189":"n","1190":"C","1191":",","1192":"U","1193":"A","1194":"A","1195":"C","1196":",","1197":"M","1198":"A","1199":"A","1200":"M","1201":";","1202":"Q","1203":"A","1204":"A","1205":"K","1206":",","1207":"a","1208":"A","1209":"A","1210":"M","1211":",","1212":"C","1213":"A","1214":"A","1215":"C","1216":",","1217":"K","1218":"A","1219":"A","1220":"K","1221":",","1222":"K","1223":"A","1224":"A","1225":"K","1226":",","1227":"K","1228":"A","1229":"A","1230":"K","1231":";","1232":"M","1233":"A","1234":"A","1235":"t","1236":"B","1237":",","1238":"C","1239":"A","1240":"A","1241":"s","1242":"B","1243":",","1244":"C","1245":"A","1246":"C","1247":"n","1248":"C","1249":",","1250":"0","1251":"C","1252":"A","1253":"A","1254":"E","1255":",","1256":"I","1257":"A","1258":"A","1259":"I","1260":";","1261":"M","1262":"A","1263":"C","1264":"P","1265":",","1266":"O","1267":"A","1268":"A","1269":"O","1270":",","1271":"C","1272":"A","1273":"A","1274":"C","1275":",","1276":"G","1277":"A","1278":"A","1279":"G","1280":",","1281":"C","1282":"A","1283":"A","1284":"C","1285":",","1286":"i","1287":"B","1288":"A","1289":"A","1290":"U","1291":",","1292":"K","1293":"A","1294":"A","1295":"K","1296":",","1297":"q","1298":"C","1299":"A","1300":"A","1301":"2","1302":"B","1303":",","1304":"U","1305":"A","1306":"A","1307":"U","1308":",","1309":"C","1310":"A","1311":"A","1312":"E","1313":",","1314":"C","1315":"A","1316":"A","1317":"C","1318":";","1319":"M","1320":"A","1321":"C","1322":"n","1323":"E","1324":",","1325":"K","1326":"A","1327":"A","1328":"K","1329":",","1330":"C","1331":"A","1332":"A","1333":"C","1334":",","1335":"M","1336":"A","1337":"A","1338":"M","1339":",","1340":"C","1341":"A","1342":"A","1343":"C","1344":",","1345":"W","1346":"A","1347":"A","1348":"W","1349":",","1350":"E","1351":"A","1352":"A","1353":"E","1354":",","1355":"K","1356":"A","1357":"A","1358":"K","1359":",","1360":"C","1361":"A","1362":"A","1363":"C","1364":";","1365":"M","1366":"A","1367":"C","1368":"h","1369":"C","1370":",","1371":"I","1372":"A","1373":"A","1374":"I","1375":",","1376":"C","1377":"A","1378":"A","1379":"C","1380":",","1381":"e","1382":"A","1383":"A","1384":"e","1385":",","1386":"E","1387":"A","1388":"A","1389":"E","1390":",","1391":"K","1392":"A","1393":"A","1394":"K","1395":",","1396":"C","1397":"A","1398":"A","1399":"C","1400":";","1401":"M","1402":"A","1403":"C","1404":"5","1405":"B","1406":",","1407":"I","1408":"A","1409":"A","1410":"I","1411":",","1412":"C","1413":"A","1414":"A","1415":"C","1416":",","1417":"K","1418":"A","1419":"A","1420":"K","1421":",","1422":"G","1423":"A","1424":"A","1425":"G","1426":",","1427":"K","1428":"A","1429":"A","1430":"K","1431":";","1432":"I","1433":"A","1434":"C","1435":"p","1436":"B","1437":",","1438":"C","1439":"A","1440":"A","1441":"C","1442":";","1443":"I","1444":"A","1445":"E","1446":"D","1447":",","1448":"I","1449":"A","1450":"A","1451":"M","1452":",","1453":"k","1454":"B","1455":"A","1456":"A","1457":"k","1458":"B","1459":",","1460":"G","1461":"A","1462":"A","1463":"G","1464":",","1465":"k","1466":"B","1467":"A","1468":"A","1469":"Q","1470":",","1471":"E","1472":"A","1473":"A","1474":"C","1475":";","1476":"M","1477":"A","1478":"C","1479":"l","1480":"C","1481":",","1482":"I","1483":"A","1484":"A","1485":"M","1486":",","1487":"M","1488":"A","1489":"A","1490":"M","1491":",","1492":"G","1493":"A","1494":"A","1495":"G","1496":",","1497":"O","1498":"A","1499":"A","1500":"O","1501":",","1502":"C","1503":"A","1504":"A","1505":"C","1506":",","1507":"K","1508":"A","1509":"A","1510":"K","1511":",","1512":"C","1513":"A","1514":"A","1515":"C","1516":",","1517":"I","1518":"A","1519":"A","1520":"I","1521":",","1522":"C","1523":"A","1524":"A","1525":"C","1526":",","1527":"U","1528":"A","1529":"A","1530":"C","1531":",","1532":"G","1533":"A","1534":"A","1535":"G","1536":";","1537":"Q","1538":"A","1539":"A","1540":"K","1541":",","1542":"U","1543":"A","1544":"A","1545":"G","1546":",","1547":"C","1548":"A","1549":"A","1550":"C","1551":",","1552":"K","1553":"A","1554":"A","1555":"K","1556":",","1557":"K","1558":"A","1559":"A","1560":"K","1561":",","1562":"M","1563":"A","1564":"A","1565":"M","1566":",","1567":"C","1568":"A","1569":"A","1570":"C","1571":",","1572":"K","1573":"A","1574":"A","1575":"K","1576":";","1577":"M","1578":"A","1579":"A","1580":"1","1581":"B","1582":",","1583":"C","1584":"A","1585":"A","1586":"0","1587":"B","1588":",","1589":"C","1590":"A","1591":"A","1592":"C","1593":";","1594":"M","1595":"A","1596":"C","1597":"t","1598":"E","1599":",","1600":"O","1601":"A","1602":"A","1603":"O","1604":",","1605":"M","1606":"A","1607":"A","1608":"M","1609":",","1610":"G","1611":"A","1612":"A","1613":"G","1614":",","1615":"M","1616":"A","1617":"A","1618":"M","1619":",","1620":"C","1621":"A","1622":"A","1623":"C","1624":",","1625":"I","1626":"A","1627":"A","1628":"I","1629":",","1630":"G","1631":"A","1632":"A","1633":"G","1634":",","1635":"E","1636":"A","1637":"A","1638":"E","1639":";","1640":"I","1641":"A","1642":"C","1643":"l","1644":"C","1645":",","1646":"C","1647":"A","1648":"A","1649":"C","1650":",","1651":"C","1652":"A","1653":"A","1654":"C","1655":";","1656":"I","1657":"A","1658":"E","1659":"F","1660":",","1661":"O","1662":"A","1663":"A","1664":"O","1665":";","1666":"M","1667":"A","1668":"C","1669":"L","1670":",","1671":"M","1672":"A","1673":"A","1674":"M","1675":";","1676":"M","1677":"A","1678":"C","1679":"N","1680":",","1681":"M","1682":"A","1683":"A","1684":"M","1685":";","1686":"M","1687":"A","1688":"C","1689":"N","1690":",","1691":"I","1692":"A","1693":"A","1694":"I","1695":";","1696":"M","1697":"A","1698":"C","1699":"J","1700":",","1701":"O","1702":"A","1703":"A","1704":"O","1705":";","1706":"M","1707":"A","1708":"C","1709":"P","1710":",","1711":"Y","1712":"A","1713":"A","1714":"Y","1715":";","1716":"M","1717":"A","1718":"C","1719":"Z","1720":",","1721":"k","1722":"B","1723":"A","1724":"A","1725":"k","1726":"B","1727":";","1728":"M","1729":"A","1730":"C","1731":"l","1732":"B","1733":",","1734":"Y","1735":"A","1736":"A","1737":"Y","1738":";","1739":"M","1740":"A","1741":"C","1742":"Z","1743":",","1744":"Y","1745":"A","1746":"A","1747":"Y","1748":";","1749":"K","1750":"A","1751":"C","1752":"b","1753":";","1754":"E","1755":"A","1756":"C","1757":"H","1758":",","1759":"C","1760":"A","1761":"A","1762":"C","1763":";","1764":"E","1765":"A","1766":"C","1767":"D","1768":",","1769":"I","1770":"A","1771":"A","1772":"I","1773":";","1774":"I","1775":"A","1776":"C","1777":"F","1778":",","1779":"O","1780":"A","1781":"A","1782":"O","1783":";","1784":"M","1785":"A","1786":"C","1787":"L","1788":",","1789":"a","1790":"A","1791":"A","1792":"a","1793":",","1794":"E","1795":"A","1796":"A","1797":"E","1798":",","1799":"M","1800":"A","1801":"A","1802":"M","1803":",","1804":"C","1805":"A","1806":"A","1807":"C","1808":",","1809":"U","1810":"A","1811":"A","1812":"U","1813":",","1814":"I","1815":"A","1816":"A","1817":"I","1818":",","1819":"G","1820":"A","1821":"A","1822":"G","1823":",","1824":"C","1825":"A","1826":"A","1827":"C","1828":";","1829":"K","1830":"A","1831":"C","1832":"z","1833":"C","1834":";","1835":"E","1836":"A","1837":"C","1838":"H","1839":",","1840":"C","1841":"A","1842":"A","1843":"C","1844":";","1845":";","1846":"E","1847":"A","1848":"C","1849":"D","1850":",","1851":"Q","1852":"A","1853":"A","1854":"Q","1855":",","1856":"E","1857":"A","1858":"A","1859":"E","1860":";","1861":"I","1862":"A","1863":"C","1864":"R","1865":",","1866":"c","1867":"A","1868":"A","1869":"c","1870":";","1871":"M","1872":"A","1873":"C","1874":"Z","1875":",","1876":"O","1877":"A","1878":"A","1879":"O","1880":",","1881":"I","1882":"A","1883":"A","1884":"I","1885":",","1886":"C","1887":"A","1888":"A","1889":"C","1890":",","1891":"a","1892":"A","1893":"A","1894":"a","1895":",","1896":"G","1897":"A","1898":"A","1899":"G","1900":",","1901":"G","1902":"A","1903":"A","1904":"G","1905":",","1906":"G","1907":"A","1908":"A","1909":"G","1910":",","1911":"M","1912":"A","1913":"A","1914":"M","1915":";","1916":"I","1917":"A","1918":"C","1919":"1","1920":"C","1921":",","1922":"C","1923":"A","1924":"A","1925":"C","1926":";","1927":"I","1928":"A","1929":"C","1930":"D","1931":",","1932":"g","1933":"B","1934":"A","1935":"A","1936":"g","1937":"B","1938":";","1939":"M","1940":"A","1941":"C","1942":"d","1943":",","1944":"O","1945":"A","1946":"A","1947":"O","1948":",","1949":"I","1950":"A","1951":"A","1952":"I","1953":",","1954":"C","1955":"A","1956":"A","1957":"C","1958":",","1959":"a","1960":"A","1961":"A","1962":"a","1963":",","1964":"G","1965":"A","1966":"A","1967":"G","1968":",","1969":"G","1970":"A","1971":"A","1972":"G","1973":",","1974":"G","1975":"A","1976":"A","1977":"G","1978":",","1979":"Q","1980":"A","1981":"A","1982":"Q","1983":";","1984":"I","1985":"A","1986":"C","1987":"5","1988":"C","1989":";","1990":"G","1991":"A","1992":"C","1993":"D","1994":";","1995":"E","1996":"A","1997":"C","1998":"D","1999":",","2000":"O","2001":"A","2002":"A","2003":"O","2004":";","2005":"I","2006":"A","2007":"C","2008":"L","2009":",","2010":"M","2011":"A","2012":"A","2013":"M","2014":",","2015":"C","2016":"A","2017":"A","2018":"C","2019":",","2020":"g","2021":"B","2022":"A","2023":"A","2024":"g","2025":"B","2026":",","2027":"C","2028":"A","2029":"A","2030":"C","2031":",","2032":"Q","2033":"A","2034":"A","2035":"Q","2036":",","2037":"E","2038":"A","2039":"A","2040":"E","2041":",","2042":"I","2043":"A","2044":"A","2045":"I","2046":",","2047":"C","2048":"A","2049":"A","2050":"C","2051":",","2052":"i","2053":"B","2054":"A","2055":"A","2056":"i","2057":"B","2058":",","2059":"C","2060":"A","2061":"A","2062":"C","2063":";","2064":"E","2065":"A","2066":"C","2067":"3","2068":"D","2069":",","2070":"C","2071":"A","2072":"A","2073":"C","2074":";","2075":"E","2076":"A","2077":"C","2078":"D","2079":",","2080":"S","2081":"A","2082":"A","2083":"S","2084":";","2085":"I","2086":"A","2087":"C","2088":"P","2089":",","2090":"M","2091":"A","2092":"A","2093":"M","2094":",","2095":"C","2096":"A","2097":"A","2098":"C","2099":",","2100":"m","2101":"B","2102":"A","2103":"A","2104":"m","2105":"B","2106":",","2107":"C","2108":"A","2109":"A","2110":"C","2111":",","2112":"Q","2113":"A","2114":"A","2115":"Q","2116":",","2117":"E","2118":"A","2119":"A","2120":"E","2121":",","2122":"I","2123":"A","2124":"A","2125":"I","2126":",","2127":"C","2128":"A","2129":"A","2130":"C","2131":",","2132":"i","2133":"B","2134":"A","2135":"A","2136":"i","2137":"B","2138":",","2139":"C","2140":"A","2141":"A","2142":"C","2143":";","2144":"E","2145":"A","2146":"C","2147":"9","2148":"D","2149":",","2150":"C","2151":"A","2152":"A","2153":"C","2154":";","2155":"E","2156":"A","2157":"C","2158":"D","2159":",","2160":"O","2161":"A","2162":"A","2163":"O","2164":",","2165":"E","2166":"A","2167":"A","2168":"E","2169":";","2170":"I","2171":"A","2172":"C","2173":"P","2174":",","2175":"i","2176":"B","2177":"A","2178":"A","2179":"i","2180":"B","2181":";","2182":"M","2183":"A","2184":"C","2185":"f","2186":",","2187":"I","2188":"A","2189":"A","2190":"I","2191":",","2192":"C","2193":"A","2194":"A","2195":"C","2196":",","2197":"a","2198":"A","2199":"A","2200":"a","2201":",","2202":"G","2203":"A","2204":"A","2205":"G","2206":",","2207":"M","2208":"A","2209":"A","2210":"M","2211":",","2212":"C","2213":"A","2214":"A","2215":"C","2216":",","2217":"U","2218":"A","2219":"A","2220":"U","2221":",","2222":"I","2223":"A","2224":"A","2225":"I","2226":",","2227":"G","2228":"A","2229":"A","2230":"G","2231":";","2232":"I","2233":"A","2234":"C","2235":"/","2236":"C","2237":";","2238":";","2239":"C","2240":"A","2241":"E","2242":"H","2243":",","2244":"C","2245":"A","2246":"A","2247":"C","2248":"\"","2249":",","2250":"\"","2251":"f","2252":"i","2253":"l","2254":"e","2255":"\"","2256":":","2257":"\"","2258":"/","2259":"U","2260":"s","2261":"e","2262":"r","2263":"s","2264":"/","2265":"s","2266":"u","2267":"n","2268":"s","2269":"h","2270":"i","2271":"n","2272":"e","2273":"/","2274":"D","2275":"e","2276":"s","2277":"k","2278":"t","2279":"o","2280":"p","2281":"/","2282":"v","2283":"c","2284":"-","2285":"t","2286":"r","2287":"a","2288":"d","2289":"e","2290":"/","2291":"v","2292":"u","2293":"e","2294":"-","2295":"u","2296":"s","2297":"e","2298":"r","2299":"-","2300":"p","2301":"r","2302":"o","2303":"f","2304":"i","2305":"l","2306":"e","2307":"-","2308":"s","2309":"e","2310":"a","2311":"r","2312":"c","2313":"h","2314":"/","2315":"s","2316":"r","2317":"c","2318":"/","2319":"c","2320":"o","2321":"m","2322":"p","2323":"o","2324":"n","2325":"e","2326":"n","2327":"t","2328":"s","2329":"/","2330":"S","2331":"e","2332":"a","2333":"r","2334":"c","2335":"h","2336":"B","2337":"a","2338":"r","2339":".","2340":"v","2341":"u","2342":"e","2343":"\"","2344":",","2345":"\"","2346":"s","2347":"o","2348":"u","2349":"r","2350":"c","2351":"e","2352":"s","2353":"C","2354":"o","2355":"n","2356":"t","2357":"e","2358":"n","2359":"t","2360":"\"","2361":":","2362":"[","2363":"\"","2364":"<","2365":"t","2366":"e","2367":"m","2368":"p","2369":"l","2370":"a","2371":"t","2372":"e","2373":">","2374":"\\","2375":"n","2376":" ","2377":" ","2378":"<","2379":"d","2380":"i","2381":"v","2382":" ","2383":"c","2384":"l","2385":"a","2386":"s","2387":"s","2388":"=","2389":"\\","2390":"\"","2391":"s","2392":"e","2393":"a","2394":"r","2395":"c","2396":"h","2397":"-","2398":"b","2399":"a","2400":"r","2401":"\\","2402":"\"","2403":">","2404":"\\","2405":"n","2406":" ","2407":" ","2408":" ","2409":" ","2410":"<","2411":"d","2412":"i","2413":"v","2414":" ","2415":"c","2416":"l","2417":"a","2418":"s","2419":"s","2420":"=","2421":"\\","2422":"\"","2423":"s","2424":"e","2425":"a","2426":"r","2427":"c","2428":"h","2429":"-","2430":"b","2431":"a","2432":"r","2433":"_","2434":"_","2435":"i","2436":"n","2437":"p","2438":"u","2439":"t","2440":"-","2441":"c","2442":"o","2443":"n","2444":"t","2445":"a","2446":"i","2447":"n","2448":"e","2449":"r","2450":"\\","2451":"\"","2452":">","2453":"\\","2454":"n","2455":" ","2456":" ","2457":" ","2458":" ","2459":" ","2460":" ","2461":"<","2462":"d","2463":"i","2464":"v","2465":" ","2466":"c","2467":"l","2468":"a","2469":"s","2470":"s","2471":"=","2472":"\\","2473":"\"","2474":"s","2475":"e","2476":"a","2477":"r","2478":"c","2479":"h","2480":"-","2481":"i","2482":"c","2483":"o","2484":"n","2485":"\\","2486":"\"","2487":">","2488":"\\","2489":"n","2490":" ","2491":" ","2492":" ","2493":" ","2494":" ","2495":" ","2496":" ","2497":" ","2498":"<","2499":"f","2500":"o","2501":"n","2502":"t","2503":"-","2504":"a","2505":"w","2506":"e","2507":"s","2508":"o","2509":"m","2510":"e","2511":"-","2512":"i","2513":"c","2514":"o","2515":"n","2516":" ","2517":":","2518":"i","2519":"c","2520":"o","2521":"n","2522":"=","2523":"\\","2524":"\"","2525":"[","2526":"'","2527":"f","2528":"a","2529":"s","2530":"'","2531":",","2532":" ","2533":"'","2534":"s","2535":"e","2536":"a","2537":"r","2538":"c","2539":"h","2540":"'","2541":"]","2542":"\\","2543":"\"","2544":">","2545":"<","2546":"/","2547":"f","2548":"o","2549":"n","2550":"t","2551":"-","2552":"a","2553":"w","2554":"e","2555":"s","2556":"o","2557":"m","2558":"e","2559":"-","2560":"i","2561":"c","2562":"o","2563":"n","2564":">","2565":"\\","2566":"n","2567":" ","2568":" ","2569":" ","2570":" ","2571":" ","2572":" ","2573":"<","2574":"/","2575":"d","2576":"i","2577":"v","2578":">","2579":"\\","2580":"n","2581":" ","2582":" ","2583":" ","2584":" ","2585":" ","2586":" ","2587":"<","2588":"i","2589":"n","2590":"p","2591":"u","2592":"t","2593":"\\","2594":"n","2595":" ","2596":" ","2597":" ","2598":" ","2599":" ","2600":" ","2601":" ","2602":" ","2603":"c","2604":"l","2605":"a","2606":"s","2607":"s","2608":"=","2609":"\\","2610":"\"","2611":"s","2612":"e","2613":"a","2614":"r","2615":"c","2616":"h","2617":"-","2618":"b","2619":"a","2620":"r","2621":"_","2622":"_","2623":"i","2624":"n","2625":"p","2626":"u","2627":"t","2628":"\\","2629":"\"","2630":"\\","2631":"n","2632":" ","2633":" ","2634":" ","2635":" ","2636":" ","2637":" ","2638":" ","2639":" ","2640":"v","2641":"-","2642":"m","2643":"o","2644":"d","2645":"e","2646":"l","2647":"=","2648":"\\","2649":"\"","2650":"s","2651":"e","2652":"a","2653":"r","2654":"c","2655":"h","2656":"\\","2657":"\"","2658":"\\","2659":"n","2660":" ","2661":" ","2662":" ","2663":" ","2664":" ","2665":" ","2666":" ","2667":" ","2668":"t","2669":"y","2670":"p","2671":"e","2672":"=","2673":"\\","2674":"\"","2675":"t","2676":"e","2677":"x","2678":"t","2679":"\\","2680":"\"","2681":"\\","2682":"n","2683":" ","2684":" ","2685":" ","2686":" ","2687":" ","2688":" ","2689":" ","2690":" ","2691":"p","2692":"l","2693":"a","2694":"c","2695":"e","2696":"h","2697":"o","2698":"l","2699":"d","2700":"e","2701":"r","2702":"=","2703":"\\","2704":"\"","2705":"S","2706":"e","2707":"a","2708":"r","2709":"c","2710":"h","2711":" ","2712":"b","2713":"y","2714":" ","2715":"n","2716":"a","2717":"m","2718":"e","2719":".","2720":".","2721":".","2722":"\\","2723":"\"","2724":"\\","2725":"n","2726":" ","2727":" ","2728":" ","2729":" ","2730":" ","2731":" ","2732":" ","2733":" ","2734":"@","2735":"i","2736":"n","2737":"p","2738":"u","2739":"t","2740":"=","2741":"\\","2742":"\"","2743":"u","2744":"p","2745":"d","2746":"a","2747":"t","2748":"e","2749":"S","2750":"e","2751":"a","2752":"r","2753":"c","2754":"h","2755":"\\","2756":"\"","2757":"\\","2758":"n","2759":" ","2760":" ","2761":" ","2762":" ","2763":" ","2764":" ","2765":"/","2766":">","2767":"\\","2768":"n","2769":" ","2770":" ","2771":" ","2772":" ","2773":"<","2774":"/","2775":"d","2776":"i","2777":"v","2778":">","2779":"\\","2780":"n","2781":" ","2782":" ","2783":" ","2784":" ","2785":" ","2786":" ","2787":"<","2788":"d","2789":"i","2790":"v","2791":" ","2792":"c","2793":"l","2794":"a","2795":"s","2796":"s","2797":"=","2798":"\\","2799":"\"","2800":"s","2801":"e","2802":"a","2803":"r","2804":"c","2805":"h","2806":"-","2807":"b","2808":"a","2809":"r","2810":"_","2811":"_","2812":"s","2813":"e","2814":"l","2815":"e","2816":"c","2817":"t","2818":"\\","2819":"\"","2820":" ","2821":"@","2822":"c","2823":"l","2824":"i","2825":"c","2826":"k","2827":"=","2828":"\\","2829":"\"","2830":"o","2831":"p","2832":"e","2833":"n","2834":" ","2835":"=","2836":" ","2837":"!","2838":"o","2839":"p","2840":"e","2841":"n","2842":"\\","2843":"\"","2844":">","2845":"\\","2846":"n","2847":" ","2848":" ","2849":" ","2850":" ","2851":" ","2852":" ","2853":" ","2854":" ","2855":"<","2856":"d","2857":"i","2858":"v","2859":" ","2860":"c","2861":"l","2862":"a","2863":"s","2864":"s","2865":"=","2866":"\\","2867":"\"","2868":"s","2869":"e","2870":"l","2871":"e","2872":"c","2873":"t","2874":"e","2875":"d","2876":"-","2877":"o","2878":"p","2879":"t","2880":"i","2881":"o","2882":"n","2883":"\\","2884":"\"","2885":">","2886":"\\","2887":"n","2888":" ","2889":" ","2890":" ","2891":" ","2892":" ","2893":" ","2894":" ","2895":" ","2896":" ","2897":" ","2898":"{","2899":"{","2900":" ","2901":"s","2902":"e","2903":"l","2904":"e","2905":"c","2906":"t","2907":"e","2908":"d","2909":"O","2910":"p","2911":"t","2912":"i","2913":"o","2914":"n","2915":"T","2916":"e","2917":"x","2918":"t","2919":" ","2920":"}","2921":"}","2922":"\\","2923":"n","2924":" ","2925":" ","2926":" ","2927":" ","2928":" ","2929":" ","2930":" ","2931":" ","2932":" ","2933":" ","2934":"<","2935":"s","2936":"p","2937":"a","2938":"n","2939":" ","2940":"c","2941":"l","2942":"a","2943":"s","2944":"s","2945":"=","2946":"\\","2947":"\"","2948":"a","2949":"r","2950":"r","2951":"o","2952":"w","2953":"-","2954":"d","2955":"o","2956":"w","2957":"n","2958":"\\","2959":"\"","2960":" ","2961":"v","2962":"-","2963":"s","2964":"h","2965":"o","2966":"w","2967":"=","2968":"\\","2969":"\"","2970":"!","2971":"o","2972":"p","2973":"e","2974":"n","2975":"\\","2976":"\"","2977":">","2978":"&","2979":"#","2980":"9","2981":"6","2982":"6","2983":"2","2984":";","2985":"<","2986":"/","2987":"s","2988":"p","2989":"a","2990":"n","2991":">","2992":"\\","2993":"n","2994":" ","2995":" ","2996":" ","2997":" ","2998":" ","2999":" ","3000":" ","3001":" ","3002":" ","3003":" ","3004":"<","3005":"s","3006":"p","3007":"a","3008":"n","3009":" ","3010":"c","3011":"l","3012":"a","3013":"s","3014":"s","3015":"=","3016":"\\","3017":"\"","3018":"a","3019":"r","3020":"r","3021":"o","3022":"w","3023":"-","3024":"u","3025":"p","3026":"\\","3027":"\"","3028":" ","3029":"v","3030":"-","3031":"s","3032":"h","3033":"o","3034":"w","3035":"=","3036":"\\","3037":"\"","3038":"o","3039":"p","3040":"e","3041":"n","3042":"\\","3043":"\"","3044":">","3045":"&","3046":"#","3047":"9","3048":"6","3049":"5","3050":"2","3051":";","3052":"<","3053":"/","3054":"s","3055":"p","3056":"a","3057":"n","3058":">","3059":"\\","3060":"n","3061":" ","3062":" ","3063":" ","3064":" ","3065":" ","3066":" ","3067":" ","3068":" ","3069":"<","3070":"/","3071":"d","3072":"i","3073":"v","3074":">","3075":"\\","3076":"n","3077":" ","3078":" ","3079":" ","3080":" ","3081":" ","3082":" ","3083":" ","3084":" ","3085":"<","3086":"d","3087":"i","3088":"v","3089":" ","3090":"c","3091":"l","3092":"a","3093":"s","3094":"s","3095":"=","3096":"\\","3097":"\"","3098":"o","3099":"p","3100":"t","3101":"i","3102":"o","3103":"n","3104":"s","3105":"\\","3106":"\"","3107":" ","3108":"v","3109":"-","3110":"s","3111":"h","3112":"o","3113":"w","3114":"=","3115":"\\","3116":"\"","3117":"o","3118":"p","3119":"e","3120":"n","3121":"\\","3122":"\"","3123":">","3124":"\\","3125":"n","3126":" ","3127":" ","3128":" ","3129":" ","3130":" ","3131":" ","3132":" ","3133":" ","3134":" ","3135":" ","3136":"<","3137":"d","3138":"i","3139":"v","3140":"\\","3141":"n","3142":" ","3143":" ","3144":" ","3145":" ","3146":" ","3147":" ","3148":" ","3149":" ","3150":" ","3151":" ","3152":" ","3153":" ","3154":"c","3155":"l","3156":"a","3157":"s","3158":"s","3159":"=","3160":"\\","3161":"\"","3162":"o","3163":"p","3164":"t","3165":"i","3166":"o","3167":"n","3168":"\\","3169":"\"","3170":"\\","3171":"n","3172":" ","3173":" ","3174":" ","3175":" ","3176":" ","3177":" ","3178":" ","3179":" ","3180":" ","3181":" ","3182":" ","3183":" ","3184":"v","3185":"-","3186":"f","3187":"o","3188":"r","3189":"=","3190":"\\","3191":"\"","3192":"o","3193":"p","3194":"t","3195":"i","3196":"o","3197":"n","3198":" ","3199":"i","3200":"n","3201":" ","3202":"o","3203":"p","3204":"t","3205":"i","3206":"o","3207":"n","3208":"s","3209":"\\","3210":"\"","3211":"\\","3212":"n","3213":" ","3214":" ","3215":" ","3216":" ","3217":" ","3218":" ","3219":" ","3220":" ","3221":" ","3222":" ","3223":" ","3224":" ","3225":":","3226":"k","3227":"e","3228":"y","3229":"=","3230":"\\","3231":"\"","3232":"o","3233":"p","3234":"t","3235":"i","3236":"o","3237":"n","3238":".","3239":"v","3240":"a","3241":"l","3242":"u","3243":"e","3244":"\\","3245":"\"","3246":"\\","3247":"n","3248":" ","3249":" ","3250":" ","3251":" ","3252":" ","3253":" ","3254":" ","3255":" ","3256":" ","3257":" ","3258":" ","3259":" ","3260":"@","3261":"c","3262":"l","3263":"i","3264":"c","3265":"k","3266":".","3267":"s","3268":"t","3269":"o","3270":"p","3271":"=","3272":"\\","3273":"\"","3274":"s","3275":"e","3276":"l","3277":"e","3278":"c","3279":"t","3280":"O","3281":"p","3282":"t","3283":"i","3284":"o","3285":"n","3286":"(","3287":"o","3288":"p","3289":"t","3290":"i","3291":"o","3292":"n","3293":".","3294":"v","3295":"a","3296":"l","3297":"u","3298":"e","3299":")","3300":"\\","3301":"\"","3302":"\\","3303":"n","3304":" ","3305":" ","3306":" ","3307":" ","3308":" ","3309":" ","3310":" ","3311":" ","3312":" ","3313":" ","3314":">","3315":"\\","3316":"n","3317":" ","3318":" ","3319":" ","3320":" ","3321":" ","3322":" ","3323":" ","3324":" ","3325":" ","3326":" ","3327":" ","3328":" ","3329":"{","3330":"{","3331":" ","3332":"o","3333":"p","3334":"t","3335":"i","3336":"o","3337":"n","3338":".","3339":"t","3340":"e","3341":"x","3342":"t","3343":" ","3344":"}","3345":"}","3346":"\\","3347":"n","3348":" ","3349":" ","3350":" ","3351":" ","3352":" ","3353":" ","3354":" ","3355":" ","3356":" ","3357":" ","3358":"<","3359":"/","3360":"d","3361":"i","3362":"v","3363":">","3364":"\\","3365":"n","3366":" ","3367":" ","3368":" ","3369":" ","3370":" ","3371":" ","3372":" ","3373":" ","3374":"<","3375":"/","3376":"d","3377":"i","3378":"v","3379":">","3380":"\\","3381":"n","3382":" ","3383":" ","3384":" ","3385":" ","3386":" ","3387":" ","3388":"<","3389":"/","3390":"d","3391":"i","3392":"v","3393":">","3394":"\\","3395":"n","3396":" ","3397":" ","3398":" ","3399":" ","3400":"<","3401":"/","3402":"d","3403":"i","3404":"v","3405":">","3406":"\\","3407":"n","3408":"<","3409":"/","3410":"t","3411":"e","3412":"m","3413":"p","3414":"l","3415":"a","3416":"t","3417":"e","3418":">","3419":"\\","3420":"n","3421":"\\","3422":"n","3423":"<","3424":"s","3425":"c","3426":"r","3427":"i","3428":"p","3429":"t","3430":" ","3431":"l","3432":"a","3433":"n","3434":"g","3435":"=","3436":"\\","3437":"\"","3438":"t","3439":"s","3440":"\\","3441":"\"","3442":">","3443":"\\","3444":"n","3445":"i","3446":"m","3447":"p","3448":"o","3449":"r","3450":"t","3451":" ","3452":"{","3453":" ","3454":"d","3455":"e","3456":"f","3457":"i","3458":"n","3459":"e","3460":"C","3461":"o","3462":"m","3463":"p","3464":"o","3465":"n","3466":"e","3467":"n","3468":"t","3469":",","3470":" ","3471":"r","3472":"e","3473":"f","3474":",","3475":" ","3476":"c","3477":"o","3478":"m","3479":"p","3480":"u","3481":"t","3482":"e","3483":"d","3484":" ","3485":"}","3486":" ","3487":"f","3488":"r","3489":"o","3490":"m","3491":" ","3492":"'","3493":"v","3494":"u","3495":"e","3496":"'","3497":";","3498":"\\","3499":"n","3500":"i","3501":"m","3502":"p","3503":"o","3504":"r","3505":"t","3506":" ","3507":"{","3508":" ","3509":"u","3510":"s","3511":"e","3512":"S","3513":"t","3514":"o","3515":"r","3516":"e","3517":" ","3518":"}","3519":" ","3520":"f","3521":"r","3522":"o","3523":"m","3524":" ","3525":"'","3526":"v","3527":"u","3528":"e","3529":"x","3530":"'","3531":";","3532":"\\","3533":"n","3534":"\\","3535":"n","3536":"e","3537":"x","3538":"p","3539":"o","3540":"r","3541":"t","3542":" ","3543":"d","3544":"e","3545":"f","3546":"a","3547":"u","3548":"l","3549":"t","3550":" ","3551":"d","3552":"e","3553":"f","3554":"i","3555":"n","3556":"e","3557":"C","3558":"o","3559":"m","3560":"p","3561":"o","3562":"n","3563":"e","3564":"n","3565":"t","3566":"(","3567":"{","3568":"\\","3569":"n","3570":" ","3571":" ","3572":"e","3573":"m","3574":"i","3575":"t","3576":"s","3577":":","3578":" ","3579":"[","3580":"'","3581":"u","3582":"p","3583":"d","3584":"a","3585":"t","3586":"e","3587":"-","3588":"s","3589":"e","3590":"a","3591":"r","3592":"c","3593":"h","3594":"'","3595":",","3596":" ","3597":"'","3598":"u","3599":"p","3600":"d","3601":"a","3602":"t","3603":"e","3604":"-","3605":"g","3606":"e","3607":"n","3608":"d","3609":"e","3610":"r","3611":"'","3612":"]","3613":",","3614":"\\","3615":"n","3616":" ","3617":" ","3618":"s","3619":"e","3620":"t","3621":"u","3622":"p","3623":"(","3624":"_","3625":",","3626":" ","3627":"{","3628":" ","3629":"e","3630":"m","3631":"i","3632":"t","3633":" ","3634":"}","3635":")","3636":" ","3637":"{","3638":"\\","3639":"n","3640":" ","3641":" ","3642":" ","3643":" ","3644":"c","3645":"o","3646":"n","3647":"s","3648":"t","3649":" ","3650":"s","3651":"t","3652":"o","3653":"r","3654":"e","3655":" ","3656":"=","3657":" ","3658":"u","3659":"s","3660":"e","3661":"S","3662":"t","3663":"o","3664":"r","3665":"e","3666":"(","3667":")","3668":";","3669":"\\","3670":"n","3671":" ","3672":" ","3673":" ","3674":" ","3675":"c","3676":"o","3677":"n","3678":"s","3679":"t","3680":" ","3681":"o","3682":"p","3683":"e","3684":"n","3685":" ","3686":"=","3687":" ","3688":"r","3689":"e","3690":"f","3691":"<","3692":"b","3693":"o","3694":"o","3695":"l","3696":"e","3697":"a","3698":"n","3699":">","3700":"(","3701":"f","3702":"a","3703":"l","3704":"s","3705":"e","3706":")","3707":";","3708":"\\","3709":"n","3710":" ","3711":" ","3712":" ","3713":" ","3714":"c","3715":"o","3716":"n","3717":"s","3718":"t","3719":" ","3720":"o","3721":"p","3722":"t","3723":"i","3724":"o","3725":"n","3726":"s","3727":" ","3728":"=","3729":" ","3730":"r","3731":"e","3732":"f","3733":"<","3734":"A","3735":"r","3736":"r","3737":"a","3738":"y","3739":"<","3740":"{","3741":" ","3742":"t","3743":"e","3744":"x","3745":"t","3746":":","3747":" ","3748":"s","3749":"t","3750":"r","3751":"i","3752":"n","3753":"g","3754":";","3755":" ","3756":"v","3757":"a","3758":"l","3759":"u","3760":"e","3761":":","3762":" ","3763":"s","3764":"t","3765":"r","3766":"i","3767":"n","3768":"g","3769":" ","3770":"}","3771":">","3772":">","3773":"(","3774":"[","3775":"\\","3776":"n","3777":" ","3778":" ","3779":" ","3780":" ","3781":" ","3782":" ","3783":"{","3784":" ","3785":"t","3786":"e","3787":"x","3788":"t","3789":":","3790":" ","3791":"'","3792":"A","3793":"l","3794":"l","3795":"'","3796":",","3797":" ","3798":"v","3799":"a","3800":"l","3801":"u","3802":"e","3803":":","3804":" ","3805":"'","3806":"'","3807":" ","3808":"}","3809":",","3810":"\\","3811":"n","3812":" ","3813":" ","3814":" ","3815":" ","3816":" ","3817":" ","3818":"{","3819":" ","3820":"t","3821":"e","3822":"x","3823":"t","3824":":","3825":" ","3826":"'","3827":"M","3828":"a","3829":"l","3830":"e","3831":"'","3832":",","3833":" ","3834":"v","3835":"a","3836":"l","3837":"u","3838":"e","3839":":","3840":" ","3841":"'","3842":"m","3843":"a","3844":"l","3845":"e","3846":"'","3847":" ","3848":"}","3849":",","3850":"\\","3851":"n","3852":" ","3853":" ","3854":" ","3855":" ","3856":" ","3857":" ","3858":"{","3859":" ","3860":"t","3861":"e","3862":"x","3863":"t","3864":":","3865":" ","3866":"'","3867":"F","3868":"e","3869":"m","3870":"a","3871":"l","3872":"e","3873":"'","3874":",","3875":" ","3876":"v","3877":"a","3878":"l","3879":"u","3880":"e","3881":":","3882":" ","3883":"'","3884":"f","3885":"e","3886":"m","3887":"a","3888":"l","3889":"e","3890":"'","3891":" ","3892":"}","3893":"\\","3894":"n","3895":" ","3896":" ","3897":" ","3898":" ","3899":"]","3900":")","3901":";","3902":"\\","3903":"n","3904":"\\","3905":"n","3906":" ","3907":" ","3908":" ","3909":" ","3910":"c","3911":"o","3912":"n","3913":"s","3914":"t","3915":" ","3916":"s","3917":"e","3918":"a","3919":"r","3920":"c","3921":"h","3922":" ","3923":"=","3924":" ","3925":"c","3926":"o","3927":"m","3928":"p","3929":"u","3930":"t","3931":"e","3932":"d","3933":"(","3934":"{","3935":"\\","3936":"n","3937":" ","3938":" ","3939":" ","3940":" ","3941":" ","3942":" ","3943":"g","3944":"e","3945":"t","3946":":","3947":" ","3948":"(","3949":")","3950":" ","3951":"=","3952":">","3953":" ","3954":"s","3955":"t","3956":"o","3957":"r","3958":"e","3959":".","3960":"s","3961":"t","3962":"a","3963":"t","3964":"e","3965":".","3966":"s","3967":"e","3968":"a","3969":"r","3970":"c","3971":"h","3972":"Q","3973":"u","3974":"e","3975":"r","3976":"y","3977":",","3978":"\\","3979":"n","3980":" ","3981":" ","3982":" ","3983":" ","3984":" ","3985":" ","3986":"s","3987":"e","3988":"t","3989":":","3990":" ","3991":"(","3992":"v","3993":"a","3994":"l","3995":"u","3996":"e","3997":")","3998":" ","3999":"=","4000":">","4001":" ","4002":"{","4003":"\\","4004":"n","4005":" ","4006":" ","4007":" ","4008":" ","4009":" ","4010":" ","4011":" ","4012":" ","4013":"s","4014":"t","4015":"o","4016":"r","4017":"e","4018":".","4019":"c","4020":"o","4021":"m","4022":"m","4023":"i","4024":"t","4025":"(","4026":"'","4027":"s","4028":"e","4029":"t","4030":"S","4031":"e","4032":"a","4033":"r","4034":"c","4035":"h","4036":"Q","4037":"u","4038":"e","4039":"r","4040":"y","4041":"'","4042":",","4043":" ","4044":"v","4045":"a","4046":"l","4047":"u","4048":"e","4049":")","4050":";","4051":"\\","4052":"n","4053":" ","4054":" ","4055":" ","4056":" ","4057":" ","4058":" ","4059":" ","4060":" ","4061":"e","4062":"m","4063":"i","4064":"t","4065":"(","4066":"'","4067":"u","4068":"p","4069":"d","4070":"a","4071":"t","4072":"e","4073":"-","4074":"s","4075":"e","4076":"a","4077":"r","4078":"c","4079":"h","4080":"'","4081":",","4082":" ","4083":"v","4084":"a","4085":"l","4086":"u","4087":"e","4088":")","4089":";","4090":"\\","4091":"n","4092":" ","4093":" ","4094":" ","4095":" ","4096":" ","4097":" ","4098":"}","4099":"\\","4100":"n","4101":" ","4102":" ","4103":" ","4104":" ","4105":"}","4106":")","4107":";","4108":"\\","4109":"n","4110":"\\","4111":"n","4112":" ","4113":" ","4114":" ","4115":" ","4116":"c","4117":"o","4118":"n","4119":"s","4120":"t","4121":" ","4122":"g","4123":"e","4124":"n","4125":"d","4126":"e","4127":"r","4128":" ","4129":"=","4130":" ","4131":"c","4132":"o","4133":"m","4134":"p","4135":"u","4136":"t","4137":"e","4138":"d","4139":"(","4140":"{","4141":"\\","4142":"n","4143":" ","4144":" ","4145":" ","4146":" ","4147":" ","4148":" ","4149":"g","4150":"e","4151":"t","4152":":","4153":" ","4154":"(","4155":")","4156":" ","4157":"=","4158":">","4159":" ","4160":"s","4161":"t","4162":"o","4163":"r","4164":"e","4165":".","4166":"s","4167":"t","4168":"a","4169":"t","4170":"e","4171":".","4172":"g","4173":"e","4174":"n","4175":"d","4176":"e","4177":"r","4178":",","4179":"\\","4180":"n","4181":" ","4182":" ","4183":" ","4184":" ","4185":" ","4186":" ","4187":"s","4188":"e","4189":"t","4190":":","4191":" ","4192":"(","4193":"v","4194":"a","4195":"l","4196":"u","4197":"e","4198":")","4199":" ","4200":"=","4201":">","4202":" ","4203":"{","4204":"\\","4205":"n","4206":" ","4207":" ","4208":" ","4209":" ","4210":" ","4211":" ","4212":" ","4213":" ","4214":"s","4215":"t","4216":"o","4217":"r","4218":"e","4219":".","4220":"c","4221":"o","4222":"m","4223":"m","4224":"i","4225":"t","4226":"(","4227":"'","4228":"s","4229":"e","4230":"t","4231":"G","4232":"e","4233":"n","4234":"d","4235":"e","4236":"r","4237":"'","4238":",","4239":" ","4240":"v","4241":"a","4242":"l","4243":"u","4244":"e","4245":")","4246":";","4247":"\\","4248":"n","4249":" ","4250":" ","4251":" ","4252":" ","4253":" ","4254":" ","4255":" ","4256":" ","4257":"e","4258":"m","4259":"i","4260":"t","4261":"(","4262":"'","4263":"u","4264":"p","4265":"d","4266":"a","4267":"t","4268":"e","4269":"-","4270":"g","4271":"e","4272":"n","4273":"d","4274":"e","4275":"r","4276":"'","4277":",","4278":" ","4279":"v","4280":"a","4281":"l","4282":"u","4283":"e","4284":")","4285":";","4286":"\\","4287":"n","4288":" ","4289":" ","4290":" ","4291":" ","4292":" ","4293":" ","4294":"}","4295":"\\","4296":"n","4297":" ","4298":" ","4299":" ","4300":" ","4301":"}","4302":")","4303":";","4304":"\\","4305":"n","4306":"\\","4307":"n","4308":" ","4309":" ","4310":" ","4311":" ","4312":"c","4313":"o","4314":"n","4315":"s","4316":"t","4317":" ","4318":"u","4319":"p","4320":"d","4321":"a","4322":"t","4323":"e","4324":"S","4325":"e","4326":"a","4327":"r","4328":"c","4329":"h","4330":" ","4331":"=","4332":" ","4333":"(","4334":")","4335":" ","4336":"=","4337":">","4338":" ","4339":"{","4340":"\\","4341":"n","4342":" ","4343":" ","4344":" ","4345":" ","4346":" ","4347":" ","4348":"e","4349":"m","4350":"i","4351":"t","4352":"(","4353":"'","4354":"u","4355":"p","4356":"d","4357":"a","4358":"t","4359":"e","4360":"-","4361":"s","4362":"e","4363":"a","4364":"r","4365":"c","4366":"h","4367":"'","4368":",","4369":" ","4370":"s","4371":"e","4372":"a","4373":"r","4374":"c","4375":"h","4376":".","4377":"v","4378":"a","4379":"l","4380":"u","4381":"e","4382":")","4383":";","4384":"\\","4385":"n","4386":" ","4387":" ","4388":" ","4389":" ","4390":"}","4391":";","4392":"\\","4393":"n","4394":"\\","4395":"n","4396":" ","4397":" ","4398":" ","4399":" ","4400":"c","4401":"o","4402":"n","4403":"s","4404":"t","4405":" ","4406":"u","4407":"p","4408":"d","4409":"a","4410":"t","4411":"e","4412":"G","4413":"e","4414":"n","4415":"d","4416":"e","4417":"r","4418":" ","4419":"=","4420":" ","4421":"(","4422":")","4423":" ","4424":"=","4425":">","4426":" ","4427":"{","4428":"\\","4429":"n","4430":" ","4431":" ","4432":" ","4433":" ","4434":" ","4435":" ","4436":"e","4437":"m","4438":"i","4439":"t","4440":"(","4441":"'","4442":"u","4443":"p","4444":"d","4445":"a","4446":"t","4447":"e","4448":"-","4449":"g","4450":"e","4451":"n","4452":"d","4453":"e","4454":"r","4455":"'","4456":",","4457":" ","4458":"g","4459":"e","4460":"n","4461":"d","4462":"e","4463":"r","4464":".","4465":"v","4466":"a","4467":"l","4468":"u","4469":"e","4470":")","4471":";","4472":"\\","4473":"n","4474":" ","4475":" ","4476":" ","4477":" ","4478":"}","4479":";","4480":"\\","4481":"n","4482":"\\","4483":"n","4484":" ","4485":" ","4486":" ","4487":" ","4488":"c","4489":"o","4490":"n","4491":"s","4492":"t","4493":" ","4494":"s","4495":"e","4496":"l","4497":"e","4498":"c","4499":"t","4500":"O","4501":"p","4502":"t","4503":"i","4504":"o","4505":"n","4506":" ","4507":"=","4508":" ","4509":"(","4510":"v","4511":"a","4512":"l","4513":"u","4514":"e","4515":":","4516":" ","4517":"s","4518":"t","4519":"r","4520":"i","4521":"n","4522":"g","4523":")","4524":" ","4525":"=","4526":">","4527":" ","4528":"{","4529":"\\","4530":"n","4531":" ","4532":" ","4533":" ","4534":" ","4535":" ","4536":" ","4537":"c","4538":"o","4539":"n","4540":"s","4541":"t","4542":" ","4543":"o","4544":"p","4545":"t","4546":"i","4547":"o","4548":"n","4549":"T","4550":"e","4551":"x","4552":"t","4553":" ","4554":"=","4555":" ","4556":"o","4557":"p","4558":"t","4559":"i","4560":"o","4561":"n","4562":"s","4563":".","4564":"v","4565":"a","4566":"l","4567":"u","4568":"e","4569":".","4570":"f","4571":"i","4572":"n","4573":"d","4574":"(","4575":"\\","4576":"n","4577":" ","4578":" ","4579":" ","4580":" ","4581":" ","4582":" ","4583":" ","4584":" ","4585":"(","4586":"o","4587":"p","4588":"t","4589":"i","4590":"o","4591":"n","4592":")","4593":" ","4594":"=","4595":">","4596":" ","4597":"o","4598":"p","4599":"t","4600":"i","4601":"o","4602":"n","4603":".","4604":"v","4605":"a","4606":"l","4607":"u","4608":"e","4609":" ","4610":"=","4611":"=","4612":"=","4613":" ","4614":"v","4615":"a","4616":"l","4617":"u","4618":"e","4619":"\\","4620":"n","4621":" ","4622":" ","4623":" ","4624":" ","4625":" ","4626":" ","4627":")","4628":"?","4629":".","4630":"t","4631":"e","4632":"x","4633":"t","4634":";","4635":"\\","4636":"n","4637":" ","4638":" ","4639":" ","4640":" ","4641":" ","4642":" ","4643":"c","4644":"o","4645":"n","4646":"s","4647":"o","4648":"l","4649":"e","4650":".","4651":"l","4652":"o","4653":"g","4654":"(","4655":"`","4656":"O","4657":"p","4658":"t","4659":"i","4660":"o","4661":"n","4662":" ","4663":"$","4664":"{","4665":"v","4666":"a","4667":"l","4668":"u","4669":"e","4670":"}","4671":" ","4672":"s","4673":"e","4674":"l","4675":"e","4676":"c","4677":"t","4678":"e","4679":"d","4680":".","4681":" ","4682":"O","4683":"p","4684":"t","4685":"i","4686":"o","4687":"n","4688":" ","4689":"t","4690":"e","4691":"x","4692":"t","4693":":","4694":" ","4695":"$","4696":"{","4697":"o","4698":"p","4699":"t","4700":"i","4701":"o","4702":"n","4703":"T","4704":"e","4705":"x","4706":"t","4707":"}","4708":"`","4709":")","4710":";","4711":"\\","4712":"n","4713":" ","4714":" ","4715":" ","4716":" ","4717":" ","4718":" ","4719":"s","4720":"t","4721":"o","4722":"r","4723":"e","4724":".","4725":"c","4726":"o","4727":"m","4728":"m","4729":"i","4730":"t","4731":"(","4732":"'","4733":"s","4734":"e","4735":"t","4736":"G","4737":"e","4738":"n","4739":"d","4740":"e","4741":"r","4742":"'","4743":",","4744":" ","4745":"v","4746":"a","4747":"l","4748":"u","4749":"e","4750":")","4751":";","4752":"\\","4753":"n","4754":" ","4755":" ","4756":" ","4757":" ","4758":" ","4759":" ","4760":"e","4761":"m","4762":"i","4763":"t","4764":"(","4765":"'","4766":"u","4767":"p","4768":"d","4769":"a","4770":"t","4771":"e","4772":"-","4773":"g","4774":"e","4775":"n","4776":"d","4777":"e","4778":"r","4779":"'","4780":",","4781":" ","4782":"v","4783":"a","4784":"l","4785":"u","4786":"e","4787":")","4788":";","4789":"\\","4790":"n","4791":" ","4792":" ","4793":" ","4794":" ","4795":" ","4796":" ","4797":"o","4798":"p","4799":"e","4800":"n","4801":".","4802":"v","4803":"a","4804":"l","4805":"u","4806":"e","4807":" ","4808":"=","4809":" ","4810":"f","4811":"a","4812":"l","4813":"s","4814":"e","4815":";","4816":"\\","4817":"n","4818":" ","4819":" ","4820":" ","4821":" ","4822":"}","4823":";","4824":"\\","4825":"n","4826":"\\","4827":"n","4828":" ","4829":" ","4830":" ","4831":" ","4832":"c","4833":"o","4834":"n","4835":"s","4836":"t","4837":" ","4838":"s","4839":"e","4840":"l","4841":"e","4842":"c","4843":"t","4844":"e","4845":"d","4846":"O","4847":"p","4848":"t","4849":"i","4850":"o","4851":"n","4852":"T","4853":"e","4854":"x","4855":"t","4856":" ","4857":"=","4858":" ","4859":"c","4860":"o","4861":"m","4862":"p","4863":"u","4864":"t","4865":"e","4866":"d","4867":"(","4868":"(","4869":")","4870":" ","4871":"=","4872":">","4873":" ","4874":"{","4875":"\\","4876":"n","4877":" ","4878":" ","4879":" ","4880":" ","4881":" ","4882":" ","4883":"c","4884":"o","4885":"n","4886":"s","4887":"t","4888":" ","4889":"o","4890":"p","4891":"t","4892":"i","4893":"o","4894":"n","4895":" ","4896":"=","4897":" ","4898":"o","4899":"p","4900":"t","4901":"i","4902":"o","4903":"n","4904":"s","4905":".","4906":"v","4907":"a","4908":"l","4909":"u","4910":"e","4911":".","4912":"f","4913":"i","4914":"n","4915":"d","4916":"(","4917":"(","4918":"o","4919":"p","4920":"t","4921":")","4922":" ","4923":"=","4924":">","4925":" ","4926":"o","4927":"p","4928":"t","4929":".","4930":"v","4931":"a","4932":"l","4933":"u","4934":"e","4935":" ","4936":"=","4937":"=","4938":"=","4939":" ","4940":"g","4941":"e","4942":"n","4943":"d","4944":"e","4945":"r","4946":".","4947":"v","4948":"a","4949":"l","4950":"u","4951":"e","4952":")","4953":";","4954":"\\","4955":"n","4956":" ","4957":" ","4958":" ","4959":" ","4960":" ","4961":" ","4962":"r","4963":"e","4964":"t","4965":"u","4966":"r","4967":"n","4968":" ","4969":"o","4970":"p","4971":"t","4972":"i","4973":"o","4974":"n","4975":" ","4976":"?","4977":" ","4978":"o","4979":"p","4980":"t","4981":"i","4982":"o","4983":"n","4984":".","4985":"t","4986":"e","4987":"x","4988":"t","4989":" ","4990":":","4991":" ","4992":"'","4993":"'","4994":";","4995":"\\","4996":"n","4997":" ","4998":" ","4999":" ","5000":" ","5001":"}","5002":")","5003":";","5004":"\\","5005":"n","5006":"\\","5007":"n","5008":" ","5009":" ","5010":" ","5011":" ","5012":"r","5013":"e","5014":"t","5015":"u","5016":"r","5017":"n","5018":" ","5019":"{","5020":"\\","5021":"n","5022":" ","5023":" ","5024":" ","5025":" ","5026":" ","5027":" ","5028":"s","5029":"e","5030":"a","5031":"r","5032":"c","5033":"h","5034":",","5035":"\\","5036":"n","5037":" ","5038":" ","5039":" ","5040":" ","5041":" ","5042":" ","5043":"g","5044":"e","5045":"n","5046":"d","5047":"e","5048":"r","5049":",","5050":"\\","5051":"n","5052":" ","5053":" ","5054":" ","5055":" ","5056":" ","5057":" ","5058":"o","5059":"p","5060":"e","5061":"n","5062":",","5063":"\\","5064":"n","5065":" ","5066":" ","5067":" ","5068":" ","5069":" ","5070":" ","5071":"o","5072":"p","5073":"t","5074":"i","5075":"o","5076":"n","5077":"s","5078":",","5079":"\\","5080":"n","5081":" ","5082":" ","5083":" ","5084":" ","5085":" ","5086":" ","5087":"s","5088":"e","5089":"l","5090":"e","5091":"c","5092":"t","5093":"O","5094":"p","5095":"t","5096":"i","5097":"o","5098":"n","5099":",","5100":"\\","5101":"n","5102":" ","5103":" ","5104":" ","5105":" ","5106":" ","5107":" ","5108":"s","5109":"e","5110":"l","5111":"e","5112":"c","5113":"t","5114":"e","5115":"d","5116":"O","5117":"p","5118":"t","5119":"i","5120":"o","5121":"n","5122":"T","5123":"e","5124":"x","5125":"t","5126":",","5127":"\\","5128":"n","5129":" ","5130":" ","5131":" ","5132":" ","5133":" ","5134":" ","5135":"u","5136":"p","5137":"d","5138":"a","5139":"t","5140":"e","5141":"S","5142":"e","5143":"a","5144":"r","5145":"c","5146":"h","5147":",","5148":"\\","5149":"n","5150":" ","5151":" ","5152":" ","5153":" ","5154":" ","5155":" ","5156":"u","5157":"p","5158":"d","5159":"a","5160":"t","5161":"e","5162":"G","5163":"e","5164":"n","5165":"d","5166":"e","5167":"r","5168":"\\","5169":"n","5170":" ","5171":" ","5172":" ","5173":" ","5174":"}","5175":";","5176":"\\","5177":"n","5178":" ","5179":" ","5180":"}","5181":",","5182":"\\","5183":"n","5184":" ","5185":" ","5186":"d","5187":"a","5188":"t","5189":"a","5190":"(","5191":")","5192":" ","5193":"{","5194":"\\","5195":"n","5196":" ","5197":" ","5198":" ","5199":" ","5200":"r","5201":"e","5202":"t","5203":"u","5204":"r","5205":"n","5206":" ","5207":"{","5208":"\\","5209":"n","5210":" ","5211":" ","5212":" ","5213":" ","5214":" ","5215":" ","5216":"i","5217":"s","5218":"S","5219":"m","5220":"a","5221":"l","5222":"l","5223":"S","5224":"c","5225":"r","5226":"e","5227":"e","5228":"n","5229":":","5230":" ","5231":"w","5232":"i","5233":"n","5234":"d","5235":"o","5236":"w","5237":".","5238":"i","5239":"n","5240":"n","5241":"e","5242":"r","5243":"W","5244":"i","5245":"d","5246":"t","5247":"h","5248":" ","5249":"<","5250":"=","5251":" ","5252":"6","5253":"0","5254":"0","5255":" ","5256":"/","5257":"/","5258":" ","5259":"Y","5260":"o","5261":"u","5262":" ","5263":"c","5264":"a","5265":"n","5266":" ","5267":"a","5268":"d","5269":"j","5270":"u","5271":"s","5272":"t","5273":" ","5274":"t","5275":"h","5276":"e","5277":" ","5278":"v","5279":"a","5280":"l","5281":"u","5282":"e","5283":" ","5284":"a","5285":"s","5286":" ","5287":"n","5288":"e","5289":"e","5290":"d","5291":"e","5292":"d","5293":"\\","5294":"n","5295":" ","5296":" ","5297":" ","5298":" ","5299":"}","5300":";","5301":"\\","5302":"n","5303":" ","5304":" ","5305":"}","5306":",","5307":"\\","5308":"n","5309":" ","5310":" ","5311":"c","5312":"o","5313":"m","5314":"p","5315":"u","5316":"t","5317":"e","5318":"d","5319":":","5320":" ","5321":"{","5322":"\\","5323":"n","5324":" ","5325":" ","5326":" ","5327":" ","5328":"m","5329":"a","5330":"l","5331":"e","5332":"O","5333":"p","5334":"t","5335":"i","5336":"o","5337":"n","5338":"T","5339":"e","5340":"x","5341":"t","5342":"(","5343":")","5344":" ","5345":"{","5346":"\\","5347":"n","5348":" ","5349":" ","5350":" ","5351":" ","5352":" ","5353":" ","5354":"r","5355":"e","5356":"t","5357":"u","5358":"r","5359":"n","5360":" ","5361":"t","5362":"h","5363":"i","5364":"s","5365":".","5366":"i","5367":"s","5368":"S","5369":"m","5370":"a","5371":"l","5372":"l","5373":"S","5374":"c","5375":"r","5376":"e","5377":"e","5378":"n","5379":" ","5380":"?","5381":" ","5382":"'","5383":"M","5384":"'","5385":" ","5386":":","5387":" ","5388":"'","5389":"M","5390":"a","5391":"l","5392":"e","5393":"'","5394":";","5395":"\\","5396":"n","5397":" ","5398":" ","5399":" ","5400":" ","5401":"}","5402":",","5403":"\\","5404":"n","5405":" ","5406":" ","5407":" ","5408":" ","5409":"f","5410":"e","5411":"m","5412":"a","5413":"l","5414":"e","5415":"O","5416":"p","5417":"t","5418":"i","5419":"o","5420":"n","5421":"T","5422":"e","5423":"x","5424":"t","5425":"(","5426":")","5427":" ","5428":"{","5429":"\\","5430":"n","5431":" ","5432":" ","5433":" ","5434":" ","5435":" ","5436":" ","5437":"r","5438":"e","5439":"t","5440":"u","5441":"r","5442":"n","5443":" ","5444":"t","5445":"h","5446":"i","5447":"s","5448":".","5449":"i","5450":"s","5451":"S","5452":"m","5453":"a","5454":"l","5455":"l","5456":"S","5457":"c","5458":"r","5459":"e","5460":"e","5461":"n","5462":" ","5463":"?","5464":" ","5465":"'","5466":"F","5467":"'","5468":" ","5469":":","5470":" ","5471":"'","5472":"F","5473":"e","5474":"m","5475":"a","5476":"l","5477":"e","5478":"'","5479":";","5480":"\\","5481":"n","5482":" ","5483":" ","5484":" ","5485":" ","5486":"}","5487":"\\","5488":"n","5489":" ","5490":" ","5491":"}","5492":",","5493":"\\","5494":"n","5495":" ","5496":" ","5497":"c","5498":"r","5499":"e","5500":"a","5501":"t","5502":"e","5503":"d","5504":"(","5505":")","5506":" ","5507":"{","5508":"\\","5509":"n","5510":" ","5511":" ","5512":" ","5513":" ","5514":"w","5515":"i","5516":"n","5517":"d","5518":"o","5519":"w","5520":".","5521":"a","5522":"d","5523":"d","5524":"E","5525":"v","5526":"e","5527":"n","5528":"t","5529":"L","5530":"i","5531":"s","5532":"t","5533":"e","5534":"n","5535":"e","5536":"r","5537":"(","5538":"'","5539":"r","5540":"e","5541":"s","5542":"i","5543":"z","5544":"e","5545":"'","5546":",","5547":" ","5548":"t","5549":"h","5550":"i","5551":"s","5552":".","5553":"u","5554":"p","5555":"d","5556":"a","5557":"t","5558":"e","5559":"S","5560":"c","5561":"r","5562":"e","5563":"e","5564":"n","5565":"W","5566":"i","5567":"d","5568":"t","5569":"h","5570":")","5571":";","5572":"\\","5573":"n","5574":" ","5575":" ","5576":"}","5577":",","5578":"\\","5579":"n","5580":" ","5581":" ","5582":"u","5583":"n","5584":"m","5585":"o","5586":"u","5587":"n","5588":"t","5589":"e","5590":"d","5591":"(","5592":")","5593":" ","5594":"{","5595":"\\","5596":"n","5597":" ","5598":" ","5599":" ","5600":" ","5601":"w","5602":"i","5603":"n","5604":"d","5605":"o","5606":"w","5607":".","5608":"r","5609":"e","5610":"m","5611":"o","5612":"v","5613":"e","5614":"E","5615":"v","5616":"e","5617":"n","5618":"t","5619":"L","5620":"i","5621":"s","5622":"t","5623":"e","5624":"n","5625":"e","5626":"r","5627":"(","5628":"'","5629":"r","5630":"e","5631":"s","5632":"i","5633":"z","5634":"e","5635":"'","5636":",","5637":" ","5638":"t","5639":"h","5640":"i","5641":"s","5642":".","5643":"u","5644":"p","5645":"d","5646":"a","5647":"t","5648":"e","5649":"S","5650":"c","5651":"r","5652":"e","5653":"e","5654":"n","5655":"W","5656":"i","5657":"d","5658":"t","5659":"h","5660":")","5661":";","5662":"\\","5663":"n","5664":" ","5665":" ","5666":"}","5667":",","5668":"\\","5669":"n","5670":" ","5671":" ","5672":"m","5673":"e","5674":"t","5675":"h","5676":"o","5677":"d","5678":"s","5679":":","5680":" ","5681":"{","5682":"\\","5683":"n","5684":" ","5685":" ","5686":" ","5687":" ","5688":"u","5689":"p","5690":"d","5691":"a","5692":"t","5693":"e","5694":"S","5695":"c","5696":"r","5697":"e","5698":"e","5699":"n","5700":"W","5701":"i","5702":"d","5703":"t","5704":"h","5705":"(","5706":")","5707":" ","5708":"{","5709":"\\","5710":"n","5711":" ","5712":" ","5713":" ","5714":" ","5715":" ","5716":" ","5717":"t","5718":"h","5719":"i","5720":"s","5721":".","5722":"i","5723":"s","5724":"S","5725":"m","5726":"a","5727":"l","5728":"l","5729":"S","5730":"c","5731":"r","5732":"e","5733":"e","5734":"n","5735":" ","5736":"=","5737":" ","5738":"w","5739":"i","5740":"n","5741":"d","5742":"o","5743":"w","5744":".","5745":"i","5746":"n","5747":"n","5748":"e","5749":"r","5750":"W","5751":"i","5752":"d","5753":"t","5754":"h","5755":" ","5756":"<","5757":"=","5758":" ","5759":"6","5760":"0","5761":"0","5762":";","5763":"\\","5764":"n","5765":" ","5766":" ","5767":" ","5768":" ","5769":"}","5770":"\\","5771":"n","5772":" ","5773":" ","5774":"}","5775":"\\","5776":"n","5777":"}","5778":")","5779":";","5780":"\\","5781":"n","5782":"<","5783":"/","5784":"s","5785":"c","5786":"r","5787":"i","5788":"p","5789":"t","5790":">","5791":"\\","5792":"n","5793":"\\","5794":"n","5795":"<","5796":"s","5797":"t","5798":"y","5799":"l","5800":"e","5801":" ","5802":"s","5803":"c","5804":"o","5805":"p","5806":"e","5807":"d","5808":">","5809":"\\","5810":"n","5811":".","5812":"s","5813":"e","5814":"a","5815":"r","5816":"c","5817":"h","5818":"-","5819":"b","5820":"a","5821":"r","5822":"_","5823":"_","5824":"i","5825":"n","5826":"p","5827":"u","5828":"t","5829":"-","5830":"c","5831":"o","5832":"n","5833":"t","5834":"a","5835":"i","5836":"n","5837":"e","5838":"r","5839":" ","5840":"{","5841":"\\","5842":"n","5843":" ","5844":" ","5845":"p","5846":"o","5847":"s","5848":"i","5849":"t","5850":"i","5851":"o","5852":"n","5853":":","5854":" ","5855":"r","5856":"e","5857":"l","5858":"a","5859":"t","5860":"i","5861":"v","5862":"e","5863":";","5864":"\\","5865":"n","5866":" ","5867":" ","5868":"d","5869":"i","5870":"s","5871":"p","5872":"l","5873":"a","5874":"y","5875":":","5876":" ","5877":"f","5878":"l","5879":"e","5880":"x","5881":";","5882":"\\","5883":"n","5884":" ","5885":" ","5886":"a","5887":"l","5888":"i","5889":"g","5890":"n","5891":"-","5892":"i","5893":"t","5894":"e","5895":"m","5896":"s","5897":":","5898":" ","5899":"c","5900":"e","5901":"n","5902":"t","5903":"e","5904":"r","5905":";","5906":"\\","5907":"n","5908":" ","5909":" ","5910":"w","5911":"i","5912":"d","5913":"t","5914":"h","5915":":","5916":" ","5917":"6","5918":"0","5919":"%","5920":";","5921":"\\","5922":"n","5923":" ","5924":" ","5925":"h","5926":"e","5927":"i","5928":"g","5929":"h","5930":"t","5931":":","5932":" ","5933":"5","5934":"0","5935":"p","5936":"x","5937":";","5938":"\\","5939":"n","5940":" ","5941":" ","5942":"b","5943":"o","5944":"x","5945":"-","5946":"s","5947":"i","5948":"z","5949":"i","5950":"n","5951":"g","5952":":","5953":" ","5954":"b","5955":"o","5956":"r","5957":"d","5958":"e","5959":"r","5960":"-","5961":"b","5962":"o","5963":"x","5964":";","5965":"\\","5966":"n","5967":" ","5968":" ","5969":"m","5970":"a","5971":"r","5972":"g","5973":"i","5974":"n","5975":"-","5976":"t","5977":"o","5978":"p","5979":":","5980":" ","5981":"8","5982":"%","5983":";","5984":"\\","5985":"n","5986":" ","5987":" ","5988":"m","5989":"a","5990":"r","5991":"g","5992":"i","5993":"n","5994":"-","5995":"l","5996":"e","5997":"f","5998":"t","5999":":","6000":" ","6001":"5","6002":"%","6003":";","6004":"\\","6005":"n","6006":"}","6007":"\\","6008":"n","6009":"\\","6010":"n","6011":".","6012":"s","6013":"e","6014":"a","6015":"r","6016":"c","6017":"h","6018":"-","6019":"b","6020":"a","6021":"r","6022":" ","6023":"{","6024":"\\","6025":"n","6026":" ","6027":" ","6028":"d","6029":"i","6030":"s","6031":"p","6032":"l","6033":"a","6034":"y","6035":":","6036":" ","6037":"f","6038":"l","6039":"e","6040":"x","6041":";","6042":"\\","6043":"n","6044":" ","6045":" ","6046":"j","6047":"u","6048":"s","6049":"t","6050":"i","6051":"f","6052":"y","6053":"-","6054":"c","6055":"o","6056":"n","6057":"t","6058":"e","6059":"n","6060":"t","6061":":","6062":" ","6063":"s","6064":"p","6065":"a","6066":"c","6067":"e","6068":"-","6069":"b","6070":"e","6071":"t","6072":"w","6073":"e","6074":"e","6075":"n","6076":";","6077":"\\","6078":"n","6079":" ","6080":" ","6081":"a","6082":"l","6083":"i","6084":"g","6085":"n","6086":"-","6087":"i","6088":"t","6089":"e","6090":"m","6091":"s","6092":":","6093":" ","609
[...]
":"n","2657":"e","2658":"C","2659":"o","2660":"m","2661":"p","2662":"o","2663":"n","2664":"e","2665":"n","2666":"t","2667":"(","2668":"{","2669":"\\","2670":"n","2671":" ","2672":" ","2673":"n","2674":"a","2675":"m","2676":"e","2677":":","2678":" ","2679":"'","2680":"H","2681":"o","2682":"m","2683":"e","2684":"V","2685":"i","2686":"e","2687":"w","2688":"'","2689":",","2690":"\\","2691":"n","2692":" ","2693":" ","2694":"c","2695":"o","2696":"m","2697":"p","2698":"o","2699":"n","2700":"e","2701":"n","2702":"t","2703":"s","2704":":","2705":" ","2706":"{","2707":"\\","2708":"n","2709":" ","2710":" ","2711":" ","2712":" ","2713":"S","2714":"e","2715":"a","2716":"r","2717":"c","2718":"h","2719":"B","2720":"a","2721":"r","2722":",","2723":"\\","2724":"n","2725":" ","2726":" ","2727":" ","2728":" ","2729":"'","2730":"u","2731":"s","2732":"e","2733":"r","2734":"-","2735":"d","2736":"e","2737":"t","2738":"a","2739":"i","2740":"l","2741":"-","2742":"m","2743":"o","2744":"d","2745":"a","2746":"l","2747":"'","2748":":","2749":" ","2750":"U","2751":"s","2752":"e","2753":"r","2754":"D","2755":"e","2756":"t","2757":"a","2758":"i","2759":"l","2760":"M","2761":"o","2762":"d","2763":"a","2764":"l","2765":",","2766":"\\","2767":"n","2768":" ","2769":" ","2770":" ","2771":" ","2772":"U","2773":"s","2774":"e","2775":"r","2776":"L","2777":"i","2778":"s","2779":"t","2780":"\\","2781":"n","2782":" ","2783":" ","2784":"}","2785":",","2786":"\\","2787":"n","2788":" ","2789":" ","2790":"s","2791":"e","2792":"t","2793":"u","2794":"p","2795":"(","2796":")","2797":" ","2798":"{","2799":"\\","2800":"n","2801":" ","2802":" ","2803":" ","2804":" ","2805":"c","2806":"o","2807":"n","2808":"s","2809":"t","2810":" ","2811":"s","2812":"t","2813":"o","2814":"r","2815":"e","2816":" ","2817":"=","2818":" ","2819":"u","2820":"s","2821":"e","2822":"S","2823":"t","2824":"o","2825":"r","2826":"e","2827":"(","2828":")","2829":";","2830":"\\","2831":"n","2832":" ","2833":" ","2834":" ","2835":" ","2836":"c","2837":"o","2838":"n","2839":"s","2840":"t","2841":" ","2842":"s","2843":"e","2844":"l","2845":"e","2846":"c","2847":"t","2848":"e","2849":"d","2850":"U","2851":"s","2852":"e","2853":"r","2854":" ","2855":"=","2856":" ","2857":"c","2858":"o","2859":"m","2860":"p","2861":"u","2862":"t","2863":"e","2864":"d","2865":"(","2866":"\\","2867":"n","2868":" ","2869":" ","2870":" ","2871":" ","2872":" ","2873":" ","2874":"(","2875":")","2876":" ","2877":"=","2878":">","2879":" ","2880":"s","2881":"t","2882":"o","2883":"r","2884":"e","2885":".","2886":"s","2887":"t","2888":"a","2889":"t","2890":"e","2891":".","2892":"s","2893":"e","2894":"l","2895":"e","2896":"c","2897":"t","2898":"e","2899":"d","2900":"U","2901":"s","2902":"e","2903":"r","2904":" ","2905":"a","2906":"s","2907":" ","2908":"U","2909":"s","2910":"e","2911":"r","2912":" ","2913":"|","2914":" ","2915":"n","2916":"u","2917":"l","2918":"l","2919":"\\","2920":"n","2921":" ","2922":" ","2923":" ","2924":" ","2925":")","2926":";","2927":"\\","2928":"n","2929":"\\","2930":"n","2931":" ","2932":" ","2933":" ","2934":" ","2935":"c","2936":"o","2937":"n","2938":"s","2939":"t","2940":" ","2941":"s","2942":"e","2943":"a","2944":"r","2945":"c","2946":"h","2947":"Q","2948":"u","2949":"e","2950":"r","2951":"y","2952":" ","2953":"=","2954":" ","2955":"c","2956":"o","2957":"m","2958":"p","2959":"u","2960":"t","2961":"e","2962":"d","2963":"(","2964":"{","2965":"\\","2966":"n","2967":" ","2968":" ","2969":" ","2970":" ","2971":" ","2972":" ","2973":"g","2974":"e","2975":"t","2976":":","2977":" ","2978":"(","2979":")","2980":" ","2981":"=","2982":">","2983":" ","2984":"s","2985":"t","2986":"o","2987":"r","2988":"e","2989":".","2990":"s","2991":"t","2992":"a","2993":"t","2994":"e","2995":".","2996":"s","2997":"e","2998":"a","2999":"r","3000":"c","3001":"h","3002":"Q","3003":"u","3004":"e","3005":"r","3006":"y","3007":" ","3008":"|","3009":"|","3010":" ","3011":"'","3012":"'","3013":",","3014":"\\","3015":"n","3016":" ","3017":" ","3018":" ","3019":" ","3020":" ","3021":" ","3022":"s","3023":"e","3024":"t","3025":":","3026":" ","3027":"(","3028":"v","3029":"a","3030":"l","3031":"u","3032":"e","3033":")","3034":" ","3035":"=","3036":">","3037":" ","3038":"s","3039":"t","3040":"o","3041":"r","3042":"e","3043":".","3044":"c","3045":"o","3046":"m","3047":"m","3048":"i","3049":"t","3050":"(","3051":"'","3052":"s","3053":"e","3054":"t","3055":"S","3056":"e","3057":"a","3058":"r","3059":"c","3060":"h","3061":"Q","3062":"u","3063":"e","3064":"r","3065":"y","3066":"'","3067":",","3068":" ","3069":"v","3070":"a","3071":"l","3072":"u","3073":"e","3074":")","3075":"\\","3076":"n","3077":" ","3078":" ","3079":" ","3080":" ","3081":"}","3082":")","3083":";","3084":"\\","3085":"n","3086":"\\","3087":"n","3088":" ","3089":" ","3090":" ","3091":" ","3092":"c","3093":"o","3094":"n","3095":"s","3096":"t","3097":" ","3098":"g","3099":"e","3100":"n","3101":"d","3102":"e","3103":"r","3104":" ","3105":"=","3106":" ","3107":"c","3108":"o","3109":"m","3110":"p","3111":"u","3112":"t","3113":"e","3114":"d","3115":"(","3116":"{","3117":"\\","3118":"n","3119":" ","3120":" ","3121":" ","3122":" ","3123":" ","3124":" ","3125":"g","3126":"e","3127":"t","3128":":","3129":" ","3130":"(","3131":")","3132":" ","3133":"=","3134":">","3135":" ","3136":"s","3137":"t","3138":"o","3139":"r","3140":"e","3141":".","3142":"s","3143":"t","3144":"a","3145":"t","3146":"e","3147":".","3148":"g","3149":"e","3150":"n","3151":"d","3152":"e","3153":"r","3154":",","3155":"\\","3156":"n","3157":" ","3158":" ","3159":" ","3160":" ","3161":" ","3162":" ","3163":"s","3164":"e","3165":"t","3166":":","3167":" ","3168":"(","3169":"v","3170":"a","3171":"l","3172":"u","3173":"e","3174":")","3175":" ","3176":"=","3177":">","3178":" ","3179":"s","3180":"t","3181":"o","3182":"r","3183":"e","3184":".","3185":"c","3186":"o","3187":"m","3188":"m","3189":"i","3190":"t","3191":"(","3192":"'","3193":"s","3194":"e","3195":"t","3196":"G","3197":"e","3198":"n","3199":"d","3200":"e","3201":"r","3202":"'","3203":",","3204":" ","3205":"v","3206":"a","3207":"l","3208":"u","3209":"e","3210":")","3211":"\\","3212":"n","3213":" ","3214":" ","3215":" ","3216":" ","3217":"}","3218":")","3219":";","3220":"\\","3221":"n","3222":"\\","3223":"n","3224":" ","3225":" ","3226":" ","3227":" ","3228":"c","3229":"o","3230":"n","3231":"s","3232":"t","3233":" ","3234":"u","3235":"s","3236":"e","3237":"r","3238":"L","3239":"i","3240":"s","3241":"t","3242":"S","3243":"t","3244":"y","3245":"l","3246":"e","3247":" ","3248":"=","3249":" ","3250":"c","3251":"o","3252":"m","3253":"p","3254":"u","3255":"t","3256":"e","3257":"d","3258":"(","3259":"(","3260":")","3261":" ","3262":"=","3263":">","3264":" ","3265":"{","3266":"\\","3267":"n","3268":" ","3269":" ","3270":" ","3271":" ","3272":" ","3273":" ","3274":"i","3275":"f","3276":" ","3277":"(","3278":"w","3279":"i","3280":"n","3281":"d","3282":"o","3283":"w","3284":".","3285":"i","3286":"n","3287":"n","3288":"e","3289":"r","3290":"W","3291":"i","3292":"d","3293":"t","3294":"h","3295":" ","3296":">","3297":"=","3298":" ","3299":"1","3300":"2","3301":"8","3302":"0","3303":" ","3304":"&","3305":"&","3306":" ","3307":"s","3308":"e","3309":"l","3310":"e","3311":"c","3312":"t","3313":"e","3314":"d","3315":"U","3316":"s","3317":"e","3318":"r","3319":".","3320":"v","3321":"a","3322":"l","3323":"u","3324":"e","3325":")","3326":" ","3327":"{","3328":"\\","3329":"n","3330":" ","3331":" ","3332":" ","3333":" ","3334":" ","3335":" ","3336":" ","3337":" ","3338":"r","3339":"e","3340":"t","3341":"u","3342":"r","3343":"n","3344":" ","3345":"{","3346":" ","3347":"w","3348":"i","3349":"d","3350":"t","3351":"h","3352":":","3353":" ","3354":"'","3355":"4","3356":"0","3357":"%","3358":"'","3359":" ","3360":"}","3361":";","3362":"\\","3363":"n","3364":" ","3365":" ","3366":" ","3367":" ","3368":" ","3369":" ","3370":"}","3371":" ","3372":"e","3373":"l","3374":"s","3375":"e","3376":" ","3377":"{","3378":"\\","3379":"n","3380":" ","3381":" ","3382":" ","3383":" ","3384":" ","3385":" ","3386":" ","3387":" ","3388":"r","3389":"e","3390":"t","3391":"u","3392":"r","3393":"n","3394":" ","3395":"{","3396":" ","3397":"w","3398":"i","3399":"d","3400":"t","3401":"h","3402":":","3403":" ","3404":"'","3405":"1","3406":"0","3407":"0","3408":"%","3409":"'","3410":" ","3411":"}","3412":";","3413":"\\","3414":"n","3415":" ","3416":" ","3417":" ","3418":" ","3419":" ","3420":" ","3421":"}","3422":"\\","3423":"n","3424":" ","3425":" ","3426":" ","3427":" ","3428":"}","3429":")","3430":";","3431":"\\","3432":"n","3433":"\\","3434":"n","3435":" ","3436":" ","3437":" ","3438":" ","3439":"o","3440":"n","3441":"M","3442":"o","3443":"u","3444":"n","3445":"t","3446":"e","3447":"d","3448":"(","3449":"a","3450":"s","3451":"y","3452":"n","3453":"c","3454":" ","3455":"(","3456":")","3457":" ","3458":"=","3459":">","3460":" ","3461":"{","3462":"\\","3463":"n","3464":" ","3465":" ","3466":" ","3467":" ","3468":" ","3469":" ","3470":"s","3471":"t","3472":"o","3473":"r","3474":"e","3475":".","3476":"d","3477":"i","3478":"s","3479":"p","3480":"a","3481":"t","3482":"c","3483":"h","3484":"(","3485":"'","3486":"f","3487":"e","3488":"t","3489":"c","3490":"h","3491":"U","3492":"s","3493":"e","3494":"r","3495":"s","3496":"'","3497":")","3498":";","3499":"\\","3500":"n","3501":" ","3502":" ","3503":" ","3504":" ","3505":"}","3506":")","3507":";","3508":"\\","3509":"n","3510":"\\","3511":"n","3512":" ","3513":" ","3514":" ","3515":" ","3516":"c","3517":"o","3518":"n","3519":"s","3520":"t","3521":" ","3522":"u","3523":"p","3524":"d","3525":"a","3526":"t","3527":"e","3528":"S","3529":"e","3530":"a","3531":"r","3532":"c","3533":"h","3534":" ","3535":"=","3536":" ","3537":"(","3538":"v","3539":"a","3540":"l","3541":"u","3542":"e","3543":":","3544":" ","3545":"s","3546":"t","3547":"r","3548":"i","3549":"n","3550":"g","3551":")","3552":" ","3553":"=","3554":">","3555":" ","3556":"{","3557":"\\","3558":"n","3559":" ","3560":" ","3561":" ","3562":" ","3563":" ","3564":" ","3565":"s","3566":"t","3567":"o","3568":"r","3569":"e","3570":".","3571":"c","3572":"o","3573":"m","3574":"m","3575":"i","3576":"t","3577":"(","3578":"'","3579":"s","3580":"e","3581":"t","3582":"S","3583":"e","3584":"a","3585":"r","3586":"c","3587":"h","3588":"Q","3589":"u","3590":"e","3591":"r","3592":"y","3593":"'","3594":",","3595":" ","3596":"v","3597":"a","3598":"l","3599":"u","3600":"e","3601":")","3602":";","3603":"\\","3604":"n","3605":" ","3606":" ","3607":" ","3608":" ","3609":"}","3610":";","3611":"\\","3612":"n","3613":"\\","3614":"n","3615":" ","3616":" ","3617":" ","3618":" ","3619":"c","3620":"o","3621":"n","3622":"s","3623":"t","3624":" ","3625":"u","3626":"p","3627":"d","3628":"a","3629":"t","3630":"e","3631":"G","3632":"e","3633":"n","3634":"d","3635":"e","3636":"r","3637":" ","3638":"=","3639":" ","3640":"(","3641":"v","3642":"a","3643":"l","3644":"u","3645":"e","3646":":","3647":" ","3648":"s","3649":"t","3650":"r","3651":"i","3652":"n","3653":"g","3654":")","3655":" ","3656":"=","3657":">","3658":" ","3659":"{","3660":"\\","3661":"n","3662":" ","3663":" ","3664":" ","3665":" ","3666":" ","3667":" ","3668":"s","3669":"t","3670":"o","3671":"r","3672":"e","3673":".","3674":"c","3675":"o","3676":"m","3677":"m","3678":"i","3679":"t","3680":"(","3681":"'","3682":"s","3683":"e","3684":"t","3685":"G","3686":"e","3687":"n","3688":"d","3689":"e","3690":"r","3691":"'","3692":",","3693":" ","3694":"v","3695":"a","3696":"l","3697":"u","3698":"e","3699":")","3700":";","3701":"\\","3702":"n","3703":" ","3704":" ","3705":" ","3706":" ","3707":"}","3708":";","3709":"\\","3710":"n","3711":"\\","3712":"n","3713":" ","3714":" ","3715":" ","3716":" ","3717":"c","3718":"o","3719":"n","3720":"s","3721":"t","3722":" ","3723":"s","3724":"h","3725":"o","3726":"w","3727":"U","3728":"s","3729":"e","3730":"r","3731":"D","3732":"e","3733":"t","3734":"a","3735":"i","3736":"l","3737":"s","3738":" ","3739":"=","3740":" ","3741":"(","3742":"u","3743":"s","3744":"e","3745":"r","3746":":","3747":" ","3748":"U","3749":"s","3750":"e","3751":"r","3752":")","3753":" ","3754":"=","3755":">","3756":" ","3757":"{","3758":"\\","3759":"n","3760":" ","3761":" ","3762":" ","3763":" ","3764":" ","3765":" ","3766":"s","3767":"t","3768":"o","3769":"r","3770":"e","3771":".","3772":"c","3773":"o","3774":"m","3775":"m","3776":"i","3777":"t","3778":"(","3779":"'","3780":"s","3781":"e","3782":"t","3783":"S","3784":"e","3785":"l","3786":"e","3787":"c","3788":"t","3789":"e","3790":"d","3791":"U","3792":"s","3793":"e","3794":"r","3795":"'","3796":",","3797":" ","3798":"u","3799":"s","3800":"e","3801":"r","3802":")","3803":";","3804":"\\","3805":"n","3806":" ","3807":" ","3808":" ","3809":" ","3810":"}","3811":";","3812":"\\","3813":"n","3814":"\\","3815":"n","3816":" ","3817":" ","3818":" ","3819":" ","3820":"c","3821":"o","3822":"n","3823":"s","3824":"t","3825":" ","3826":"c","3827":"l","3828":"o","3829":"s","3830":"e","3831":"M","3832":"o","3833":"d","3834":"a","3835":"l","3836":" ","3837":"=","3838":" ","3839":"(","3840":")","3841":" ","3842":"=","3843":">","3844":" ","3845":"{","3846":"\\","3847":"n","3848":" ","3849":" ","3850":" ","3851":" ","3852":" ","3853":" ","3854":"s","3855":"t","3856":"o","3857":"r","3858":"e","3859":".","3860":"c","3861":"o","3862":"m","3863":"m","3864":"i","3865":"t","3866":"(","3867":"'","3868":"c","3869":"l","3870":"e","3871":"a","3872":"r","3873":"S","3874":"e","3875":"l","3876":"e","3877":"c","3878":"t","3879":"e","3880":"d","3881":"U","3882":"s","3883":"e","3884":"r","3885":"'","3886":")","3887":";","3888":"\\","3889":"n","3890":" ","3891":" ","3892":" ","3893":" ","3894":"}","3895":";","3896":"\\","3897":"n","3898":"\\","3899":"n","3900":" ","3901":" ","3902":" ","3903":" ","3904":"r","3905":"e","3906":"t","3907":"u","3908":"r","3909":"n","3910":" ","3911":"{","3912":"\\","3913":"n","3914":" ","3915":" ","3916":" ","3917":" ","3918":" ","3919":" ","3920":"s","3921":"e","3922":"l","3923":"e","3924":"c","3925":"t","3926":"e","3927":"d","3928":"U","3929":"s","3930":"e","3931":"r","3932":",","3933":"\\","3934":"n","3935":" ","3936":" ","3937":" ","3938":" ","3939":" ","3940":" ","3941":"s","3942":"e","3943":"a","3944":"r","3945":"c","3946":"h","3947":"Q","3948":"u","3949":"e","3950":"r","3951":"y","3952":",","3953":"\\","3954":"n","3955":" ","3956":" ","3957":" ","3958":" ","3959":" ","3960":" ","3961":"g","3962":"e","3963":"n","3964":"d","3965":"e","3966":"r","3967":",","3968":"\\","3969":"n","3970":" ","3971":" ","3972":" ","3973":" ","3974":" ","3975":" ","3976":"u","3977":"s","3978":"e","3979":"r","3980":"L","3981":"i","3982":"s","3983":"t","3984":"S","3985":"t","3986":"y","3987":"l","3988":"e","3989":",","3990":"\\","3991":"n","3992":" ","3993":" ","3994":" ","3995":" ","3996":" ","3997":" ","3998":"u","3999":"p","4000":"d","4001":"a","4002":"t","4003":"e","4004":"S","4005":"e","4006":"a","4007":"r","4008":"c","4009":"h","4010":",","4011":"\\","4012":"n","4013":" ","4014":" ","4015":" ","4016":" ","4017":" ","4018":" ","4019":"u","4020":"p","4021":"d","4022":"a","4023":"t","4024":"e","4025":"G","4026":"e","4027":"n","4028":"d","4029":"e","4030":"r","4031":",","4032":"\\","4033":"n","4034":" ","4035":" ","4036":" ","4037":" ","4038":" ","4039":" ","4040":"s","4041":"h","4042":"o","4043":"w","4044":"U","4045":"s","4046":"e","4047":"r","4048":"D","4049":"e","4050":"t","4051":"a","4052":"i","4053":"l","4054":"s","4055":",","4056":"\\","4057":"n","4058":" ","4059":" ","4060":" ","4061":" ","4062":" ","4063":" ","4064":"c","4065":"l","4066":"o","4067":"s","4068":"e","4069":"M","4070":"o","4071":"d","4072":"a","4073":"l","4074":"\\","4075":"n","4076":" ","4077":" ","4078":" ","4079":" ","4080":"}","4081":";","4082":"\\","4083":"n","4084":" ","4085":" ","4086":"}","4087":"\\","4088":"n","4089":"}","4090":")","4091":";","4092":"\\","4093":"n","4094":"<","4095":"/","4096":"s","4097":"c","4098":"r","4099":"i","4100":"p","4101":"t","4102":">","4103":"\\","4104":"n","4105":"\\","4106":"n","4107":"<","4108":"s","4109":"t","4110":"y","4111":"l","4112":"e","4113":" ","4114":"s","4115":"c","4116":"o","4117":"p","4118":"e","4119":"d","4120":">","4121":"\\","4122":"n","4123":".","4124":"a","4125":"p","4126":"p","4127":"-","4128":"c","4129":"o","4130":"n","4131":"t","4132":"a","4133":"i","4134":"n","4135":"e","4136":"r","4137":" ","4138":"{","4139":"\\","4140":"n","4141":" ","4142":" ","4143":"d","4144":"i","4145":"s","4146":"p","4147":"l","4148":"a","4149":"y","4150":":","4151":" ","4152":"f","4153":"l","4154":"e","4155":"x","4156":";","4157":"\\","4158":"n","4159":" ","4160":" ","4161":"h","4162":"e","4163":"i","4164":"g","4165":"h","4166":"t","4167":":","4168":" ","4169":"1","4170":"0","4171":"0","4172":"v","4173":"h","4174":";","4175":"\\","4176":"n","4177":" ","4178":" ","4179":"w","4180":"i","4181":"d","4182":"t","4183":"h","4184":":","4185":" ","4186":"1","4187":"0","4188":"0","4189":"%","4190":";","4191":"\\","4192":"n","4193":"}","4194":"\\","4195":"n","4196":"\\","4197":"n","4198":".","4199":"u","4200":"s","4201":"e","4202":"r","4203":"-","4204":"l","4205":"i","4206":"s","4207":"t","4208":" ","4209":"{","4210":"\\","4211":"n","4212":" ","4213":" ","4214":"o","4215":"v","4216":"e","4217":"r","4218":"f","4219":"l","4220":"o","4221":"w","4222":"-","4223":"y","4224":":","4225":" ","4226":"a","4227":"u","4228":"t","4229":"o","4230":";","4231":"\\","4232":"n","4233":" ","4234":" ","4235":"h","4236":"e","4237":"i","4238":"g","4239":"h","4240":"t","4241":":","4242":" ","4243":"1","4244":"0","4245":"0","4246":"v","4247":"h","4248":";","4249":"\\","4250":"n","4251":" ","4252":" ","4253":"d","4254":"i","4255":"s","4256":"p","4257":"l","4258":"a","4259":"y","4260":":","4261":" ","4262":"f","4263":"l","4264":"e","4265":"x","4266":";","4267":"\\","4268":"n","4269":" ","4270":" ","4271":"f","4272":"l","4273":"e","4274":"x","4275":"-","4276":"d","4277":"i","4278":"r","4279":"e","4280":"c","4281":"t","4282":"i","4283":"o","4284":"n","4285":":","4286":" ","4287":"c","4288":"o","4289":"l","4290":"u","4291":"m","4292":"n","4293":";","4294":"\\","4295":"n","4296":" ","4297":" ","4298":"a","4299":"l","4300":"i","4301":"g","4302":"n","4303":"-","4304":"i","4305":"t","4306":"e","4307":"m","4308":"s","4309":":","4310":" ","4311":"c","4312":"e","4313":"n","4314":"t","4315":"e","4316":"r","4317":";","4318":"\\","4319":"n","4320":"}","4321":"\\","4322":"n","4323":"\\","4324":"n","4325":"/","4326":"*","4327":" ","4328":".","4329":"s","4330":"e","4331":"a","4332":"r","4333":"c","4334":"h","4335":"-","4336":"b","4337":"a","4338":"r","4339":" ","4340":"{","4341":"\\","4342":"n","4343":" ","4344":" ","4345":"m","4346":"a","4347":"x","4348":"-","4349":"w","4350":"i","4351":"d","4352":"t","4353":"h","4354":":","4355":" ","4356":"6","4357":"0","4358":"0","4359":"p","4360":"x","4361":";","4362":" ","4363":"\\","4364":"n","4365":" ","4366":" ","4367":"m","4368":"a","4369":"r","4370":"g","4371":"i","4372":"n","4373":":","4374":" ","4375":"0","4376":" ","4377":"a","4378":"u","4379":"t","4380":"o","4381":";","4382":"\\","4383":"n","4384":"}","4385":" ","4386":"*","4387":"/","4388":"\\","4389":"n","4390":"\\","4391":"n","4392":".","4393":"u","4394":"s","4395":"e","4396":"r","4397":"-","4398":"d","4399":"e","4400":"t","4401":"a","4402":"i","4403":"l","4404":"s","4405":"-","4406":"c","4407":"o","4408":"n","4409":"t","4410":"a","4411":"i","4412":"n","4413":"e","4414":"r","4415":" ","4416":"{","4417":"\\","4418":"n","4419":" ","4420":" ","4421":"o","4422":"v","4423":"e","4424":"r","4425":"f","4426":"l","4427":"o","4428":"w","4429":":","4430":" ","4431":"h","4432":"i","4433":"d","4434":"d","4435":"e","4436":"n","4437":";","4438":"\\","4439":"n","4440":"}","4441":"\\","4442":"n","4443":"<","4444":"/","4445":"s","4446":"t","4447":"y","4448":"l","4449":"e","4450":">","4451":"\\","4452":"n","4453":"\"","4454":"]","4455":"}"},"_coverageSchema":"1a1c01bbd47fc00a2c39e90264f33305004495a9","hash":"19b28288a0fe806bc7ad7867994112ad3f301099"}
}
