TN:
SF:src/App.vue
FN:5,render
FNF:1
FNH:0
FNDA:0,render
DA:2,0
DA:3,0
DA:4,0
DA:6,0
DA:7,0
DA:9,0
DA:10,0
LF:7
LH:0
BRF:0
BRH:0
end_of_record
TN:
SF:src/components/SearchBar.vue
FN:10,(anonymous_0)
FN:14,(anonymous_1)
FN:17,(anonymous_2)
FN:23,(anonymous_3)
FN:26,(anonymous_4)
FN:31,(anonymous_5)
FN:34,(anonymous_6)
FN:44,(anonymous_7)
FN:51,(anonymous_8)
FN:54,(anonymous_9)
FN:58,(anonymous_10)
FN:61,(anonymous_11)
FN:65,(anonymous_12)
FN:84,render
FN:90,(anonymous_14)
FN:95,(anonymous_15)
FN:112,(anonymous_16)
FN:115,(anonymous_17)
FNF:18
FNH:14
FNDA:8,(anonymous_0)
FNDA:8,(anonymous_1)
FNDA:1,(anonymous_2)
FNDA:8,(anonymous_3)
FNDA:1,(anonymous_4)
FNDA:1,(anonymous_5)
FNDA:1,(anonymous_6)
FNDA:8,(anonymous_7)
FNDA:0,(anonymous_8)
FNDA:0,(anonymous_9)
FNDA:8,(anonymous_10)
FNDA:0,(anonymous_11)
FNDA:0,(anonymous_12)
FNDA:8,render
FNDA:1,(anonymous_14)
FNDA:1,(anonymous_15)
FNDA:1,(anonymous_16)
FNDA:1,(anonymous_17)
DA:3,2
DA:6,2
DA:7,2
DA:8,2
DA:11,8
DA:12,8
DA:13,8
DA:15,8
DA:18,1
DA:19,1
DA:22,8
DA:24,8
DA:27,1
DA:28,1
DA:31,8
DA:32,1
DA:34,8
DA:35,1
DA:37,8
DA:45,8
DA:52,0
DA:55,0
DA:59,8
DA:62,0
DA:66,0
DA:70,2
DA:71,2
DA:72,2
DA:73,2
DA:74,2
DA:75,2
DA:76,2
DA:77,2
DA:78,2
DA:79,2
DA:85,8
DA:86,8
DA:90,1
DA:96,1
DA:97,1
DA:98,1
DA:100,1
DA:112,1
DA:116,1
DA:117,1
DA:118,1
DA:120,1
DA:127,2
DA:128,2
LF:49
LH:45
BRDA:52,0,0,0
BRDA:52,0,1,0
BRDA:55,1,0,0
BRDA:55,1,1,0
BRDA:90,2,0,8
BRDA:90,2,1,8
BRDA:93,3,0,8
BRDA:93,3,1,8
BRDA:100,4,0,1
BRDA:100,4,1,1
BRDA:112,5,0,8
BRDA:112,5,1,8
BRDA:113,6,0,8
BRDA:113,6,1,8
BRDA:120,7,0,1
BRDA:120,7,1,1
BRF:16
BRH:12
end_of_record
TN:
SF:src/components/UserCard.vue
FN:15,(anonymous_0)
FN:22,(anonymous_1)
FN:33,render
FN:37,(anonymous_3)
FNF:4
FNH:4
FNDA:21,(anonymous_0)
FNDA:1,(anonymous_1)
FNDA:21,render
FNDA:1,(anonymous_3)
DA:3,3
DA:6,3
DA:7,3
DA:16,21
DA:17,21
DA:18,21
DA:23,1
DA:27,3
DA:28,3
DA:29,3
DA:30,3
DA:31,3
DA:32,3
DA:34,21
DA:38,1
DA:39,1
DA:40,1
DA:42,1
DA:57,3
DA:58,3
LF:20
LH:20
BRDA:35,0,0,21
BRDA:35,0,1,21
BRDA:42,1,0,1
BRDA:42,1,1,1
BRF:4
BRH:4
end_of_record
TN:
SF:src/components/UserDetails.vue
FN:16,(anonymous_0)
FN:23,(anonymous_1)
FN:48,render
FN:58,(anonymous_3)
FNF:4
FNH:3
FNDA:4,(anonymous_0)
FNDA:1,(anonymous_1)
FNDA:4,render
FNDA:0,(anonymous_3)
DA:3,2
DA:6,2
DA:7,2
DA:17,4
DA:18,4
DA:19,4
DA:24,1
DA:28,2
DA:29,2
DA:30,2
DA:31,2
DA:32,2
DA:36,2
DA:37,2
DA:38,2
DA:39,2
DA:40,2
DA:41,2
DA:42,2
DA:43,2
DA:44,2
DA:45,2
DA:46,2
DA:47,2
DA:49,4
DA:50,4
DA:59,0
DA:60,0
DA:61,0
DA:63,0
DA:109,2
DA:110,2
LF:32
LH:28
BRDA:50,0,0,4
BRDA:50,0,1,0
BRDA:56,1,0,4
BRDA:56,1,1,4
BRDA:63,2,0,0
BRDA:63,2,1,0
BRF:6
BRH:3
end_of_record
TN:
SF:src/components/UserList.vue
FN:5,(anonymous_0)
FN:6,adopt
FN:7,(anonymous_2)
FN:11,(anonymous_3)
FN:12,fulfilled
FN:19,rejected
FN:26,step
FN:32,(anonymous_7)
FN:35,(anonymous_8)
FN:50,(anonymous_9)
FN:53,verb
FN:54,(anonymous_11)
FN:58,step
FN:120,(anonymous_13)
FN:136,(anonymous_14)
FN:140,(anonymous_15)
FN:141,(anonymous_16)
FN:142,(anonymous_17)
FN:154,(anonymous_18)
FN:157,(anonymous_19)
FN:160,(anonymous_20)
FN:166,(anonymous_21)
FN:172,(anonymous_22)
FN:178,(anonymous_23)
FN:182,(anonymous_24)
FN:198,render
FN:201,(anonymous_26)
FN:205,(anonymous_27)
FN:211,(anonymous_28)
FNF:29
FNH:22
FNDA:9,(anonymous_0)
FNDA:9,adopt
FNDA:0,(anonymous_2)
FNDA:9,(anonymous_3)
FNDA:9,fulfilled
FNDA:0,rejected
FNDA:18,step
FNDA:9,(anonymous_7)
FNDA:9,(anonymous_8)
FNDA:0,(anonymous_9)
FNDA:27,verb
FNDA:18,(anonymous_11)
FNDA:18,step
FNDA:2,(anonymous_13)
FNDA:9,(anonymous_14)
FNDA:9,(anonymous_15)
FNDA:9,(anonymous_16)
FNDA:18,(anonymous_17)
FNDA:9,(anonymous_18)
FNDA:9,(anonymous_19)
FNDA:18,(anonymous_20)
FNDA:0,(anonymous_21)
FNDA:9,(anonymous_22)
FNDA:0,(anonymous_23)
FNDA:0,(anonymous_24)
FNDA:9,render
FNDA:18,(anonymous_26)
FNDA:1,(anonymous_27)
FNDA:0,(anonymous_28)
DA:5,2
DA:7,9
DA:8,0
DA:11,9
DA:13,9
DA:14,9
DA:16,0
DA:20,0
DA:21,0
DA:23,0
DA:27,18
DA:29,9
DA:32,2
DA:33,9
DA:36,9
DA:37,9
DA:46,9
DA:51,0
DA:54,27
DA:55,18
DA:59,18
DA:60,36
DA:61,36
DA:62,36
DA:63,36
DA:66,18
DA:67,18
DA:69,9
DA:70,9
DA:75,0
DA:76,0
DA:77,0
DA:78,0
DA:80,0
DA:81,0
DA:82,0
DA:84,9
DA:85,9
DA:86,9
DA:88,0
DA:89,0
DA:90,0
DA:92,0
DA:93,0
DA:94,0
DA:95,0
DA:97,0
DA:98,0
DA:99,0
DA:100,0
DA:102,0
DA:103,0
DA:104,0
DA:106,18
DA:108,0
DA:109,0
DA:111,36
DA:113,9
DA:114,9
DA:120,2
DA:121,2
DA:125,2
DA:128,2
DA:129,2
DA:130,2
DA:131,2
DA:137,9
DA:138,9
DA:139,9
DA:140,9
DA:141,9
DA:142,9
DA:143,18
DA:145,9
DA:147,9
DA:148,9
DA:154,9
DA:155,9
DA:157,9
DA:158,9
DA:159,9
DA:160,9
DA:161,18
DA:162,18
DA:163,18
DA:166,9
DA:167,0
DA:168,0
DA:169,0
DA:172,9
DA:174,9
DA:176,9
DA:178,9
DA:180,0
DA:182,9
DA:183,0
DA:185,9
DA:193,2
DA:194,2
DA:195,2
DA:196,2
DA:197,2
DA:199,9
DA:200,9
DA:202,18
DA:205,1
DA:212,0
DA:213,0
DA:214,0
DA:216,0
DA:221,2
DA:222,2
LF:112
LH:74
BRDA:5,0,0,2
BRDA:5,0,1,2
BRDA:5,0,2,2
BRDA:7,1,0,9
BRDA:7,1,1,0
BRDA:11,2,0,9
BRDA:11,2,1,9
BRDA:27,3,0,9
BRDA:27,3,1,9
BRDA:29,4,0,9
BRDA:29,4,1,9
BRDA:32,5,0,2
BRDA:32,5,1,2
BRDA:32,5,2,2
BRDA:36,6,0,0
BRDA:36,6,1,9
BRDA:50,7,0,9
BRDA:50,7,1,9
BRDA:59,8,0,0
BRDA:59,8,1,18
BRDA:61,9,0,0
BRDA:61,9,1,36
BRDA:61,10,0,36
BRDA:61,10,1,0
BRDA:61,10,2,0
BRDA:61,11,0,0
BRDA:61,11,1,0
BRDA:61,12,0,0
BRDA:61,12,1,0
BRDA:61,13,0,0
BRDA:61,13,1,0
BRDA:61,14,0,0
BRDA:61,14,1,0
BRDA:62,15,0,0
BRDA:62,15,1,36
BRDA:63,16,0,18
BRDA:63,16,1,18
BRDA:63,16,2,9
BRDA:63,16,3,0
BRDA:63,16,4,0
BRDA:63,16,5,9
BRDA:84,17,0,9
BRDA:84,17,1,0
BRDA:84,18,0,9
BRDA:84,18,1,9
BRDA:84,18,2,9
BRDA:84,19,0,9
BRDA:84,19,1,0
BRDA:88,20,0,0
BRDA:88,20,1,0
BRDA:88,21,0,0
BRDA:88,21,1,0
BRDA:88,21,2,0
BRDA:88,21,3,0
BRDA:92,22,0,0
BRDA:92,22,1,0
BRDA:92,23,0,0
BRDA:92,23,1,0
BRDA:97,24,0,0
BRDA:97,24,1,0
BRDA:97,25,0,0
BRDA:97,25,1,0
BRDA:102,26,0,0
BRDA:102,26,1,0
BRDA:113,27,0,0
BRDA:113,27,1,9
BRDA:115,28,0,9
BRDA:115,28,1,0
BRDA:120,29,0,2
BRDA:120,29,1,2
BRDA:120,29,2,2
BRDA:121,30,0,2
BRDA:121,30,1,0
BRDA:121,31,0,2
BRDA:121,31,1,2
BRDA:143,32,0,9
BRDA:143,32,1,9
BRDA:162,33,0,18
BRDA:162,33,1,0
BRDA:163,34,0,18
BRDA:163,34,1,18
BRDA:168,35,0,0
BRDA:168,35,1,0
BRDA:205,36,0,18
BRDA:205,36,1,9
BRDA:209,37,0,9
BRDA:209,37,1,9
BRDA:216,38,0,0
BRDA:216,38,1,0
BRF:89
BRH:46
end_of_record
TN:
SF:src/router/index.ts
FNF:0
FNH:0
DA:1,0
DA:2,0
DA:5,0
DA:13,0
DA:18,0
LF:5
LH:0
BRF:0
BRH:0
end_of_record
TN:
SF:src/store/index.ts
FN:27,(anonymous_1)
FN:30,(anonymous_2)
FN:33,(anonymous_3)
FN:36,(anonymous_4)
FN:39,(anonymous_5)
FN:42,(anonymous_6)
FN:45,(anonymous_7)
FN:51,(anonymous_8)
FN:59,(anonymous_9)
FN:59,(anonymous_10)
FN:60,(anonymous_11)
FNF:11
FNH:0
FNDA:0,(anonymous_1)
FNDA:0,(anonymous_2)
FNDA:0,(anonymous_3)
FNDA:0,(anonymous_4)
FNDA:0,(anonymous_5)
FNDA:0,(anonymous_6)
FNDA:0,(anonymous_7)
FNDA:0,(anonymous_8)
FNDA:0,(anonymous_9)
FNDA:0,(anonymous_10)
FNDA:0,(anonymous_11)
DA:1,0
DA:2,0
DA:14,0
DA:28,0
DA:31,0
DA:34,0
DA:37,0
DA:40,0
DA:43,0
DA:46,0
DA:47,0
DA:52,0
DA:53,0
DA:54,0
DA:55,0
DA:59,0
DA:60,0
LF:17
LH:0
BRF:0
BRH:0
end_of_record
TN:
SF:src/views/HomeView.vue
FN:5,(anonymous_0)
FN:6,adopt
FN:7,(anonymous_2)
FN:11,(anonymous_3)
FN:12,fulfilled
FN:19,rejected
FN:26,step
FN:32,(anonymous_7)
FN:35,(anonymous_8)
FN:50,(anonymous_9)
FN:53,verb
FN:54,(anonymous_11)
FN:58,step
FN:120,(anonymous_13)
FN:140,(anonymous_14)
FN:144,(anonymous_15)
FN:153,(anonymous_16)
FN:156,(anonymous_17)
FN:161,(anonymous_18)
FN:164,(anonymous_19)
FN:168,(anonymous_20)
FN:169,(anonymous_21)
FN:170,(anonymous_22)
FN:177,(anonymous_23)
FN:180,(anonymous_24)
FN:183,(anonymous_25)
FN:186,(anonymous_26)
FN:189,(anonymous_27)
FN:218,render
FNF:29
FNH:17
FNDA:5,(anonymous_0)
FNDA:0,adopt
FNDA:0,(anonymous_2)
FNDA:5,(anonymous_3)
FNDA:0,fulfilled
FNDA:0,rejected
FNDA:5,step
FNDA:5,(anonymous_7)
FNDA:0,(anonymous_8)
FNDA:0,(anonymous_9)
FNDA:15,verb
FNDA:5,(anonymous_11)
FNDA:5,step
FNDA:3,(anonymous_13)
FNDA:5,(anonymous_14)
FNDA:7,(anonymous_15)
FNDA:5,(anonymous_16)
FNDA:0,(anonymous_17)
FNDA:5,(anonymous_18)
FNDA:0,(anonymous_19)
FNDA:5,(anonymous_20)
FNDA:5,(anonymous_21)
FNDA:5,(anonymous_22)
FNDA:0,(anonymous_23)
FNDA:0,(anonymous_24)
FNDA:0,(anonymous_25)
FNDA:0,(anonymous_26)
FNDA:5,(anonymous_27)
FNDA:7,render
DA:5,1
DA:7,0
DA:8,0
DA:11,5
DA:13,0
DA:14,0
DA:16,0
DA:20,0
DA:21,0
DA:23,0
DA:27,5
DA:29,5
DA:32,1
DA:33,5
DA:36,0
DA:37,0
DA:46,5
DA:51,0
DA:54,15
DA:55,5
DA:59,5
DA:60,10
DA:61,10
DA:62,10
DA:63,10
DA:66,5
DA:67,5
DA:69,0
DA:70,0
DA:75,0
DA:76,0
DA:77,0
DA:78,0
DA:80,0
DA:81,0
DA:82,0
DA:84,5
DA:85,5
DA:86,5
DA:88,0
DA:89,0
DA:90,0
DA:92,0
DA:93,0
DA:94,0
DA:95,0
DA:97,0
DA:98,0
DA:99,0
DA:100,0
DA:102,0
DA:103,0
DA:104,0
DA:106,5
DA:108,0
DA:109,0
DA:111,10
DA:113,5
DA:114,5
DA:120,1
DA:121,3
DA:125,1
DA:128,1
DA:129,1
DA:130,1
DA:131,1
DA:132,1
DA:133,1
DA:141,5
DA:142,5
DA:144,5
DA:145,7
DA:152,5
DA:154,5
DA:157,0
DA:160,5
DA:162,5
DA:165,0
DA:168,5
DA:169,5
DA:170,5
DA:171,5
DA:172,5
DA:177,5
DA:178,0
DA:180,5
DA:181,0
DA:183,5
DA:184,0
DA:186,5
DA:187,0
DA:189,5
DA:190,5
DA:191,0
DA:195,5
DA:200,5
DA:212,1
DA:213,1
DA:214,1
DA:215,1
DA:216,1
DA:217,1
DA:219,7
DA:220,7
DA:221,7
DA:222,7
DA:248,1
DA:249,1
LF:108
LH:65
BRDA:5,0,0,1
BRDA:5,0,1,1
BRDA:5,0,2,1
BRDA:7,1,0,0
BRDA:7,1,1,0
BRDA:11,2,0,5
BRDA:11,2,1,5
BRDA:27,3,0,5
BRDA:27,3,1,0
BRDA:29,4,0,5
BRDA:29,4,1,5
BRDA:32,5,0,1
BRDA:32,5,1,1
BRDA:32,5,2,1
BRDA:36,6,0,0
BRDA:36,6,1,0
BRDA:50,7,0,5
BRDA:50,7,1,5
BRDA:59,8,0,0
BRDA:59,8,1,5
BRDA:61,9,0,0
BRDA:61,9,1,10
BRDA:61,10,0,10
BRDA:61,10,1,0
BRDA:61,10,2,0
BRDA:61,11,0,0
BRDA:61,11,1,0
BRDA:61,12,0,0
BRDA:61,12,1,0
BRDA:61,13,0,0
BRDA:61,13,1,0
BRDA:61,14,0,0
BRDA:61,14,1,0
BRDA:62,15,0,0
BRDA:62,15,1,10
BRDA:63,16,0,5
BRDA:63,16,1,5
BRDA:63,16,2,0
BRDA:63,16,3,0
BRDA:63,16,4,0
BRDA:63,16,5,5
BRDA:84,17,0,5
BRDA:84,17,1,0
BRDA:84,18,0,5
BRDA:84,18,1,5
BRDA:84,18,2,5
BRDA:84,19,0,5
BRDA:84,19,1,0
BRDA:88,20,0,0
BRDA:88,20,1,0
BRDA:88,21,0,0
BRDA:88,21,1,0
BRDA:88,21,2,0
BRDA:88,21,3,0
BRDA:92,22,0,0
BRDA:92,22,1,0
BRDA:92,23,0,0
BRDA:92,23,1,0
BRDA:97,24,0,0
BRDA:97,24,1,0
BRDA:97,25,0,0
BRDA:97,25,1,0
BRDA:102,26,0,0
BRDA:102,26,1,0
BRDA:113,27,0,0
BRDA:113,27,1,5
BRDA:115,28,0,5
BRDA:115,28,1,0
BRDA:120,29,0,1
BRDA:120,29,1,1
BRDA:120,29,2,1
BRDA:121,30,0,3
BRDA:121,30,1,0
BRDA:121,31,0,3
BRDA:121,31,1,3
BRDA:154,32,0,5
BRDA:154,32,1,5
BRDA:190,33,0,0
BRDA:190,33,1,5
BRDA:190,34,0,5
BRDA:190,34,1,0
BRDA:238,35,0,2
BRDA:238,35,1,5
BRF:83
BRH:39
end_of_record
