TN:
SF:src/App.vue
FN:5,render
FNF:1
FNH:0
FNDA:0,render
DA:2,0
DA:3,0
DA:4,0
DA:6,0
DA:7,0
DA:9,0
DA:10,0
LF:7
LH:0
BRF:0
BRH:0
end_of_record
TN:
SF:src/components/SearchBar.vue
FN:10,(anonymous_0)
FN:25,(anonymous_1)
FN:28,(anonymous_2)
FN:34,(anonymous_3)
FN:37,(anonymous_4)
FN:42,(anonymous_5)
FN:45,(anonymous_6)
FN:48,(anonymous_7)
FN:50,(anonymous_8)
FN:58,(anonymous_9)
FN:59,(anonymous_10)
FN:75,(anonymous_11)
FN:82,(anonymous_12)
FN:85,(anonymous_13)
FN:89,(anonymous_14)
FN:92,(anonymous_15)
FN:96,(anonymous_16)
FN:113,render
FN:122,(anonymous_18)
FN:127,(anonymous_19)
FN:140,(anonymous_20)
FN:152,(anonymous_21)
FN:156,(anonymous_22)
FNF:23
FNH:17
FNDA:8,(anonymous_0)
FNDA:8,(anonymous_1)
FNDA:1,(anonymous_2)
FNDA:8,(anonymous_3)
FNDA:0,(anonymous_4)
FNDA:1,(anonymous_5)
FNDA:0,(anonymous_6)
FNDA:1,(anonymous_7)
FNDA:2,(anonymous_8)
FNDA:8,(anonymous_9)
FNDA:8,(anonymous_10)
FNDA:8,(anonymous_11)
FNDA:0,(anonymous_12)
FNDA:0,(anonymous_13)
FNDA:8,(anonymous_14)
FNDA:0,(anonymous_15)
FNDA:0,(anonymous_16)
FNDA:10,render
FNDA:1,(anonymous_18)
FNDA:1,(anonymous_19)
FNDA:1,(anonymous_20)
FNDA:30,(anonymous_21)
FNDA:1,(anonymous_22)
DA:3,2
DA:6,2
DA:7,2
DA:8,2
DA:11,8
DA:12,8
DA:13,8
DA:14,8
DA:24,8
DA:26,8
DA:29,1
DA:30,1
DA:33,8
DA:35,8
DA:38,0
DA:39,0
DA:42,8
DA:43,1
DA:45,8
DA:46,0
DA:48,8
DA:50,1
DA:51,2
DA:53,1
DA:54,1
DA:55,1
DA:56,1
DA:58,8
DA:59,8
DA:60,8
DA:62,8
DA:64,8
DA:76,8
DA:83,0
DA:86,0
DA:90,8
DA:93,0
DA:97,0
DA:101,2
DA:102,2
DA:103,2
DA:104,2
DA:105,2
DA:106,2
DA:107,2
DA:108,2
DA:109,2
DA:110,2
DA:111,2
DA:112,2
DA:114,10
DA:115,10
DA:122,1
DA:128,1
DA:129,1
DA:130,1
DA:132,1
DA:140,1
DA:153,30
DA:156,1
DA:165,2
DA:166,2
LF:62
LH:55
BRDA:50,0,0,0
BRDA:50,0,1,1
BRDA:50,1,0,1
BRDA:50,1,1,1
BRDA:62,2,0,8
BRDA:62,2,1,0
BRDA:83,3,0,0
BRDA:83,3,1,0
BRDA:86,4,0,0
BRDA:86,4,1,0
BRDA:122,5,0,10
BRDA:122,5,1,8
BRDA:125,6,0,10
BRDA:125,6,1,8
BRDA:132,7,0,1
BRDA:132,7,1,1
BRDA:140,8,0,10
BRDA:140,8,1,8
BRF:18
BRH:12
end_of_record
TN:
SF:src/components/UserDetailItem.vue
FN:34,render
FN:43,(anonymous_1)
FNF:2
FNH:2
FNDA:13,render
FNDA:18,(anonymous_1)
DA:3,3
DA:6,3
DA:7,3
DA:28,3
DA:29,3
DA:30,3
DA:31,3
DA:32,3
DA:33,3
DA:35,13
DA:36,13
DA:44,18
DA:49,3
DA:50,3
LF:14
LH:14
BRF:0
BRH:0
end_of_record
TN:
SF:src/components/UserDetailModal.vue
FN:3,(anonymous_0)
FN:25,(anonymous_1)
FN:27,(anonymous_2)
FN:33,(anonymous_3)
FN:59,render
FN:70,(anonymous_5)
FNF:6
FNH:5
FNDA:2,(anonymous_0)
FNDA:4,(anonymous_1)
FNDA:4,(anonymous_2)
FNDA:1,(anonymous_3)
FNDA:4,render
FNDA:0,(anonymous_5)
DA:3,2
DA:4,2
DA:8,2
DA:11,2
DA:12,2
DA:13,2
DA:26,4
DA:27,4
DA:28,4
DA:29,4
DA:30,4
DA:31,4
DA:33,4
DA:34,1
DA:36,4
DA:42,2
DA:43,2
DA:44,2
DA:45,2
DA:46,2
DA:50,2
DA:51,2
DA:52,2
DA:53,2
DA:54,2
DA:55,2
DA:56,2
DA:57,2
DA:58,2
DA:61,4
DA:62,4
DA:71,0
DA:72,0
DA:73,0
DA:75,0
DA:127,2
DA:128,2
LF:37
LH:33
BRDA:3,0,0,2
BRDA:3,0,1,2
BRDA:3,0,2,2
BRDA:4,1,0,2
BRDA:4,1,1,0
BRDA:4,2,0,2
BRDA:4,2,1,2
BRDA:28,3,0,0
BRDA:28,3,1,4
BRDA:62,4,0,4
BRDA:62,4,1,0
BRDA:68,5,0,4
BRDA:68,5,1,4
BRDA:75,6,0,0
BRDA:75,6,1,0
BRDA:83,7,0,0
BRDA:83,7,1,4
BRDA:83,8,0,4
BRDA:83,8,1,4
BRDA:88,9,0,0
BRDA:88,9,1,4
BRDA:88,10,0,4
BRDA:88,10,1,4
BRDA:92,11,0,4
BRDA:92,11,1,0
BRDA:108,12,0,4
BRDA:108,12,1,0
BRDA:115,13,0,4
BRDA:115,13,1,0
BRF:29
BRH:19
end_of_record
TN:
SF:src/components/UserList.vue
FN:5,(anonymous_0)
FN:6,adopt
FN:7,(anonymous_2)
FN:11,(anonymous_3)
FN:12,fulfilled
FN:19,rejected
FN:26,step
FN:32,(anonymous_7)
FN:35,(anonymous_8)
FN:50,(anonymous_9)
FN:53,verb
FN:54,(anonymous_11)
FN:58,step
FN:120,(anonymous_13)
FN:136,(anonymous_14)
FN:140,(anonymous_15)
FN:141,(anonymous_16)
FN:142,(anonymous_17)
FN:154,(anonymous_18)
FN:157,(anonymous_19)
FN:163,(anonymous_20)
FN:169,(anonymous_21)
FN:173,(anonymous_22)
FN:188,render
FN:191,(anonymous_24)
FN:195,(anonymous_25)
FN:202,(anonymous_26)
FNF:27
FNH:22
FNDA:1,(anonymous_0)
FNDA:1,adopt
FNDA:0,(anonymous_2)
FNDA:1,(anonymous_3)
FNDA:1,fulfilled
FNDA:0,rejected
FNDA:2,step
FNDA:1,(anonymous_7)
FNDA:1,(anonymous_8)
FNDA:0,(anonymous_9)
FNDA:3,verb
FNDA:2,(anonymous_11)
FNDA:2,step
FNDA:2,(anonymous_13)
FNDA:12,(anonymous_14)
FNDA:1,(anonymous_15)
FNDA:1,(anonymous_16)
FNDA:2,(anonymous_17)
FNDA:12,(anonymous_18)
FNDA:7,(anonymous_19)
FNDA:12,(anonymous_20)
FNDA:0,(anonymous_21)
FNDA:0,(anonymous_22)
FNDA:12,render
FNDA:14,(anonymous_24)
FNDA:1,(anonymous_25)
FNDA:1,(anonymous_26)
DA:5,2
DA:7,1
DA:8,0
DA:11,1
DA:13,1
DA:14,1
DA:16,0
DA:20,0
DA:21,0
DA:23,0
DA:27,2
DA:29,1
DA:32,2
DA:33,1
DA:36,1
DA:37,1
DA:46,1
DA:51,0
DA:54,3
DA:55,2
DA:59,2
DA:60,4
DA:61,4
DA:62,4
DA:63,4
DA:66,2
DA:67,2
DA:69,1
DA:70,1
DA:75,0
DA:76,0
DA:77,0
DA:78,0
DA:80,0
DA:81,0
DA:82,0
DA:84,1
DA:85,1
DA:86,1
DA:88,0
DA:89,0
DA:90,0
DA:92,0
DA:93,0
DA:94,0
DA:95,0
DA:97,0
DA:98,0
DA:99,0
DA:100,0
DA:102,0
DA:103,0
DA:104,0
DA:106,2
DA:108,0
DA:109,0
DA:111,4
DA:113,1
DA:114,1
DA:120,2
DA:121,2
DA:125,2
DA:128,2
DA:129,2
DA:130,2
DA:131,2
DA:137,12
DA:138,12
DA:139,12
DA:140,12
DA:141,1
DA:142,1
DA:143,2
DA:145,1
DA:147,1
DA:148,1
DA:154,12
DA:155,12
DA:157,12
DA:158,7
DA:159,7
DA:160,0
DA:163,12
DA:165,12
DA:167,12
DA:169,12
DA:171,0
DA:173,12
DA:174,0
DA:176,12
DA:183,2
DA:184,2
DA:185,2
DA:186,2
DA:187,2
DA:189,12
DA:190,12
DA:192,14
DA:195,1
DA:203,1
DA:204,1
DA:205,1
DA:207,1
DA:212,2
DA:213,2
LF:105
LH:73
BRDA:5,0,0,2
BRDA:5,0,1,2
BRDA:5,0,2,2
BRDA:7,1,0,1
BRDA:7,1,1,0
BRDA:11,2,0,1
BRDA:11,2,1,1
BRDA:27,3,0,1
BRDA:27,3,1,1
BRDA:29,4,0,1
BRDA:29,4,1,1
BRDA:32,5,0,2
BRDA:32,5,1,2
BRDA:32,5,2,2
BRDA:36,6,0,0
BRDA:36,6,1,1
BRDA:50,7,0,1
BRDA:50,7,1,1
BRDA:59,8,0,0
BRDA:59,8,1,2
BRDA:61,9,0,0
BRDA:61,9,1,4
BRDA:61,10,0,4
BRDA:61,10,1,0
BRDA:61,10,2,0
BRDA:61,11,0,0
BRDA:61,11,1,0
BRDA:61,12,0,0
BRDA:61,12,1,0
BRDA:61,13,0,0
BRDA:61,13,1,0
BRDA:61,14,0,0
BRDA:61,14,1,0
BRDA:62,15,0,0
BRDA:62,15,1,4
BRDA:63,16,0,2
BRDA:63,16,1,2
BRDA:63,16,2,1
BRDA:63,16,3,0
BRDA:63,16,4,0
BRDA:63,16,5,1
BRDA:84,17,0,1
BRDA:84,17,1,0
BRDA:84,18,0,1
BRDA:84,18,1,1
BRDA:84,18,2,1
BRDA:84,19,0,1
BRDA:84,19,1,0
BRDA:88,20,0,0
BRDA:88,20,1,0
BRDA:88,21,0,0
BRDA:88,21,1,0
BRDA:88,21,2,0
BRDA:88,21,3,0
BRDA:92,22,0,0
BRDA:92,22,1,0
BRDA:92,23,0,0
BRDA:92,23,1,0
BRDA:97,24,0,0
BRDA:97,24,1,0
BRDA:97,25,0,0
BRDA:97,25,1,0
BRDA:102,26,0,0
BRDA:102,26,1,0
BRDA:113,27,0,0
BRDA:113,27,1,1
BRDA:115,28,0,1
BRDA:115,28,1,0
BRDA:120,29,0,2
BRDA:120,29,1,2
BRDA:120,29,2,2
BRDA:121,30,0,2
BRDA:121,30,1,0
BRDA:121,31,0,2
BRDA:121,31,1,2
BRDA:143,32,0,1
BRDA:143,32,1,1
BRDA:159,33,0,0
BRDA:159,33,1,7
BRDA:195,34,0,14
BRDA:195,34,1,7
BRDA:200,35,0,12
BRDA:200,35,1,12
BRDA:207,36,0,1
BRDA:207,36,1,1
BRF:85
BRH:46
end_of_record
TN:
SF:src/components/UserSummaryCard.vue
FN:16,(anonymous_0)
FN:23,(anonymous_1)
FN:34,render
FN:38,(anonymous_3)
FNF:4
FNH:4
FNDA:17,(anonymous_0)
FNDA:1,(anonymous_1)
FNDA:17,render
FNDA:1,(anonymous_3)
DA:3,3
DA:6,3
DA:7,3
DA:17,17
DA:18,17
DA:19,17
DA:24,1
DA:28,3
DA:29,3
DA:30,3
DA:31,3
DA:32,3
DA:33,3
DA:35,17
DA:39,1
DA:40,1
DA:41,1
DA:43,1
DA:58,3
DA:59,3
LF:20
LH:20
BRDA:36,0,0,17
BRDA:36,0,1,17
BRDA:43,1,0,1
BRDA:43,1,1,1
BRF:4
BRH:4
end_of_record
TN:
SF:src/router/index.ts
FNF:0
FNH:0
DA:1,0
DA:3,0
DA:6,0
DA:14,0
DA:19,0
LF:5
LH:0
BRF:0
BRH:0
end_of_record
TN:
SF:src/store/index.ts
FN:28,(anonymous_1)
FN:31,(anonymous_2)
FN:34,(anonymous_3)
FN:37,(anonymous_4)
FN:40,(anonymous_5)
FN:43,(anonymous_6)
FN:46,(anonymous_7)
FN:52,(anonymous_8)
FN:60,(anonymous_9)
FN:60,(anonymous_10)
FN:61,(anonymous_11)
FN:63,(anonymous_12)
FN:66,(anonymous_13)
FNF:13
FNH:0
FNDA:0,(anonymous_1)
FNDA:0,(anonymous_2)
FNDA:0,(anonymous_3)
FNDA:0,(anonymous_4)
FNDA:0,(anonymous_5)
FNDA:0,(anonymous_6)
FNDA:0,(anonymous_7)
FNDA:0,(anonymous_8)
FNDA:0,(anonymous_9)
FNDA:0,(anonymous_10)
FNDA:0,(anonymous_11)
FNDA:0,(anonymous_12)
FNDA:0,(anonymous_13)
DA:1,0
DA:2,0
DA:15,0
DA:29,0
DA:32,0
DA:35,0
DA:38,0
DA:41,0
DA:44,0
DA:47,0
DA:53,0
DA:54,0
DA:55,0
DA:56,0
DA:60,0
DA:61,0
DA:64,0
DA:65,0
DA:66,0
DA:67,0
DA:70,0
DA:71,0
LF:22
LH:0
BRDA:70,0,0,0
BRDA:70,0,1,0
BRDA:71,1,0,0
BRDA:71,1,1,0
BRF:4
BRH:0
end_of_record
TN:
SF:src/views/HomeView.vue
FN:5,(anonymous_0)
FN:6,adopt
FN:7,(anonymous_2)
FN:11,(anonymous_3)
FN:12,fulfilled
FN:19,rejected
FN:26,step
FN:32,(anonymous_7)
FN:35,(anonymous_8)
FN:50,(anonymous_9)
FN:53,verb
FN:54,(anonymous_11)
FN:58,step
FN:120,(anonymous_13)
FN:140,(anonymous_14)
FN:143,(anonymous_15)
FN:147,(anonymous_16)
FN:150,(anonymous_17)
FN:155,(anonymous_18)
FN:158,(anonymous_19)
FN:162,(anonymous_20)
FN:173,(anonymous_21)
FN:174,(anonymous_22)
FN:175,(anonymous_23)
FN:182,(anonymous_24)
FN:185,(anonymous_25)
FN:188,(anonymous_26)
FN:191,(anonymous_27)
FN:212,render
FNF:29
FNH:17
FNDA:5,(anonymous_0)
FNDA:0,adopt
FNDA:0,(anonymous_2)
FNDA:5,(anonymous_3)
FNDA:0,fulfilled
FNDA:0,rejected
FNDA:5,step
FNDA:5,(anonymous_7)
FNDA:0,(anonymous_8)
FNDA:0,(anonymous_9)
FNDA:15,verb
FNDA:5,(anonymous_11)
FNDA:5,step
FNDA:3,(anonymous_13)
FNDA:5,(anonymous_14)
FNDA:7,(anonymous_15)
FNDA:5,(anonymous_16)
FNDA:0,(anonymous_17)
FNDA:5,(anonymous_18)
FNDA:0,(anonymous_19)
FNDA:5,(anonymous_20)
FNDA:5,(anonymous_21)
FNDA:5,(anonymous_22)
FNDA:5,(anonymous_23)
FNDA:0,(anonymous_24)
FNDA:0,(anonymous_25)
FNDA:0,(anonymous_26)
FNDA:0,(anonymous_27)
FNDA:7,render
DA:5,1
DA:7,0
DA:8,0
DA:11,5
DA:13,0
DA:14,0
DA:16,0
DA:20,0
DA:21,0
DA:23,0
DA:27,5
DA:29,5
DA:32,1
DA:33,5
DA:36,0
DA:37,0
DA:46,5
DA:51,0
DA:54,15
DA:55,5
DA:59,5
DA:60,10
DA:61,10
DA:62,10
DA:63,10
DA:66,5
DA:67,5
DA:69,0
DA:70,0
DA:75,0
DA:76,0
DA:77,0
DA:78,0
DA:80,0
DA:81,0
DA:82,0
DA:84,5
DA:85,5
DA:86,5
DA:88,0
DA:89,0
DA:90,0
DA:92,0
DA:93,0
DA:94,0
DA:95,0
DA:97,0
DA:98,0
DA:99,0
DA:100,0
DA:102,0
DA:103,0
DA:104,0
DA:106,5
DA:108,0
DA:109,0
DA:111,10
DA:113,5
DA:114,5
DA:120,1
DA:121,3
DA:125,1
DA:128,1
DA:129,1
DA:130,1
DA:131,1
DA:132,1
DA:133,1
DA:141,5
DA:142,5
DA:143,5
DA:144,7
DA:146,5
DA:148,5
DA:151,0
DA:154,5
DA:156,5
DA:159,0
DA:162,5
DA:163,5
DA:164,0
DA:168,5
DA:173,5
DA:174,5
DA:175,5
DA:176,5
DA:177,5
DA:182,5
DA:183,0
DA:185,5
DA:186,0
DA:188,5
DA:189,0
DA:191,5
DA:192,0
DA:194,5
DA:206,1
DA:207,1
DA:208,1
DA:209,1
DA:210,1
DA:211,1
DA:213,7
DA:214,7
DA:215,7
DA:216,7
DA:244,1
DA:245,1
LF:108
LH:65
BRDA:5,0,0,1
BRDA:5,0,1,1
BRDA:5,0,2,1
BRDA:7,1,0,0
BRDA:7,1,1,0
BRDA:11,2,0,5
BRDA:11,2,1,5
BRDA:27,3,0,5
BRDA:27,3,1,0
BRDA:29,4,0,5
BRDA:29,4,1,5
BRDA:32,5,0,1
BRDA:32,5,1,1
BRDA:32,5,2,1
BRDA:36,6,0,0
BRDA:36,6,1,0
BRDA:50,7,0,5
BRDA:50,7,1,5
BRDA:59,8,0,0
BRDA:59,8,1,5
BRDA:61,9,0,0
BRDA:61,9,1,10
BRDA:61,10,0,10
BRDA:61,10,1,0
BRDA:61,10,2,0
BRDA:61,11,0,0
BRDA:61,11,1,0
BRDA:61,12,0,0
BRDA:61,12,1,0
BRDA:61,13,0,0
BRDA:61,13,1,0
BRDA:61,14,0,0
BRDA:61,14,1,0
BRDA:62,15,0,0
BRDA:62,15,1,10
BRDA:63,16,0,5
BRDA:63,16,1,5
BRDA:63,16,2,0
BRDA:63,16,3,0
BRDA:63,16,4,0
BRDA:63,16,5,5
BRDA:84,17,0,5
BRDA:84,17,1,0
BRDA:84,18,0,5
BRDA:84,18,1,5
BRDA:84,18,2,5
BRDA:84,19,0,5
BRDA:84,19,1,0
BRDA:88,20,0,0
BRDA:88,20,1,0
BRDA:88,21,0,0
BRDA:88,21,1,0
BRDA:88,21,2,0
BRDA:88,21,3,0
BRDA:92,22,0,0
BRDA:92,22,1,0
BRDA:92,23,0,0
BRDA:92,23,1,0
BRDA:97,24,0,0
BRDA:97,24,1,0
BRDA:97,25,0,0
BRDA:97,25,1,0
BRDA:102,26,0,0
BRDA:102,26,1,0
BRDA:113,27,0,0
BRDA:113,27,1,5
BRDA:115,28,0,5
BRDA:115,28,1,0
BRDA:120,29,0,1
BRDA:120,29,1,1
BRDA:120,29,2,1
BRDA:121,30,0,3
BRDA:121,30,1,0
BRDA:121,31,0,3
BRDA:121,31,1,3
BRDA:148,32,0,5
BRDA:148,32,1,5
BRDA:163,33,0,0
BRDA:163,33,1,5
BRDA:163,34,0,5
BRDA:163,34,1,0
BRDA:234,35,0,2
BRDA:234,35,1,5
BRF:83
BRH:39
end_of_record
